51 132 5971 443 71
GET /loc/get/user1 HTTP/1.0
Host: localhost:80


HTTP/1.1 404
Server: nginx/1.4.1
Date: Mon, 05 Jan 2015 03:00:30 GMT
Connection: close

{ "status": "some 404 error happened" }
112 132 3992 3085 71
POST /loc/put HTTP/1.0
Host: localhost:80
Content-Length: 43

{ "user": "test-user", "lat": 1, "lon": 2 }

HTTP/1.1 404
Server: nginx/1.4.1
Date: Mon, 05 Jan 2015 03:00:31 GMT
Connection: close

{ "status": "some 404 error happened" }
51 132 2174 887 71
GET /loc/get/user1 HTTP/1.0
Host: localhost:80


HTTP/1.1 404
Server: nginx/1.4.1
Date: Mon, 05 Jan 2015 03:00:32 GMT
Connection: close

{ "status": "some 404 error happened" }
112 132 2049 946 71
POST /loc/put HTTP/1.0
Host: localhost:80
Content-Length: 43

{ "user": "test-user", "lat": 1, "lon": 2 }

HTTP/1.1 404
Server: nginx/1.4.1
Date: Mon, 05 Jan 2015 03:00:33 GMT
Connection: close

{ "status": "some 404 error happened" }
51 132 1273 659 71
GET /loc/get/user1 HTTP/1.0
Host: localhost:80


HTTP/1.1 404
Server: nginx/1.4.1
Date: Mon, 05 Jan 2015 03:00:34 GMT
Connection: close

{ "status": "some 404 error happened" }
112 132 1464 672 71
POST /loc/put HTTP/1.0
Host: localhost:80
Content-Length: 43

{ "user": "test-user", "lat": 1, "lon": 2 }

HTTP/1.1 404
Server: nginx/1.4.1
Date: Mon, 05 Jan 2015 03:00:35 GMT
Connection: close

{ "status": "some 404 error happened" }
51 132 1446 158 71
GET /loc/get/user1 HTTP/1.0
Host: localhost:80


HTTP/1.1 404
Server: nginx/1.4.1
Date: Mon, 05 Jan 2015 03:00:36 GMT
Connection: close

{ "status": "some 404 error happened" }
112 132 1278 777 71
POST /loc/put HTTP/1.0
Host: localhost:80
Content-Length: 43

{ "user": "test-user", "lat": 1, "lon": 2 }

HTTP/1.1 404
Server: nginx/1.4.1
Date: Mon, 05 Jan 2015 03:00:37 GMT
Connection: close

{ "status": "some 404 error happened" }
51 132 1248 772 71
GET /loc/get/user1 HTTP/1.0
Host: localhost:80


HTTP/1.1 404
Server: nginx/1.4.1
Date: Mon, 05 Jan 2015 03:00:38 GMT
Connection: close

{ "status": "some 404 error happened" }
112 132 1467 1077 71
POST /loc/put HTTP/1.0
Host: localhost:80
Content-Length: 43

{ "user": "test-user", "lat": 1, "lon": 2 }

HTTP/1.1 404
Server: nginx/1.4.1
Date: Mon, 05 Jan 2015 03:00:39 GMT
Connection: close

{ "status": "some 404 error happened" }
51 132 1910 793 71
GET /loc/get/user1 HTTP/1.0
Host: localhost:80


HTTP/1.1 404
Server: nginx/1.4.1
Date: Mon, 05 Jan 2015 03:00:40 GMT
Connection: close

{ "status": "some 404 error happened" }
112 132 1853 942 71
POST /loc/put HTTP/1.0
Host: localhost:80
Content-Length: 43

{ "user": "test-user", "lat": 1, "lon": 2 }

HTTP/1.1 404
Server: nginx/1.4.1
Date: Mon, 05 Jan 2015 03:00:41 GMT
Connection: close

{ "status": "some 404 error happened" }
51 132 1210 705 71
GET /loc/get/user1 HTTP/1.0
Host: localhost:80


HTTP/1.1 404
Server: nginx/1.4.1
Date: Mon, 05 Jan 2015 03:00:42 GMT
Connection: close

{ "status": "some 404 error happened" }
112 132 1246 718 71
POST /loc/put HTTP/1.0
Host: localhost:80
Content-Length: 43

{ "user": "test-user", "lat": 1, "lon": 2 }

HTTP/1.1 404
Server: nginx/1.4.1
Date: Mon, 05 Jan 2015 03:00:43 GMT
Connection: close

{ "status": "some 404 error happened" }
51 132 1489 945 71
GET /loc/get/user1 HTTP/1.0
Host: localhost:80


HTTP/1.1 404
Server: nginx/1.4.1
Date: Mon, 05 Jan 2015 03:00:44 GMT
Connection: close

{ "status": "some 404 error happened" }
112 132 1960 1269 71
POST /loc/put HTTP/1.0
Host: localhost:80
Content-Length: 43

{ "user": "test-user", "lat": 1, "lon": 2 }

HTTP/1.1 404
Server: nginx/1.4.1
Date: Mon, 05 Jan 2015 03:00:45 GMT
Connection: close

{ "status": "some 404 error happened" }
51 132 1286 828 71
GET /loc/get/user1 HTTP/1.0
Host: localhost:80


HTTP/1.1 404
Server: nginx/1.4.1
Date: Mon, 05 Jan 2015 03:00:46 GMT
Connection: close

{ "status": "some 404 error happened" }
112 132 1365 728 71
POST /loc/put HTTP/1.0
Host: localhost:80
Content-Length: 43

{ "user": "test-user", "lat": 1, "lon": 2 }

HTTP/1.1 404
Server: nginx/1.4.1
Date: Mon, 05 Jan 2015 03:00:47 GMT
Connection: close

{ "status": "some 404 error happened" }
51 132 1208 701 71
GET /loc/get/user1 HTTP/1.0
Host: localhost:80


HTTP/1.1 404
Server: nginx/1.4.1
Date: Mon, 05 Jan 2015 03:00:48 GMT
Connection: close

{ "status": "some 404 error happened" }
112 132 1374 811 71
POST /loc/put HTTP/1.0
Host: localhost:80
Content-Length: 43

{ "user": "test-user", "lat": 1, "lon": 2 }

HTTP/1.1 404
Server: nginx/1.4.1
Date: Mon, 05 Jan 2015 03:00:49 GMT
Connection: close

{ "status": "some 404 error happened" }
51 132 1194 700 71
GET /loc/get/user1 HTTP/1.0
Host: localhost:80


HTTP/1.1 404
Server: nginx/1.4.1
Date: Mon, 05 Jan 2015 03:00:50 GMT
Connection: close

{ "status": "some 404 error happened" }
112 132 1275 756 71
POST /loc/put HTTP/1.0
Host: localhost:80
Content-Length: 43

{ "user": "test-user", "lat": 1, "lon": 2 }

HTTP/1.1 404
Server: nginx/1.4.1
Date: Mon, 05 Jan 2015 03:00:51 GMT
Connection: close

{ "status": "some 404 error happened" }
51 132 1328 777 71
GET /loc/get/user1 HTTP/1.0
Host: localhost:80


HTTP/1.1 404
Server: nginx/1.4.1
Date: Mon, 05 Jan 2015 03:00:52 GMT
Connection: close

{ "status": "some 404 error happened" }
112 132 1376 930 71
POST /loc/put HTTP/1.0
Host: localhost:80
Content-Length: 43

{ "user": "test-user", "lat": 1, "lon": 2 }

HTTP/1.1 404
Server: nginx/1.4.1
Date: Mon, 05 Jan 2015 03:00:53 GMT
Connection: close

{ "status": "some 404 error happened" }
51 132 1289 786 71
GET /loc/get/user1 HTTP/1.0
Host: localhost:80


HTTP/1.1 404
Server: nginx/1.4.1
Date: Mon, 05 Jan 2015 03:00:54 GMT
Connection: close

{ "status": "some 404 error happened" }
112 132 1260 721 71
POST /loc/put HTTP/1.0
Host: localhost:80
Content-Length: 43

{ "user": "test-user", "lat": 1, "lon": 2 }

HTTP/1.1 404
Server: nginx/1.4.1
Date: Mon, 05 Jan 2015 03:00:55 GMT
Connection: close

{ "status": "some 404 error happened" }
51 132 4467 3314 71
GET /loc/get/user1 HTTP/1.0
Host: localhost:80


HTTP/1.1 404
Server: nginx/1.4.1
Date: Mon, 05 Jan 2015 03:00:56 GMT
Connection: close

{ "status": "some 404 error happened" }
112 132 1417 948 71
POST /loc/put HTTP/1.0
Host: localhost:80
Content-Length: 43

{ "user": "test-user", "lat": 1, "lon": 2 }

HTTP/1.1 404
Server: nginx/1.4.1
Date: Mon, 05 Jan 2015 03:00:57 GMT
Connection: close

{ "status": "some 404 error happened" }
51 132 1271 745 71
GET /loc/get/user1 HTTP/1.0
Host: localhost:80


HTTP/1.1 404
Server: nginx/1.4.1
Date: Mon, 05 Jan 2015 03:00:58 GMT
Connection: close

{ "status": "some 404 error happened" }
112 132 1336 871 71
POST /loc/put HTTP/1.0
Host: localhost:80
Content-Length: 43

{ "user": "test-user", "lat": 1, "lon": 2 }

HTTP/1.1 404
Server: nginx/1.4.1
Date: Mon, 05 Jan 2015 03:00:59 GMT
Connection: close

{ "status": "some 404 error happened" }
51 132 1144 678 71
GET /loc/get/user1 HTTP/1.0
Host: localhost:80


HTTP/1.1 404
Server: nginx/1.4.1
Date: Mon, 05 Jan 2015 03:01:00 GMT
Connection: close

{ "status": "some 404 error happened" }
112 132 1504 901 71
POST /loc/put HTTP/1.0
Host: localhost:80
Content-Length: 43

{ "user": "test-user", "lat": 1, "lon": 2 }

HTTP/1.1 404
Server: nginx/1.4.1
Date: Mon, 05 Jan 2015 03:01:01 GMT
Connection: close

{ "status": "some 404 error happened" }
51 132 1157 649 71
GET /loc/get/user1 HTTP/1.0
Host: localhost:80


HTTP/1.1 404
Server: nginx/1.4.1
Date: Mon, 05 Jan 2015 03:01:02 GMT
Connection: close

{ "status": "some 404 error happened" }
112 132 1474 946 71
POST /loc/put HTTP/1.0
Host: localhost:80
Content-Length: 43

{ "user": "test-user", "lat": 1, "lon": 2 }

HTTP/1.1 404
Server: nginx/1.4.1
Date: Mon, 05 Jan 2015 03:01:03 GMT
Connection: close

{ "status": "some 404 error happened" }
51 132 1273 781 71
GET /loc/get/user1 HTTP/1.0
Host: localhost:80


HTTP/1.1 404
Server: nginx/1.4.1
Date: Mon, 05 Jan 2015 03:01:04 GMT
Connection: close

{ "status": "some 404 error happened" }
112 132 1178 679 71
POST /loc/put HTTP/1.0
Host: localhost:80
Content-Length: 43

{ "user": "test-user", "lat": 1, "lon": 2 }

HTTP/1.1 404
Server: nginx/1.4.1
Date: Mon, 05 Jan 2015 03:01:05 GMT
Connection: close

{ "status": "some 404 error happened" }
51 132 1555 795 71
GET /loc/get/user1 HTTP/1.0
Host: localhost:80


HTTP/1.1 404
Server: nginx/1.4.1
Date: Mon, 05 Jan 2015 03:01:06 GMT
Connection: close

{ "status": "some 404 error happened" }
112 132 1487 791 71
POST /loc/put HTTP/1.0
Host: localhost:80
Content-Length: 43

{ "user": "test-user", "lat": 1, "lon": 2 }

HTTP/1.1 404
Server: nginx/1.4.1
Date: Mon, 05 Jan 2015 03:01:07 GMT
Connection: close

{ "status": "some 404 error happened" }
51 132 1221 729 71
GET /loc/get/user1 HTTP/1.0
Host: localhost:80


HTTP/1.1 404
Server: nginx/1.4.1
Date: Mon, 05 Jan 2015 03:01:08 GMT
Connection: close

{ "status": "some 404 error happened" }
112 132 1389 907 71
POST /loc/put HTTP/1.0
Host: localhost:80
Content-Length: 43

{ "user": "test-user", "lat": 1, "lon": 2 }

HTTP/1.1 404
Server: nginx/1.4.1
Date: Mon, 05 Jan 2015 03:01:09 GMT
Connection: close

{ "status": "some 404 error happened" }
51 132 1017 577 71
GET /loc/get/user1 HTTP/1.0
Host: localhost:80


HTTP/1.1 404
Server: nginx/1.4.1
Date: Mon, 05 Jan 2015 03:01:10 GMT
Connection: close

{ "status": "some 404 error happened" }
112 132 1538 1010 71
POST /loc/put HTTP/1.0
Host: localhost:80
Content-Length: 43

{ "user": "test-user", "lat": 1, "lon": 2 }

HTTP/1.1 404
Server: nginx/1.4.1
Date: Mon, 05 Jan 2015 03:01:11 GMT
Connection: close

{ "status": "some 404 error happened" }
51 132 1347 757 71
GET /loc/get/user1 HTTP/1.0
Host: localhost:80


HTTP/1.1 404
Server: nginx/1.4.1
Date: Mon, 05 Jan 2015 03:01:12 GMT
Connection: close

{ "status": "some 404 error happened" }
112 132 1239 705 71
POST /loc/put HTTP/1.0
Host: localhost:80
Content-Length: 43

{ "user": "test-user", "lat": 1, "lon": 2 }

HTTP/1.1 404
Server: nginx/1.4.1
Date: Mon, 05 Jan 2015 03:01:13 GMT
Connection: close

{ "status": "some 404 error happened" }
51 132 2711 1829 71
GET /loc/get/user1 HTTP/1.0
Host: localhost:80


HTTP/1.1 404
Server: nginx/1.4.1
Date: Mon, 05 Jan 2015 03:01:14 GMT
Connection: close

{ "status": "some 404 error happened" }
112 132 1385 805 71
POST /loc/put HTTP/1.0
Host: localhost:80
Content-Length: 43

{ "user": "test-user", "lat": 1, "lon": 2 }

HTTP/1.1 404
Server: nginx/1.4.1
Date: Mon, 05 Jan 2015 03:01:15 GMT
Connection: close

{ "status": "some 404 error happened" }
51 132 2028 1329 71
GET /loc/get/user1 HTTP/1.0
Host: localhost:80


HTTP/1.1 404
Server: nginx/1.4.1
Date: Mon, 05 Jan 2015 03:01:16 GMT
Connection: close

{ "status": "some 404 error happened" }
112 132 1513 1010 71
POST /loc/put HTTP/1.0
Host: localhost:80
Content-Length: 43

{ "user": "test-user", "lat": 1, "lon": 2 }

HTTP/1.1 404
Server: nginx/1.4.1
Date: Mon, 05 Jan 2015 03:01:17 GMT
Connection: close

{ "status": "some 404 error happened" }
51 132 1378 902 71
GET /loc/get/user1 HTTP/1.0
Host: localhost:80


HTTP/1.1 404
Server: nginx/1.4.1
Date: Mon, 05 Jan 2015 03:01:18 GMT
Connection: close

{ "status": "some 404 error happened" }
112 132 1350 847 71
POST /loc/put HTTP/1.0
Host: localhost:80
Content-Length: 43

{ "user": "test-user", "lat": 1, "lon": 2 }

HTTP/1.1 404
Server: nginx/1.4.1
Date: Mon, 05 Jan 2015 03:01:19 GMT
Connection: close

{ "status": "some 404 error happened" }
51 132 1355 739 71
GET /loc/get/user1 HTTP/1.0
Host: localhost:80


HTTP/1.1 404
Server: nginx/1.4.1
Date: Mon, 05 Jan 2015 03:01:20 GMT
Connection: close

{ "status": "some 404 error happened" }
112 132 1375 922 71
POST /loc/put HTTP/1.0
Host: localhost:80
Content-Length: 43

{ "user": "test-user", "lat": 1, "lon": 2 }

HTTP/1.1 404
Server: nginx/1.4.1
Date: Mon, 05 Jan 2015 03:01:21 GMT
Connection: close

{ "status": "some 404 error happened" }
51 132 1195 665 71
GET /loc/get/user1 HTTP/1.0
Host: localhost:80


HTTP/1.1 404
Server: nginx/1.4.1
Date: Mon, 05 Jan 2015 03:01:22 GMT
Connection: close

{ "status": "some 404 error happened" }
112 132 1703 958 71
POST /loc/put HTTP/1.0
Host: localhost:80
Content-Length: 43

{ "user": "test-user", "lat": 1, "lon": 2 }

HTTP/1.1 404
Server: nginx/1.4.1
Date: Mon, 05 Jan 2015 03:01:23 GMT
Connection: close

{ "status": "some 404 error happened" }
51 132 1681 846 71
GET /loc/get/user1 HTTP/1.0
Host: localhost:80


HTTP/1.1 404
Server: nginx/1.4.1
Date: Mon, 05 Jan 2015 03:01:24 GMT
Connection: close

{ "status": "some 404 error happened" }
112 132 1272 744 71
POST /loc/put HTTP/1.0
Host: localhost:80
Content-Length: 43

{ "user": "test-user", "lat": 1, "lon": 2 }

HTTP/1.1 404
Server: nginx/1.4.1
Date: Mon, 05 Jan 2015 03:01:25 GMT
Connection: close

{ "status": "some 404 error happened" }
51 132 1180 673 71
GET /loc/get/user1 HTTP/1.0
Host: localhost:80


HTTP/1.1 404
Server: nginx/1.4.1
Date: Mon, 05 Jan 2015 03:01:26 GMT
Connection: close

{ "status": "some 404 error happened" }
112 132 1255 739 71
POST /loc/put HTTP/1.0
Host: localhost:80
Content-Length: 43

{ "user": "test-user", "lat": 1, "lon": 2 }

HTTP/1.1 404
Server: nginx/1.4.1
Date: Mon, 05 Jan 2015 03:01:27 GMT
Connection: close

{ "status": "some 404 error happened" }
51 132 1256 787 71
GET /loc/get/user1 HTTP/1.0
Host: localhost:80


HTTP/1.1 404
Server: nginx/1.4.1
Date: Mon, 05 Jan 2015 03:01:28 GMT
Connection: close

{ "status": "some 404 error happened" }
112 132 1345 706 71
POST /loc/put HTTP/1.0
Host: localhost:80
Content-Length: 43

{ "user": "test-user", "lat": 1, "lon": 2 }

HTTP/1.1 404
Server: nginx/1.4.1
Date: Mon, 05 Jan 2015 03:01:29 GMT
Connection: close

{ "status": "some 404 error happened" }
