"2015-01-05 03:00:31.919 +0000" : {
  "main_scheduler" : {
    "bqs" : {
      "02604" : {
        "mmconts" : [0, 31, 47],
        "acts" : [508, 447],
        "tstate" : { "idle" : 1027805, "run" : 52725, "locked" : 55379, "mmap" : 96 }
      },
      "02605" : {
        "mmconts" : [0, 32, 34],
        "acts" : [7, 6],
        "tstate" : { "idle" : 991461, "run" : 105896, "locked" : 31223, "mmap" : 7269 }
      }
    }
  },
  "benchmark_io" : {
    "simple_times" : {
      "mcount" : {
        "mcount" : { "4 -- 6" : 1, "2 -- 4" : 1 }
      }
    },
    "stream_method" : {
      "conns" : [2, 1],
      "in" : [264, 232],
      "out" : [163, 143],
      "mmtasks" : [0, 0, 1],
      "load" : 0.645,
      "mcount" : {
        "mcount" : { "Protocol error" : 2 }
      },
      "http_proto0" : {
        "mcount" : {
          "mcount" : { }
        }
      },
      "source_log" : {
        "delta" : [0, 0, 1228]
      },
      "loggers" : {
        "brief_logger" : {
          "records" : [2, 1],
          "out" : [116, 101]
        },
        "benchmark_logger" : {
          "records" : [2, 1],
          "out" : [471, 412]
        }
      }
    }
  }
},
"2015-01-05 03:00:32.920 +0000" : {
  "main_scheduler" : {
    "bqs" : {
      "02604" : {
        "mmconts" : [32, 32, 32],
        "acts" : [3, 2],
        "tstate" : { "idle" : 993066, "run" : 8290, "locked" : 0, "mmap" : 0 }
      },
      "02605" : {
        "mmconts" : [31, 31, 32],
        "acts" : [5, 4],
        "tstate" : { "idle" : 990501, "run" : 10855, "locked" : 0, "mmap" : 0 }
      }
    }
  },
  "benchmark_io" : {
    "simple_times" : {
      "mcount" : {
        "mcount" : { "1 -- 2" : 1 }
      }
    },
    "stream_method" : {
      "conns" : [1, 0],
      "in" : [132, 131],
      "out" : [51, 50],
      "mmtasks" : [0, 0, 1],
      "load" : 0.591,
      "mcount" : {
        "mcount" : { "Protocol error" : 1 }
      },
      "http_proto0" : {
        "mcount" : {
          "mcount" : { }
        }
      },
      "source_log" : {
        "delta" : [0, 0, 0]
      },
      "loggers" : {
        "brief_logger" : {
          "records" : [1, 0],
          "out" : [56, 55]
        },
        "benchmark_logger" : {
          "records" : [1, 0],
          "out" : [204, 203]
        }
      }
    }
  }
},
"2015-01-05 03:00:33.919 +0000" : {
  "main_scheduler" : {
    "bqs" : {
      "02604" : {
        "mmconts" : [31, 31, 32],
        "acts" : [6, 6],
        "tstate" : { "idle" : 986067, "run" : 12701, "locked" : 0, "mmap" : 0 }
      },
      "02605" : {
        "mmconts" : [31, 31, 31],
        "acts" : [2, 2],
        "tstate" : { "idle" : 989290, "run" : 9472, "locked" : 0, "mmap" : 0 }
      }
    }
  },
  "benchmark_io" : {
    "simple_times" : {
      "mcount" : {
        "mcount" : { "1 -- 2" : 1 }
      }
    },
    "stream_method" : {
      "conns" : [1, 1],
      "in" : [132, 132],
      "out" : [112, 112],
      "mmtasks" : [0, 0, 1],
      "load" : 0.538,
      "mcount" : {
        "mcount" : { "Protocol error" : 1 }
      },
      "http_proto0" : {
        "mcount" : {
          "mcount" : { }
        }
      },
      "source_log" : {
        "delta" : [0, 0, 0]
      },
      "loggers" : {
        "brief_logger" : {
          "records" : [1, 1],
          "out" : [57, 57]
        },
        "benchmark_logger" : {
          "records" : [1, 1],
          "out" : [266, 266]
        }
      }
    }
  }
},
"2015-01-05 03:00:34.919 +0000" : {
  "main_scheduler" : {
    "bqs" : {
      "02604" : {
        "mmconts" : [31, 31, 31],
        "acts" : [3, 3],
        "tstate" : { "idle" : 990063, "run" : 9905, "locked" : 0, "mmap" : 0 }
      },
      "02605" : {
        "mmconts" : [30, 30, 31],
        "acts" : [5, 5],
        "tstate" : { "idle" : 990314, "run" : 9652, "locked" : 0, "mmap" : 0 }
      }
    }
  },
  "benchmark_io" : {
    "simple_times" : {
      "mcount" : {
        "mcount" : { "1 -- 1" : 1 }
      }
    },
    "stream_method" : {
      "conns" : [1, 1],
      "in" : [132, 132],
      "out" : [51, 51],
      "mmtasks" : [0, 0, 1],
      "load" : 0.482,
      "mcount" : {
        "mcount" : { "Protocol error" : 1 }
      },
      "http_proto0" : {
        "mcount" : {
          "mcount" : { }
        }
      },
      "source_log" : {
        "delta" : [0, 0, 0]
      },
      "loggers" : {
        "brief_logger" : {
          "records" : [1, 1],
          "out" : [55, 55]
        },
        "benchmark_logger" : {
          "records" : [1, 1],
          "out" : [204, 204]
        }
      }
    }
  }
},
"2015-01-05 03:00:35.919 +0000" : {
  "main_scheduler" : {
    "bqs" : {
      "02604" : {
        "mmconts" : [31, 31, 31],
        "acts" : [3, 2],
        "tstate" : { "idle" : 991003, "run" : 9387, "locked" : 0, "mmap" : 0 }
      },
      "02605" : {
        "mmconts" : [29, 29, 30],
        "acts" : [5, 4],
        "tstate" : { "idle" : 990230, "run" : 10161, "locked" : 0, "mmap" : 0 }
      }
    }
  },
  "benchmark_io" : {
    "simple_times" : {
      "mcount" : {
        "mcount" : { "1 -- 1" : 1 }
      }
    },
    "stream_method" : {
      "conns" : [1, 0],
      "in" : [132, 131],
      "out" : [112, 111],
      "mmtasks" : [0, 0, 1],
      "load" : 0.540,
      "mcount" : {
        "mcount" : { "Protocol error" : 1 }
      },
      "http_proto0" : {
        "mcount" : {
          "mcount" : { }
        }
      },
      "source_log" : {
        "delta" : [0, 0, 0]
      },
      "loggers" : {
        "brief_logger" : {
          "records" : [1, 0],
          "out" : [56, 55]
        },
        "benchmark_logger" : {
          "records" : [1, 0],
          "out" : [266, 265]
        }
      }
    }
  }
},
"2015-01-05 03:00:36.920 +0000" : {
  "main_scheduler" : {
    "bqs" : {
      "02604" : {
        "mmconts" : [30, 30, 31],
        "acts" : [6, 5],
        "tstate" : { "idle" : 988455, "run" : 11707, "locked" : 0, "mmap" : 0 }
      },
      "02605" : {
        "mmconts" : [29, 29, 29],
        "acts" : [2, 1],
        "tstate" : { "idle" : 991306, "run" : 8856, "locked" : 0, "mmap" : 0 }
      }
    }
  },
  "benchmark_io" : {
    "simple_times" : {
      "mcount" : {
        "mcount" : { "1 -- 1" : 1 }
      }
    },
    "stream_method" : {
      "conns" : [1, 0],
      "in" : [132, 131],
      "out" : [51, 50],
      "mmtasks" : [0, 0, 1],
      "load" : 0.890,
      "mcount" : {
        "mcount" : { "Protocol error" : 1 }
      },
      "http_proto0" : {
        "mcount" : {
          "mcount" : { }
        }
      },
      "source_log" : {
        "delta" : [0, 0, 0]
      },
      "loggers" : {
        "brief_logger" : {
          "records" : [1, 0],
          "out" : [55, 54]
        },
        "benchmark_logger" : {
          "records" : [1, 0],
          "out" : [204, 203]
        }
      }
    }
  }
},
"2015-01-05 03:00:37.919 +0000" : {
  "main_scheduler" : {
    "bqs" : {
      "02604" : {
        "mmconts" : [29, 29, 30],
        "acts" : [6, 6],
        "tstate" : { "idle" : 988410, "run" : 11273, "locked" : 0, "mmap" : 0 }
      },
      "02605" : {
        "mmconts" : [29, 29, 29],
        "acts" : [2, 2],
        "tstate" : { "idle" : 988607, "run" : 11076, "locked" : 0, "mmap" : 0 }
      }
    }
  },
  "benchmark_io" : {
    "simple_times" : {
      "mcount" : {
        "mcount" : { "1 -- 1" : 1 }
      }
    },
    "stream_method" : {
      "conns" : [1, 1],
      "in" : [132, 132],
      "out" : [112, 112],
      "mmtasks" : [0, 0, 1],
      "load" : 0.392,
      "mcount" : {
        "mcount" : { "Protocol error" : 1 }
      },
      "http_proto0" : {
        "mcount" : {
          "mcount" : { }
        }
      },
      "source_log" : {
        "delta" : [0, 0, 0]
      },
      "loggers" : {
        "brief_logger" : {
          "records" : [1, 1],
          "out" : [56, 56]
        },
        "benchmark_logger" : {
          "records" : [1, 1],
          "out" : [266, 266]
        }
      }
    }
  }
},
"2015-01-05 03:00:38.919 +0000" : {
  "main_scheduler" : {
    "bqs" : {
      "02604" : {
        "mmconts" : [29, 29, 29],
        "acts" : [3, 3],
        "tstate" : { "idle" : 988536, "run" : 10863, "locked" : 0, "mmap" : 0 }
      },
      "02605" : {
        "mmconts" : [28, 28, 29],
        "acts" : [5, 5],
        "tstate" : { "idle" : 988937, "run" : 10461, "locked" : 0, "mmap" : 0 }
      }
    }
  },
  "benchmark_io" : {
    "simple_times" : {
      "mcount" : {
        "mcount" : { "1 -- 1" : 1 }
      }
    },
    "stream_method" : {
      "conns" : [1, 1],
      "in" : [132, 132],
      "out" : [51, 51],
      "mmtasks" : [0, 0, 1],
      "load" : 0.381,
      "mcount" : {
        "mcount" : { "Protocol error" : 1 }
      },
      "http_proto0" : {
        "mcount" : {
          "mcount" : { }
        }
      },
      "source_log" : {
        "delta" : [0, 0, 0]
      },
      "loggers" : {
        "brief_logger" : {
          "records" : [1, 1],
          "out" : [55, 55]
        },
        "benchmark_logger" : {
          "records" : [1, 1],
          "out" : [204, 204]
        }
      }
    }
  }
},
"2015-01-05 03:00:39.919 +0000" : {
  "main_scheduler" : {
    "bqs" : {
      "02604" : {
        "mmconts" : [28, 28, 29],
        "acts" : [6, 5],
        "tstate" : { "idle" : 990753, "run" : 10032, "locked" : 0, "mmap" : 0 }
      },
      "02605" : {
        "mmconts" : [28, 28, 28],
        "acts" : [2, 1],
        "tstate" : { "idle" : 991793, "run" : 8991, "locked" : 0, "mmap" : 0 }
      }
    }
  },
  "benchmark_io" : {
    "simple_times" : {
      "mcount" : {
        "mcount" : { "1 -- 1" : 1 }
      }
    },
    "stream_method" : {
      "conns" : [1, 0],
      "in" : [132, 131],
      "out" : [112, 111],
      "mmtasks" : [0, 0, 1],
      "load" : 0.265,
      "mcount" : {
        "mcount" : { "Protocol error" : 1 }
      },
      "http_proto0" : {
        "mcount" : {
          "mcount" : { }
        }
      },
      "source_log" : {
        "delta" : [0, 0, 0]
      },
      "loggers" : {
        "brief_logger" : {
          "records" : [1, 0],
          "out" : [58, 57]
        },
        "benchmark_logger" : {
          "records" : [1, 0],
          "out" : [267, 266]
        }
      }
    }
  }
},
"2015-01-05 03:00:40.919 +0000" : {
  "main_scheduler" : {
    "bqs" : {
      "02604" : {
        "mmconts" : [27, 27, 28],
        "acts" : [6, 6],
        "tstate" : { "idle" : 988208, "run" : 11545, "locked" : 0, "mmap" : 0 }
      },
      "02605" : {
        "mmconts" : [28, 28, 28],
        "acts" : [2, 2],
        "tstate" : { "idle" : 989759, "run" : 9992, "locked" : 0, "mmap" : 0 }
      }
    }
  },
  "benchmark_io" : {
    "simple_times" : {
      "mcount" : {
        "mcount" : { "1 -- 2" : 1 }
      }
    },
    "stream_method" : {
      "conns" : [1, 1],
      "in" : [132, 132],
      "out" : [51, 51],
      "mmtasks" : [0, 0, 1],
      "load" : 0.584,
      "mcount" : {
        "mcount" : { "Protocol error" : 1 }
      },
      "http_proto0" : {
        "mcount" : {
          "mcount" : { }
        }
      },
      "source_log" : {
        "delta" : [0, 0, 0]
      },
      "loggers" : {
        "brief_logger" : {
          "records" : [1, 1],
          "out" : [56, 56]
        },
        "benchmark_logger" : {
          "records" : [1, 1],
          "out" : [204, 204]
        }
      }
    }
  }
},
"2015-01-05 03:00:41.920 +0000" : {
  "main_scheduler" : {
    "bqs" : {
      "02604" : {
        "mmconts" : [27, 27, 27],
        "acts" : [3, 2],
        "tstate" : { "idle" : 993105, "run" : 8253, "locked" : 0, "mmap" : 0 }
      },
      "02605" : {
        "mmconts" : [27, 27, 28],
        "acts" : [5, 4],
        "tstate" : { "idle" : 992136, "run" : 9231, "locked" : 0, "mmap" : 0 }
      }
    }
  },
  "benchmark_io" : {
    "simple_times" : {
      "mcount" : {
        "mcount" : { "1 -- 2" : 1 }
      }
    },
    "stream_method" : {
      "conns" : [1, 0],
      "in" : [132, 131],
      "out" : [112, 111],
      "mmtasks" : [0, 0, 1],
      "load" : 0.491,
      "mcount" : {
        "mcount" : { "Protocol error" : 1 }
      },
      "http_proto0" : {
        "mcount" : {
          "mcount" : { }
        }
      },
      "source_log" : {
        "delta" : [0, 0, 0]
      },
      "loggers" : {
        "brief_logger" : {
          "records" : [1, 0],
          "out" : [56, 55]
        },
        "benchmark_logger" : {
          "records" : [1, 0],
          "out" : [266, 265]
        }
      }
    }
  }
},
"2015-01-05 03:00:42.920 +0000" : {
  "main_scheduler" : {
    "bqs" : {
      "02604" : {
        "mmconts" : [27, 27, 27],
        "acts" : [3, 3],
        "tstate" : { "idle" : 988405, "run" : 11086, "locked" : 0, "mmap" : 0 }
      },
      "02605" : {
        "mmconts" : [26, 26, 27],
        "acts" : [5, 5],
        "tstate" : { "idle" : 988105, "run" : 11382, "locked" : 0, "mmap" : 0 }
      }
    }
  },
  "benchmark_io" : {
    "simple_times" : {
      "mcount" : {
        "mcount" : { "1 -- 1" : 1 }
      }
    },
    "stream_method" : {
      "conns" : [1, 1],
      "in" : [132, 132],
      "out" : [51, 51],
      "mmtasks" : [0, 0, 1],
      "load" : 0.417,
      "mcount" : {
        "mcount" : { "Protocol error" : 1 }
      },
      "http_proto0" : {
        "mcount" : {
          "mcount" : { }
        }
      },
      "source_log" : {
        "delta" : [0, 0, 0]
      },
      "loggers" : {
        "brief_logger" : {
          "records" : [1, 1],
          "out" : [55, 55]
        },
        "benchmark_logger" : {
          "records" : [1, 1],
          "out" : [204, 204]
        }
      }
    }
  }
},
"2015-01-05 03:00:43.919 +0000" : {
  "main_scheduler" : {
    "bqs" : {
      "02604" : {
        "mmconts" : [27, 27, 27],
        "acts" : [3, 3],
        "tstate" : { "idle" : 989139, "run" : 10196, "locked" : 0, "mmap" : 0 }
      },
      "02605" : {
        "mmconts" : [25, 25, 26],
        "acts" : [5, 5],
        "tstate" : { "idle" : 988765, "run" : 10575, "locked" : 0, "mmap" : 0 }
      }
    }
  },
  "benchmark_io" : {
    "simple_times" : {
      "mcount" : {
        "mcount" : { "1 -- 1" : 1 }
      }
    },
    "stream_method" : {
      "conns" : [1, 1],
      "in" : [132, 132],
      "out" : [112, 112],
      "mmtasks" : [0, 0, 1],
      "load" : 0.423,
      "mcount" : {
        "mcount" : { "Protocol error" : 1 }
      },
      "http_proto0" : {
        "mcount" : {
          "mcount" : { }
        }
      },
      "source_log" : {
        "delta" : [0, 0, 0]
      },
      "loggers" : {
        "brief_logger" : {
          "records" : [1, 1],
          "out" : [56, 56]
        },
        "benchmark_logger" : {
          "records" : [1, 1],
          "out" : [266, 266]
        }
      }
    }
  }
},
"2015-01-05 03:00:44.920 +0000" : {
  "main_scheduler" : {
    "bqs" : {
      "02604" : {
        "mmconts" : [27, 27, 27],
        "acts" : [3, 2],
        "tstate" : { "idle" : 989262, "run" : 10902, "locked" : 0, "mmap" : 0 }
      },
      "02605" : {
        "mmconts" : [24, 24, 25],
        "acts" : [5, 4],
        "tstate" : { "idle" : 989845, "run" : 10313, "locked" : 0, "mmap" : 0 }
      }
    }
  },
  "benchmark_io" : {
    "simple_times" : {
      "mcount" : {
        "mcount" : { "1 -- 1" : 1 }
      }
    },
    "stream_method" : {
      "conns" : [1, 0],
      "in" : [132, 131],
      "out" : [51, 50],
      "mmtasks" : [0, 0, 1],
      "load" : 0.365,
      "mcount" : {
        "mcount" : { "Protocol error" : 1 }
      },
      "http_proto0" : {
        "mcount" : {
          "mcount" : { }
        }
      },
      "source_log" : {
        "delta" : [0, 0, 0]
      },
      "loggers" : {
        "brief_logger" : {
          "records" : [1, 0],
          "out" : [55, 54]
        },
        "benchmark_logger" : {
          "records" : [1, 0],
          "out" : [204, 203]
        }
      }
    }
  }
},
"2015-01-05 03:00:45.919 +0000" : {
  "main_scheduler" : {
    "bqs" : {
      "02604" : {
        "mmconts" : [27, 27, 27],
        "acts" : [3, 3],
        "tstate" : { "idle" : 989212, "run" : 10392, "locked" : 0, "mmap" : 0 }
      },
      "02605" : {
        "mmconts" : [23, 23, 24],
        "acts" : [5, 5],
        "tstate" : { "idle" : 987918, "run" : 11690, "locked" : 0, "mmap" : 0 }
      }
    }
  },
  "benchmark_io" : {
    "simple_times" : {
      "mcount" : {
        "mcount" : { "1 -- 2" : 1 }
      }
    },
    "stream_method" : {
      "conns" : [1, 1],
      "in" : [132, 132],
      "out" : [112, 112],
      "mmtasks" : [0, 0, 1],
      "load" : 0.352,
      "mcount" : {
        "mcount" : { "Protocol error" : 1 }
      },
      "http_proto0" : {
        "mcount" : {
          "mcount" : { }
        }
      },
      "source_log" : {
        "delta" : [0, 0, 0]
      },
      "loggers" : {
        "brief_logger" : {
          "records" : [1, 1],
          "out" : [58, 58]
        },
        "benchmark_logger" : {
          "records" : [1, 1],
          "out" : [267, 267]
        }
      }
    }
  }
},
"2015-01-05 03:00:46.919 +0000" : {
  "main_scheduler" : {
    "bqs" : {
      "02604" : {
        "mmconts" : [27, 27, 27],
        "acts" : [3, 2],
        "tstate" : { "idle" : 989446, "run" : 10660, "locked" : 0, "mmap" : 0 }
      },
      "02605" : {
        "mmconts" : [22, 22, 23],
        "acts" : [5, 4],
        "tstate" : { "idle" : 984272, "run" : 15826, "locked" : 0, "mmap" : 0 }
      }
    }
  },
  "benchmark_io" : {
    "simple_times" : {
      "mcount" : {
        "mcount" : { "1 -- 1" : 1 }
      }
    },
    "stream_method" : {
      "conns" : [1, 0],
      "in" : [132, 131],
      "out" : [51, 50],
      "mmtasks" : [0, 0, 1],
      "load" : 0.356,
      "mcount" : {
        "mcount" : { "Protocol error" : 1 }
      },
      "http_proto0" : {
        "mcount" : {
          "mcount" : { }
        }
      },
      "source_log" : {
        "delta" : [0, 0, 0]
      },
      "loggers" : {
        "brief_logger" : {
          "records" : [1, 0],
          "out" : [55, 54]
        },
        "benchmark_logger" : {
          "records" : [1, 0],
          "out" : [204, 203]
        }
      }
    }
  }
},
"2015-01-05 03:00:47.919 +0000" : {
  "main_scheduler" : {
    "bqs" : {
      "02604" : {
        "mmconts" : [27, 27, 27],
        "acts" : [3, 3],
        "tstate" : { "idle" : 987634, "run" : 11717, "locked" : 0, "mmap" : 0 }
      },
      "02605" : {
        "mmconts" : [21, 21, 22],
        "acts" : [5, 5],
        "tstate" : { "idle" : 987038, "run" : 12313, "locked" : 0, "mmap" : 0 }
      }
    }
  },
  "benchmark_io" : {
    "simple_times" : {
      "mcount" : {
        "mcount" : { "1 -- 1" : 1 }
      }
    },
    "stream_method" : {
      "conns" : [1, 1],
      "in" : [132, 132],
      "out" : [112, 112],
      "mmtasks" : [0, 0, 1],
      "load" : 0.466,
      "mcount" : {
        "mcount" : { "Protocol error" : 1 }
      },
      "http_proto0" : {
        "mcount" : {
          "mcount" : { }
        }
      },
      "source_log" : {
        "delta" : [0, 0, 0]
      },
      "loggers" : {
        "brief_logger" : {
          "records" : [1, 1],
          "out" : [56, 56]
        },
        "benchmark_logger" : {
          "records" : [1, 1],
          "out" : [266, 266]
        }
      }
    }
  }
},
"2015-01-05 03:00:48.919 +0000" : {
  "main_scheduler" : {
    "bqs" : {
      "02604" : {
        "mmconts" : [26, 26, 27],
        "acts" : [6, 5],
        "tstate" : { "idle" : 989913, "run" : 10420, "locked" : 0, "mmap" : 0 }
      },
      "02605" : {
        "mmconts" : [21, 21, 21],
        "acts" : [2, 1],
        "tstate" : { "idle" : 990745, "run" : 9588, "locked" : 0, "mmap" : 0 }
      }
    }
  },
  "benchmark_io" : {
    "simple_times" : {
      "mcount" : {
        "mcount" : { "1 -- 1" : 1 }
      }
    },
    "stream_method" : {
      "conns" : [1, 0],
      "in" : [132, 131],
      "out" : [51, 50],
      "mmtasks" : [0, 0, 1],
      "load" : 0.419,
      "mcount" : {
        "mcount" : { "Protocol error" : 1 }
      },
      "http_proto0" : {
        "mcount" : {
          "mcount" : { }
        }
      },
      "source_log" : {
        "delta" : [0, 0, 0]
      },
      "loggers" : {
        "brief_logger" : {
          "records" : [1, 0],
          "out" : [55, 54]
        },
        "benchmark_logger" : {
          "records" : [1, 0],
          "out" : [204, 203]
        }
      }
    }
  }
},
"2015-01-05 03:00:49.919 +0000" : {
  "main_scheduler" : {
    "bqs" : {
      "02604" : {
        "mmconts" : [26, 26, 26],
        "acts" : [3, 3],
        "tstate" : { "idle" : 989835, "run" : 9933, "locked" : 0, "mmap" : 0 }
      },
      "02605" : {
        "mmconts" : [20, 20, 21],
        "acts" : [5, 5],
        "tstate" : { "idle" : 989003, "run" : 10764, "locked" : 0, "mmap" : 0 }
      }
    }
  },
  "benchmark_io" : {
    "simple_times" : {
      "mcount" : {
        "mcount" : { "1 -- 1" : 1 }
      }
    },
    "stream_method" : {
      "conns" : [1, 1],
      "in" : [132, 132],
      "out" : [112, 112],
      "mmtasks" : [0, 0, 1],
      "load" : 0.409,
      "mcount" : {
        "mcount" : { "Protocol error" : 1 }
      },
      "http_proto0" : {
        "mcount" : {
          "mcount" : { }
        }
      },
      "source_log" : {
        "delta" : [0, 0, 0]
      },
      "loggers" : {
        "brief_logger" : {
          "records" : [1, 1],
          "out" : [56, 56]
        },
        "benchmark_logger" : {
          "records" : [1, 1],
          "out" : [266, 266]
        }
      }
    }
  }
},
"2015-01-05 03:00:50.919 +0000" : {
  "main_scheduler" : {
    "bqs" : {
      "02604" : {
        "mmconts" : [25, 25, 26],
        "acts" : [6, 5],
        "tstate" : { "idle" : 989065, "run" : 11017, "locked" : 0, "mmap" : 0 }
      },
      "02605" : {
        "mmconts" : [20, 20, 20],
        "acts" : [2, 1],
        "tstate" : { "idle" : 990608, "run" : 9475, "locked" : 0, "mmap" : 0 }
      }
    }
  },
  "benchmark_io" : {
    "simple_times" : {
      "mcount" : {
        "mcount" : { "1 -- 1" : 1 }
      }
    },
    "stream_method" : {
      "conns" : [1, 0],
      "in" : [132, 131],
      "out" : [51, 50],
      "mmtasks" : [0, 0, 1],
      "load" : 0.413,
      "mcount" : {
        "mcount" : { "Protocol error" : 1 }
      },
      "http_proto0" : {
        "mcount" : {
          "mcount" : { }
        }
      },
      "source_log" : {
        "delta" : [0, 0, 0]
      },
      "loggers" : {
        "brief_logger" : {
          "records" : [1, 0],
          "out" : [55, 54]
        },
        "benchmark_logger" : {
          "records" : [1, 0],
          "out" : [204, 203]
        }
      }
    }
  }
},
"2015-01-05 03:00:51.919 +0000" : {
  "main_scheduler" : {
    "bqs" : {
      "02604" : {
        "mmconts" : [24, 24, 25],
        "acts" : [6, 5],
        "tstate" : { "idle" : 989724, "run" : 10663, "locked" : 0, "mmap" : 0 }
      },
      "02605" : {
        "mmconts" : [20, 20, 20],
        "acts" : [2, 1],
        "tstate" : { "idle" : 990302, "run" : 10085, "locked" : 0, "mmap" : 0 }
      }
    }
  },
  "benchmark_io" : {
    "simple_times" : {
      "mcount" : {
        "mcount" : { "1 -- 1" : 1 }
      }
    },
    "stream_method" : {
      "conns" : [1, 0],
      "in" : [132, 131],
      "out" : [112, 111],
      "mmtasks" : [0, 0, 1],
      "load" : 0.407,
      "mcount" : {
        "mcount" : { "Protocol error" : 1 }
      },
      "http_proto0" : {
        "mcount" : {
          "mcount" : { }
        }
      },
      "source_log" : {
        "delta" : [0, 0, 0]
      },
      "loggers" : {
        "brief_logger" : {
          "records" : [1, 0],
          "out" : [56, 55]
        },
        "benchmark_logger" : {
          "records" : [1, 0],
          "out" : [266, 265]
        }
      }
    }
  }
},
"2015-01-05 03:00:52.919 +0000" : {
  "main_scheduler" : {
    "bqs" : {
      "02604" : {
        "mmconts" : [23, 23, 24],
        "acts" : [6, 6],
        "tstate" : { "idle" : 988578, "run" : 10892, "locked" : 0, "mmap" : 0 }
      },
      "02605" : {
        "mmconts" : [20, 20, 20],
        "acts" : [2, 2],
        "tstate" : { "idle" : 989306, "run" : 10173, "locked" : 0, "mmap" : 0 }
      }
    }
  },
  "benchmark_io" : {
    "simple_times" : {
      "mcount" : {
        "mcount" : { "1 -- 1" : 1 }
      }
    },
    "stream_method" : {
      "conns" : [1, 1],
      "in" : [132, 132],
      "out" : [51, 51],
      "mmtasks" : [0, 0, 1],
      "load" : 0.414,
      "mcount" : {
        "mcount" : { "Protocol error" : 1 }
      },
      "http_proto0" : {
        "mcount" : {
          "mcount" : { }
        }
      },
      "source_log" : {
        "delta" : [0, 0, 0]
      },
      "loggers" : {
        "brief_logger" : {
          "records" : [1, 1],
          "out" : [55, 55]
        },
        "benchmark_logger" : {
          "records" : [1, 1],
          "out" : [204, 204]
        }
      }
    }
  }
},
"2015-01-05 03:00:53.920 +0000" : {
  "main_scheduler" : {
    "bqs" : {
      "02604" : {
        "mmconts" : [22, 22, 23],
        "acts" : [6, 5],
        "tstate" : { "idle" : 990777, "run" : 10657, "locked" : 0, "mmap" : 0 }
      },
      "02605" : {
        "mmconts" : [20, 20, 20],
        "acts" : [2, 1],
        "tstate" : { "idle" : 991588, "run" : 9838, "locked" : 0, "mmap" : 0 }
      }
    }
  },
  "benchmark_io" : {
    "simple_times" : {
      "mcount" : {
        "mcount" : { "1 -- 1" : 1 }
      }
    },
    "stream_method" : {
      "conns" : [1, 0],
      "in" : [132, 131],
      "out" : [112, 111],
      "mmtasks" : [0, 0, 1],
      "load" : 0.324,
      "mcount" : {
        "mcount" : { "Protocol error" : 1 }
      },
      "http_proto0" : {
        "mcount" : {
          "mcount" : { }
        }
      },
      "source_log" : {
        "delta" : [0, 0, 0]
      },
      "loggers" : {
        "brief_logger" : {
          "records" : [1, 0],
          "out" : [56, 55]
        },
        "benchmark_logger" : {
          "records" : [1, 0],
          "out" : [266, 265]
        }
      }
    }
  }
},
"2015-01-05 03:00:54.920 +0000" : {
  "main_scheduler" : {
    "bqs" : {
      "02604" : {
        "mmconts" : [22, 22, 22],
        "acts" : [3, 3],
        "tstate" : { "idle" : 990440, "run" : 9238, "locked" : 0, "mmap" : 0 }
      },
      "02605" : {
        "mmconts" : [19, 19, 20],
        "acts" : [5, 5],
        "tstate" : { "idle" : 989490, "run" : 10199, "locked" : 0, "mmap" : 0 }
      }
    }
  },
  "benchmark_io" : {
    "simple_times" : {
      "mcount" : {
        "mcount" : { "1 -- 1" : 1 }
      }
    },
    "stream_method" : {
      "conns" : [1, 1],
      "in" : [132, 132],
      "out" : [51, 51],
      "mmtasks" : [0, 0, 1],
      "load" : 0.390,
      "mcount" : {
        "mcount" : { "Protocol error" : 1 }
      },
      "http_proto0" : {
        "mcount" : {
          "mcount" : { }
        }
      },
      "source_log" : {
        "delta" : [0, 0, 0]
      },
      "loggers" : {
        "brief_logger" : {
          "records" : [1, 1],
          "out" : [55, 55]
        },
        "benchmark_logger" : {
          "records" : [1, 1],
          "out" : [204, 204]
        }
      }
    }
  }
},
"2015-01-05 03:00:55.919 +0000" : {
  "main_scheduler" : {
    "bqs" : {
      "02604" : {
        "mmconts" : [21, 21, 22],
        "acts" : [6, 6],
        "tstate" : { "idle" : 989027, "run" : 10244, "locked" : 0, "mmap" : 0 }
      },
      "02605" : {
        "mmconts" : [19, 19, 19],
        "acts" : [2, 2],
        "tstate" : { "idle" : 989287, "run" : 9972, "locked" : 0, "mmap" : 0 }
      }
    }
  },
  "benchmark_io" : {
    "simple_times" : {
      "mcount" : {
        "mcount" : { "1 -- 1" : 1 }
      }
    },
    "stream_method" : {
      "conns" : [1, 1],
      "in" : [132, 132],
      "out" : [112, 112],
      "mmtasks" : [0, 0, 1],
      "load" : 0.427,
      "mcount" : {
        "mcount" : { "Protocol error" : 1 }
      },
      "http_proto0" : {
        "mcount" : {
          "mcount" : { }
        }
      },
      "source_log" : {
        "delta" : [0, 0, 0]
      },
      "loggers" : {
        "brief_logger" : {
          "records" : [1, 1],
          "out" : [56, 56]
        },
        "benchmark_logger" : {
          "records" : [1, 1],
          "out" : [266, 266]
        }
      }
    }
  }
},
"2015-01-05 03:00:56.919 +0000" : {
  "main_scheduler" : {
    "bqs" : {
      "02604" : {
        "mmconts" : [20, 20, 21],
        "acts" : [6, 5],
        "tstate" : { "idle" : 985839, "run" : 14638, "locked" : 0, "mmap" : 0 }
      },
      "02605" : {
        "mmconts" : [19, 19, 19],
        "acts" : [2, 1],
        "tstate" : { "idle" : 987356, "run" : 13126, "locked" : 0, "mmap" : 0 }
      }
    }
  },
  "benchmark_io" : {
    "simple_times" : {
      "mcount" : {
        "mcount" : { "4 -- 6" : 1 }
      }
    },
    "stream_method" : {
      "conns" : [1, 0],
      "in" : [132, 131],
      "out" : [51, 50],
      "mmtasks" : [0, 0, 1],
      "load" : 0.258,
      "mcount" : {
        "mcount" : { "Protocol error" : 1 }
      },
      "http_proto0" : {
        "mcount" : {
          "mcount" : { }
        }
      },
      "source_log" : {
        "delta" : [0, 0, 0]
      },
      "loggers" : {
        "brief_logger" : {
          "records" : [1, 0],
          "out" : [58, 57]
        },
        "benchmark_logger" : {
          "records" : [1, 0],
          "out" : [205, 204]
        }
      }
    }
  }
},
"2015-01-05 03:00:57.919 +0000" : {
  "main_scheduler" : {
    "bqs" : {
      "02604" : {
        "mmconts" : [19, 19, 20],
        "acts" : [6, 5],
        "tstate" : { "idle" : 990515, "run" : 9470, "locked" : 0, "mmap" : 19 }
      },
      "02605" : {
        "mmconts" : [19, 19, 19],
        "acts" : [2, 1],
        "tstate" : { "idle" : 992398, "run" : 7603, "locked" : 0, "mmap" : 0 }
      }
    }
  },
  "benchmark_io" : {
    "simple_times" : {
      "mcount" : {
        "mcount" : { "1 -- 1" : 1 }
      }
    },
    "stream_method" : {
      "conns" : [1, 1],
      "in" : [132, 132],
      "out" : [112, 112],
      "mmtasks" : [0, 0, 1],
      "load" : 0.330,
      "mcount" : {
        "mcount" : { "Protocol error" : 1 }
      },
      "http_proto0" : {
        "mcount" : {
          "mcount" : { }
        }
      },
      "source_log" : {
        "delta" : [0, 0, 0]
      },
      "loggers" : {
        "brief_logger" : {
          "records" : [1, 1],
          "out" : [56, 56]
        },
        "benchmark_logger" : {
          "records" : [1, 1],
          "out" : [266, 266]
        }
      }
    }
  }
},
"2015-01-05 03:00:58.919 +0000" : {
  "main_scheduler" : {
    "bqs" : {
      "02604" : {
        "mmconts" : [18, 18, 19],
        "acts" : [6, 6],
        "tstate" : { "idle" : 988666, "run" : 11160, "locked" : 0, "mmap" : 6 }
      },
      "02605" : {
        "mmconts" : [19, 19, 19],
        "acts" : [2, 2],
        "tstate" : { "idle" : 988885, "run" : 10944, "locked" : 0, "mmap" : 0 }
      }
    }
  },
  "benchmark_io" : {
    "simple_times" : {
      "mcount" : {
        "mcount" : { "1 -- 1" : 1 }
      }
    },
    "stream_method" : {
      "conns" : [1, 1],
      "in" : [132, 132],
      "out" : [51, 51],
      "mmtasks" : [0, 0, 1],
      "load" : 0.413,
      "mcount" : {
        "mcount" : { "Protocol error" : 1 }
      },
      "http_proto0" : {
        "mcount" : {
          "mcount" : { }
        }
      },
      "source_log" : {
        "delta" : [0, 0, 0]
      },
      "loggers" : {
        "brief_logger" : {
          "records" : [1, 1],
          "out" : [55, 55]
        },
        "benchmark_logger" : {
          "records" : [1, 1],
          "out" : [204, 204]
        }
      }
    }
  }
},
"2015-01-05 03:00:59.919 +0000" : {
  "main_scheduler" : {
    "bqs" : {
      "02604" : {
        "mmconts" : [17, 17, 18],
        "acts" : [6, 6],
        "tstate" : { "idle" : 989658, "run" : 9760, "locked" : 0, "mmap" : 19 }
      },
      "02605" : {
        "mmconts" : [19, 19, 19],
        "acts" : [2, 2],
        "tstate" : { "idle" : 991257, "run" : 8186, "locked" : 0, "mmap" : 0 }
      }
    }
  },
  "benchmark_io" : {
    "simple_times" : {
      "mcount" : {
        "mcount" : { "1 -- 1" : 1 }
      }
    },
    "stream_method" : {
      "conns" : [1, 1],
      "in" : [132, 132],
      "out" : [112, 112],
      "mmtasks" : [0, 0, 1],
      "load" : 0.348,
      "mcount" : {
        "mcount" : { "Protocol error" : 1 }
      },
      "http_proto0" : {
        "mcount" : {
          "mcount" : { }
        }
      },
      "source_log" : {
        "delta" : [0, 0, 0]
      },
      "loggers" : {
        "brief_logger" : {
          "records" : [1, 1],
          "out" : [56, 56]
        },
        "benchmark_logger" : {
          "records" : [1, 1],
          "out" : [266, 266]
        }
      }
    }
  }
},
"2015-01-05 03:01:00.919 +0000" : {
  "main_scheduler" : {
    "bqs" : {
      "02604" : {
        "mmconts" : [17, 17, 17],
        "acts" : [3, 2],
        "tstate" : { "idle" : 990741, "run" : 9912, "locked" : 0, "mmap" : 0 }
      },
      "02605" : {
        "mmconts" : [18, 18, 19],
        "acts" : [5, 4],
        "tstate" : { "idle" : 991359, "run" : 9276, "locked" : 0, "mmap" : 17 }
      }
    }
  },
  "benchmark_io" : {
    "simple_times" : {
      "mcount" : {
        "mcount" : { "1 -- 1" : 1 }
      }
    },
    "stream_method" : {
      "conns" : [1, 0],
      "in" : [132, 131],
      "out" : [51, 50],
      "mmtasks" : [0, 0, 1],
      "load" : 0.407,
      "mcount" : {
        "mcount" : { "Protocol error" : 1 }
      },
      "http_proto0" : {
        "mcount" : {
          "mcount" : { }
        }
      },
      "source_log" : {
        "delta" : [0, 0, 0]
      },
      "loggers" : {
        "brief_logger" : {
          "records" : [1, 0],
          "out" : [55, 54]
        },
        "benchmark_logger" : {
          "records" : [1, 0],
          "out" : [204, 203]
        }
      }
    }
  }
},
"2015-01-05 03:01:01.921 +0000" : {
  "main_scheduler" : {
    "bqs" : {
      "02604" : {
        "mmconts" : [17, 17, 17],
        "acts" : [3, 2],
        "tstate" : { "idle" : 990839, "run" : 10392, "locked" : 0, "mmap" : 0 }
      },
      "02605" : {
        "mmconts" : [17, 17, 18],
        "acts" : [5, 4],
        "tstate" : { "idle" : 990011, "run" : 11206, "locked" : 0, "mmap" : 17 }
      }
    }
  },
  "benchmark_io" : {
    "simple_times" : {
      "mcount" : {
        "mcount" : { "1 -- 1" : 1 }
      }
    },
    "stream_method" : {
      "conns" : [1, 0],
      "in" : [132, 131],
      "out" : [112, 111],
      "mmtasks" : [0, 0, 1],
      "load" : 0.400,
      "mcount" : {
        "mcount" : { "Protocol error" : 1 }
      },
      "http_proto0" : {
        "mcount" : {
          "mcount" : { }
        }
      },
      "source_log" : {
        "delta" : [0, 0, 0]
      },
      "loggers" : {
        "brief_logger" : {
          "records" : [1, 0],
          "out" : [56, 55]
        },
        "benchmark_logger" : {
          "records" : [1, 0],
          "out" : [266, 265]
        }
      }
    }
  }
},
"2015-01-05 03:01:02.919 +0000" : {
  "main_scheduler" : {
    "bqs" : {
      "02604" : {
        "mmconts" : [16, 16, 17],
        "acts" : [6, 6],
        "tstate" : { "idle" : 988428, "run" : 10300, "locked" : 0, "mmap" : 82 }
      },
      "02605" : {
        "mmconts" : [17, 17, 17],
        "acts" : [2, 2],
        "tstate" : { "idle" : 988935, "run" : 9868, "locked" : 0, "mmap" : 0 }
      }
    }
  },
  "benchmark_io" : {
    "simple_times" : {
      "mcount" : {
        "mcount" : { "1 -- 1" : 1 }
      }
    },
    "stream_method" : {
      "conns" : [1, 1],
      "in" : [132, 132],
      "out" : [51, 51],
      "mmtasks" : [0, 0, 1],
      "load" : 0.439,
      "mcount" : {
        "mcount" : { "Protocol error" : 1 }
      },
      "http_proto0" : {
        "mcount" : {
          "mcount" : { }
        }
      },
      "source_log" : {
        "delta" : [0, 0, 0]
      },
      "loggers" : {
        "brief_logger" : {
          "records" : [1, 1],
          "out" : [55, 55]
        },
        "benchmark_logger" : {
          "records" : [1, 1],
          "out" : [204, 204]
        }
      }
    }
  }
},
"2015-01-05 03:01:03.920 +0000" : {
  "main_scheduler" : {
    "bqs" : {
      "02604" : {
        "mmconts" : [15, 15, 16],
        "acts" : [6, 5],
        "tstate" : { "idle" : 989910, "run" : 10739, "locked" : 0, "mmap" : 18 }
      },
      "02605" : {
        "mmconts" : [17, 17, 17],
        "acts" : [2, 1],
        "tstate" : { "idle" : 989383, "run" : 11284, "locked" : 0, "mmap" : 0 }
      }
    }
  },
  "benchmark_io" : {
    "simple_times" : {
      "mcount" : {
        "mcount" : { "1 -- 1" : 1 }
      }
    },
    "stream_method" : {
      "conns" : [1, 0],
      "in" : [132, 131],
      "out" : [112, 111],
      "mmtasks" : [0, 0, 1],
      "load" : 0.358,
      "mcount" : {
        "mcount" : { "Protocol error" : 1 }
      },
      "http_proto0" : {
        "mcount" : {
          "mcount" : { }
        }
      },
      "source_log" : {
        "delta" : [0, 0, 0]
      },
      "loggers" : {
        "brief_logger" : {
          "records" : [1, 0],
          "out" : [56, 55]
        },
        "benchmark_logger" : {
          "records" : [1, 0],
          "out" : [266, 265]
        }
      }
    }
  }
},
"2015-01-05 03:01:04.920 +0000" : {
  "main_scheduler" : {
    "bqs" : {
      "02604" : {
        "mmconts" : [15, 15, 15],
        "acts" : [3, 3],
        "tstate" : { "idle" : 989633, "run" : 10265, "locked" : 0, "mmap" : 0 }
      },
      "02605" : {
        "mmconts" : [16, 16, 17],
        "acts" : [5, 5],
        "tstate" : { "idle" : 989607, "run" : 10280, "locked" : 0, "mmap" : 19 }
      }
    }
  },
  "benchmark_io" : {
    "simple_times" : {
      "mcount" : {
        "mcount" : { "1 -- 1" : 1 }
      }
    },
    "stream_method" : {
      "conns" : [1, 1],
      "in" : [132, 132],
      "out" : [51, 51],
      "mmtasks" : [0, 0, 1],
      "load" : 0.386,
      "mcount" : {
        "mcount" : { "Protocol error" : 1 }
      },
      "http_proto0" : {
        "mcount" : {
          "mcount" : { }
        }
      },
      "source_log" : {
        "delta" : [0, 0, 0]
      },
      "loggers" : {
        "brief_logger" : {
          "records" : [1, 1],
          "out" : [55, 55]
        },
        "benchmark_logger" : {
          "records" : [1, 1],
          "out" : [204, 204]
        }
      }
    }
  }
},
"2015-01-05 03:01:05.918 +0000" : {
  "main_scheduler" : {
    "bqs" : {
      "02604" : {
        "mmconts" : [15, 15, 15],
        "acts" : [3, 3],
        "tstate" : { "idle" : 988260, "run" : 10237, "locked" : 0, "mmap" : 0 }
      },
      "02605" : {
        "mmconts" : [15, 15, 16],
        "acts" : [5, 5],
        "tstate" : { "idle" : 988348, "run" : 10120, "locked" : 0, "mmap" : 21 }
      }
    }
  },
  "benchmark_io" : {
    "simple_times" : {
      "mcount" : {
        "mcount" : { "1 -- 1" : 1 }
      }
    },
    "stream_method" : {
      "conns" : [1, 1],
      "in" : [132, 132],
      "out" : [112, 112],
      "mmtasks" : [0, 0, 1],
      "load" : 0.423,
      "mcount" : {
        "mcount" : { "Protocol error" : 1 }
      },
      "http_proto0" : {
        "mcount" : {
          "mcount" : { }
        }
      },
      "source_log" : {
        "delta" : [0, 0, 0]
      },
      "loggers" : {
        "brief_logger" : {
          "records" : [1, 1],
          "out" : [56, 56]
        },
        "benchmark_logger" : {
          "records" : [1, 1],
          "out" : [266, 266]
        }
      }
    }
  }
},
"2015-01-05 03:01:06.919 +0000" : {
  "main_scheduler" : {
    "bqs" : {
      "02604" : {
        "mmconts" : [14, 14, 15],
        "acts" : [6, 5],
        "tstate" : { "idle" : 988827, "run" : 11709, "locked" : 0, "mmap" : 24 }
      },
      "02605" : {
        "mmconts" : [15, 15, 15],
        "acts" : [2, 1],
        "tstate" : { "idle" : 990413, "run" : 10150, "locked" : 0, "mmap" : 0 }
      }
    }
  },
  "benchmark_io" : {
    "simple_times" : {
      "mcount" : {
        "mcount" : { "1 -- 1" : 1 }
      }
    },
    "stream_method" : {
      "conns" : [1, 0],
      "in" : [132, 131],
      "out" : [51, 50],
      "mmtasks" : [0, 0, 1],
      "load" : 0.488,
      "mcount" : {
        "mcount" : { "Protocol error" : 1 }
      },
      "http_proto0" : {
        "mcount" : {
          "mcount" : { }
        }
      },
      "source_log" : {
        "delta" : [0, 0, 0]
      },
      "loggers" : {
        "brief_logger" : {
          "records" : [1, 0],
          "out" : [55, 54]
        },
        "benchmark_logger" : {
          "records" : [1, 0],
          "out" : [204, 203]
        }
      }
    }
  }
},
"2015-01-05 03:01:07.924 +0000" : {
  "main_scheduler" : {
    "bqs" : {
      "02604" : {
        "mmconts" : [13, 13, 14],
        "acts" : [6, 5],
        "tstate" : { "idle" : 993220, "run" : 11743, "locked" : 0, "mmap" : 23 }
      },
      "02605" : {
        "mmconts" : [15, 15, 15],
        "acts" : [2, 1],
        "tstate" : { "idle" : 993907, "run" : 11079, "locked" : 0, "mmap" : 0 }
      }
    }
  },
  "benchmark_io" : {
    "simple_times" : {
      "mcount" : {
        "mcount" : { "1 -- 1" : 1 }
      }
    },
    "stream_method" : {
      "conns" : [1, 0],
      "in" : [132, 131],
      "out" : [112, 111],
      "mmtasks" : [0, 0, 1],
      "load" : 0.468,
      "mcount" : {
        "mcount" : { "Protocol error" : 1 }
      },
      "http_proto0" : {
        "mcount" : {
          "mcount" : { }
        }
      },
      "source_log" : {
        "delta" : [0, 0, 0]
      },
      "loggers" : {
        "brief_logger" : {
          "records" : [1, 0],
          "out" : [56, 55]
        },
        "benchmark_logger" : {
          "records" : [1, 0],
          "out" : [266, 264]
        }
      }
    }
  }
},
"2015-01-05 03:01:08.924 +0000" : {
  "main_scheduler" : {
    "bqs" : {
      "02604" : {
        "mmconts" : [13, 13, 13],
        "acts" : [3, 2],
        "tstate" : { "idle" : 990007, "run" : 10205, "locked" : 0, "mmap" : 0 }
      },
      "02605" : {
        "mmconts" : [14, 14, 15],
        "acts" : [5, 4],
        "tstate" : { "idle" : 989635, "run" : 10561, "locked" : 0, "mmap" : 19 }
      }
    }
  },
  "benchmark_io" : {
    "simple_times" : {
      "mcount" : {
        "mcount" : { "1 -- 1" : 1 }
      }
    },
    "stream_method" : {
      "conns" : [1, 0],
      "in" : [132, 131],
      "out" : [51, 50],
      "mmtasks" : [0, 0, 1],
      "load" : 0.402,
      "mcount" : {
        "mcount" : { "Protocol error" : 1 }
      },
      "http_proto0" : {
        "mcount" : {
          "mcount" : { }
        }
      },
      "source_log" : {
        "delta" : [0, 0, 0]
      },
      "loggers" : {
        "brief_logger" : {
          "records" : [1, 0],
          "out" : [55, 54]
        },
        "benchmark_logger" : {
          "records" : [1, 0],
          "out" : [204, 203]
        }
      }
    }
  }
},
"2015-01-05 03:01:09.921 +0000" : {
  "main_scheduler" : {
    "bqs" : {
      "02604" : {
        "mmconts" : [12, 12, 13],
        "acts" : [6, 6],
        "tstate" : { "idle" : 985544, "run" : 10936, "locked" : 0, "mmap" : 19 }
      },
      "02605" : {
        "mmconts" : [14, 14, 14],
        "acts" : [2, 2],
        "tstate" : { "idle" : 985870, "run" : 10627, "locked" : 0, "mmap" : 0 }
      }
    }
  },
  "benchmark_io" : {
    "simple_times" : {
      "mcount" : {
        "mcount" : { "1 -- 1" : 1 }
      }
    },
    "stream_method" : {
      "conns" : [1, 1],
      "in" : [132, 132],
      "out" : [112, 112],
      "mmtasks" : [0, 0, 1],
      "load" : 0.347,
      "mcount" : {
        "mcount" : { "Protocol error" : 1 }
      },
      "http_proto0" : {
        "mcount" : {
          "mcount" : { }
        }
      },
      "source_log" : {
        "delta" : [0, 0, 0]
      },
      "loggers" : {
        "brief_logger" : {
          "records" : [1, 1],
          "out" : [56, 56]
        },
        "benchmark_logger" : {
          "records" : [1, 1],
          "out" : [266, 266]
        }
      }
    }
  }
},
"2015-01-05 03:01:10.920 +0000" : {
  "main_scheduler" : {
    "bqs" : {
      "02604" : {
        "mmconts" : [12, 12, 12],
        "acts" : [0, 0],
        "tstate" : { "idle" : 991433, "run" : 7417, "locked" : 0, "mmap" : 0 }
      },
      "02605" : {
        "mmconts" : [13, 13, 14],
        "acts" : [4, 4],
        "tstate" : { "idle" : 991587, "run" : 7228, "locked" : 0, "mmap" : 31 }
      }
    }
  },
  "benchmark_io" : {
    "simple_times" : {
      "mcount" : {
        "mcount" : { "1 -- 1" : 1 }
      }
    },
    "stream_method" : {
      "conns" : [1, 1],
      "in" : [132, 132],
      "out" : [51, 51],
      "mmtasks" : [0, 0, 1],
      "load" : 0.432,
      "mcount" : {
        "mcount" : { "Protocol error" : 1 }
      },
      "http_proto0" : {
        "mcount" : {
          "mcount" : { }
        }
      },
      "source_log" : {
        "delta" : [0, 0, 0]
      },
      "loggers" : {
        "brief_logger" : {
          "records" : [1, 1],
          "out" : [55, 55]
        },
        "benchmark_logger" : {
          "records" : [1, 1],
          "out" : [204, 204]
        }
      }
    }
  }
},
"2015-01-05 03:01:11.920 +0000" : {
  "main_scheduler" : {
    "bqs" : {
      "02604" : {
        "mmconts" : [12, 12, 12],
        "acts" : [3, 2],
        "tstate" : { "idle" : 693882, "run" : 306357, "locked" : 0, "mmap" : 0 }
      },
      "02605" : {
        "mmconts" : [12, 12, 13],
        "acts" : [5, 4],
        "tstate" : { "idle" : 757620, "run" : 242602, "locked" : 0, "mmap" : 18 }
      }
    }
  },
  "benchmark_io" : {
    "simple_times" : {
      "mcount" : {
        "mcount" : { "1 -- 1" : 1 }
      }
    },
    "stream_method" : {
      "conns" : [1, 0],
      "in" : [132, 131],
      "out" : [112, 111],
      "mmtasks" : [0, 0, 1],
      "load" : 0.343,
      "mcount" : {
        "mcount" : { "Protocol error" : 1 }
      },
      "http_proto0" : {
        "mcount" : {
          "mcount" : { }
        }
      },
      "source_log" : {
        "delta" : [0, 0, 0]
      },
      "loggers" : {
        "brief_logger" : {
          "records" : [1, 0],
          "out" : [57, 56]
        },
        "benchmark_logger" : {
          "records" : [1, 0],
          "out" : [267, 266]
        }
      }
    }
  }
},
"2015-01-05 03:01:12.919 +0000" : {
  "main_scheduler" : {
    "bqs" : {
      "02604" : {
        "mmconts" : [11, 11, 12],
        "acts" : [6, 6],
        "tstate" : { "idle" : 975512, "run" : 23880, "locked" : 0, "mmap" : 55 }
      },
      "02605" : {
        "mmconts" : [12, 12, 12],
        "acts" : [2, 2],
        "tstate" : { "idle" : 987677, "run" : 11769, "locked" : 0, "mmap" : 0 }
      }
    }
  },
  "benchmark_io" : {
    "simple_times" : {
      "mcount" : {
        "mcount" : { "1 -- 1" : 1 }
      }
    },
    "stream_method" : {
      "conns" : [1, 1],
      "in" : [132, 132],
      "out" : [51, 51],
      "mmtasks" : [0, 0, 1],
      "load" : 0.438,
      "mcount" : {
        "mcount" : { "Protocol error" : 1 }
      },
      "http_proto0" : {
        "mcount" : {
          "mcount" : { }
        }
      },
      "source_log" : {
        "delta" : [0, 0, 0]
      },
      "loggers" : {
        "brief_logger" : {
          "records" : [1, 1],
          "out" : [55, 55]
        },
        "benchmark_logger" : {
          "records" : [1, 1],
          "out" : [204, 204]
        }
      }
    }
  }
},
"2015-01-05 03:01:13.920 +0000" : {
  "main_scheduler" : {
    "bqs" : {
      "02604" : {
        "mmconts" : [10, 10, 11],
        "acts" : [6, 5],
        "tstate" : { "idle" : 986936, "run" : 13331, "locked" : 0, "mmap" : 18 }
      },
      "02605" : {
        "mmconts" : [12, 12, 12],
        "acts" : [2, 1],
        "tstate" : { "idle" : 988060, "run" : 12235, "locked" : 0, "mmap" : 0 }
      }
    }
  },
  "benchmark_io" : {
    "simple_times" : {
      "mcount" : {
        "mcount" : { "1 -- 1" : 1 }
      }
    },
    "stream_method" : {
      "conns" : [1, 0],
      "in" : [132, 131],
      "out" : [112, 111],
      "mmtasks" : [0, 0, 1],
      "load" : 0.430,
      "mcount" : {
        "mcount" : { "Protocol error" : 1 }
      },
      "http_proto0" : {
        "mcount" : {
          "mcount" : { }
        }
      },
      "source_log" : {
        "delta" : [0, 0, 0]
      },
      "loggers" : {
        "brief_logger" : {
          "records" : [1, 0],
          "out" : [56, 55]
        },
        "benchmark_logger" : {
          "records" : [1, 0],
          "out" : [266, 265]
        }
      }
    }
  }
},
"2015-01-05 03:01:14.920 +0000" : {
  "main_scheduler" : {
    "bqs" : {
      "02604" : {
        "mmconts" : [10, 10, 10],
        "acts" : [3, 2],
        "tstate" : { "idle" : 990428, "run" : 9746, "locked" : 0, "mmap" : 0 }
      },
      "02605" : {
        "mmconts" : [11, 11, 12],
        "acts" : [5, 4],
        "tstate" : { "idle" : 989472, "run" : 10667, "locked" : 0, "mmap" : 25 }
      }
    }
  },
  "benchmark_io" : {
    "simple_times" : {
      "mcount" : {
        "mcount" : { "2 -- 4" : 1 }
      }
    },
    "stream_method" : {
      "conns" : [1, 0],
      "in" : [132, 131],
      "out" : [51, 50],
      "mmtasks" : [0, 0, 1],
      "load" : 0.325,
      "mcount" : {
        "mcount" : { "Protocol error" : 1 }
      },
      "http_proto0" : {
        "mcount" : {
          "mcount" : { }
        }
      },
      "source_log" : {
        "delta" : [0, 0, 0]
      },
      "loggers" : {
        "brief_logger" : {
          "records" : [1, 1],
          "out" : [57, 57]
        },
        "benchmark_logger" : {
          "records" : [1, 1],
          "out" : [205, 205]
        }
      }
    }
  }
},
"2015-01-05 03:01:15.920 +0000" : {
  "main_scheduler" : {
    "bqs" : {
      "02604" : {
        "mmconts" : [10, 10, 10],
        "acts" : [3, 3],
        "tstate" : { "idle" : 987331, "run" : 12591, "locked" : 0, "mmap" : 0 }
      },
      "02605" : {
        "mmconts" : [10, 10, 11],
        "acts" : [5, 5],
        "tstate" : { "idle" : 988627, "run" : 11273, "locked" : 0, "mmap" : 22 }
      }
    }
  },
  "benchmark_io" : {
    "simple_times" : {
      "mcount" : {
        "mcount" : { "1 -- 1" : 1 }
      }
    },
    "stream_method" : {
      "conns" : [1, 1],
      "in" : [132, 132],
      "out" : [112, 112],
      "mmtasks" : [0, 0, 1],
      "load" : 0.418,
      "mcount" : {
        "mcount" : { "Protocol error" : 1 }
      },
      "http_proto0" : {
        "mcount" : {
          "mcount" : { }
        }
      },
      "source_log" : {
        "delta" : [0, 0, 0]
      },
      "loggers" : {
        "brief_logger" : {
          "records" : [1, 1],
          "out" : [56, 56]
        },
        "benchmark_logger" : {
          "records" : [1, 1],
          "out" : [266, 266]
        }
      }
    }
  }
},
"2015-01-05 03:01:16.919 +0000" : {
  "main_scheduler" : {
    "bqs" : {
      "02604" : {
        "mmconts" : [9, 9, 10],
        "acts" : [6, 6],
        "tstate" : { "idle" : 987859, "run" : 11904, "locked" : 0, "mmap" : 32 }
      },
      "02605" : {
        "mmconts" : [10, 10, 10],
        "acts" : [2, 2],
        "tstate" : { "idle" : 990153, "run" : 9642, "locked" : 0, "mmap" : 0 }
      }
    }
  },
  "benchmark_io" : {
    "simple_times" : {
      "mcount" : {
        "mcount" : { "1 -- 2" : 1 }
      }
    },
    "stream_method" : {
      "conns" : [1, 1],
      "in" : [132, 132],
      "out" : [51, 51],
      "mmtasks" : [0, 0, 1],
      "load" : 0.344,
      "mcount" : {
        "mcount" : { "Protocol error" : 1 }
      },
      "http_proto0" : {
        "mcount" : {
          "mcount" : { }
        }
      },
      "source_log" : {
        "delta" : [0, 0, 0]
      },
      "loggers" : {
        "brief_logger" : {
          "records" : [1, 1],
          "out" : [57, 57]
        },
        "benchmark_logger" : {
          "records" : [1, 1],
          "out" : [205, 205]
        }
      }
    }
  }
},
"2015-01-05 03:01:17.919 +0000" : {
  "main_scheduler" : {
    "bqs" : {
      "02604" : {
        "mmconts" : [8, 8, 9],
        "acts" : [6, 6],
        "tstate" : { "idle" : 990900, "run" : 8935, "locked" : 0, "mmap" : 22 }
      },
      "02605" : {
        "mmconts" : [10, 10, 10],
        "acts" : [2, 2],
        "tstate" : { "idle" : 991806, "run" : 8050, "locked" : 0, "mmap" : 0 }
      }
    }
  },
  "benchmark_io" : {
    "simple_times" : {
      "mcount" : {
        "mcount" : { "1 -- 1" : 1 }
      }
    },
    "stream_method" : {
      "conns" : [1, 1],
      "in" : [132, 132],
      "out" : [112, 112],
      "mmtasks" : [0, 0, 1],
      "load" : 0.332,
      "mcount" : {
        "mcount" : { "Protocol error" : 1 }
      },
      "http_proto0" : {
        "mcount" : {
          "mcount" : { }
        }
      },
      "source_log" : {
        "delta" : [0, 0, 0]
      },
      "loggers" : {
        "brief_logger" : {
          "records" : [1, 1],
          "out" : [57, 57]
        },
        "benchmark_logger" : {
          "records" : [1, 1],
          "out" : [267, 267]
        }
      }
    }
  }
},
"2015-01-05 03:01:18.919 +0000" : {
  "main_scheduler" : {
    "bqs" : {
      "02604" : {
        "mmconts" : [8, 8, 8],
        "acts" : [3, 3],
        "tstate" : { "idle" : 989078, "run" : 10254, "locked" : 0, "mmap" : 0 }
      },
      "02605" : {
        "mmconts" : [9, 9, 10],
        "acts" : [5, 5],
        "tstate" : { "idle" : 989523, "run" : 9793, "locked" : 0, "mmap" : 17 }
      }
    }
  },
  "benchmark_io" : {
    "simple_times" : {
      "mcount" : {
        "mcount" : { "1 -- 1" : 1 }
      }
    },
    "stream_method" : {
      "conns" : [1, 1],
      "in" : [132, 132],
      "out" : [51, 51],
      "mmtasks" : [0, 0, 1],
      "load" : 0.345,
      "mcount" : {
        "mcount" : { "Protocol error" : 1 }
      },
      "http_proto0" : {
        "mcount" : {
          "mcount" : { }
        }
      },
      "source_log" : {
        "delta" : [0, 0, 0]
      },
      "loggers" : {
        "brief_logger" : {
          "records" : [1, 1],
          "out" : [55, 55]
        },
        "benchmark_logger" : {
          "records" : [1, 1],
          "out" : [204, 204]
        }
      }
    }
  }
},
"2015-01-05 03:01:19.919 +0000" : {
  "main_scheduler" : {
    "bqs" : {
      "02604" : {
        "mmconts" : [8, 8, 8],
        "acts" : [3, 2],
        "tstate" : { "idle" : 990403, "run" : 10255, "locked" : 0, "mmap" : 0 }
      },
      "02605" : {
        "mmconts" : [8, 8, 9],
        "acts" : [5, 4],
        "tstate" : { "idle" : 990972, "run" : 9677, "locked" : 0, "mmap" : 16 }
      }
    }
  },
  "benchmark_io" : {
    "simple_times" : {
      "mcount" : {
        "mcount" : { "1 -- 1" : 1 }
      }
    },
    "stream_method" : {
      "conns" : [1, 0],
      "in" : [132, 131],
      "out" : [112, 111],
      "mmtasks" : [0, 0, 1],
      "load" : 0.372,
      "mcount" : {
        "mcount" : { "Protocol error" : 1 }
      },
      "http_proto0" : {
        "mcount" : {
          "mcount" : { }
        }
      },
      "source_log" : {
        "delta" : [0, 0, 0]
      },
      "loggers" : {
        "brief_logger" : {
          "records" : [1, 0],
          "out" : [56, 55]
        },
        "benchmark_logger" : {
          "records" : [1, 0],
          "out" : [266, 265]
        }
      }
    }
  }
},
"2015-01-05 03:01:20.919 +0000" : {
  "main_scheduler" : {
    "bqs" : {
      "02604" : {
        "mmconts" : [7, 7, 8],
        "acts" : [6, 6],
        "tstate" : { "idle" : 988292, "run" : 11426, "locked" : 0, "mmap" : 19 }
      },
      "02605" : {
        "mmconts" : [8, 8, 8],
        "acts" : [2, 2],
        "tstate" : { "idle" : 990141, "run" : 9596, "locked" : 0, "mmap" : 0 }
      }
    }
  },
  "benchmark_io" : {
    "simple_times" : {
      "mcount" : {
        "mcount" : { "1 -- 1" : 1 }
      }
    },
    "stream_method" : {
      "conns" : [1, 1],
      "in" : [132, 132],
      "out" : [51, 51],
      "mmtasks" : [0, 0, 1],
      "load" : 0.454,
      "mcount" : {
        "mcount" : { "Protocol error" : 1 }
      },
      "http_proto0" : {
        "mcount" : {
          "mcount" : { }
        }
      },
      "source_log" : {
        "delta" : [0, 0, 0]
      },
      "loggers" : {
        "brief_logger" : {
          "records" : [1, 1],
          "out" : [55, 55]
        },
        "benchmark_logger" : {
          "records" : [1, 1],
          "out" : [204, 204]
        }
      }
    }
  }
},
"2015-01-05 03:01:21.919 +0000" : {
  "main_scheduler" : {
    "bqs" : {
      "02604" : {
        "mmconts" : [6, 6, 7],
        "acts" : [6, 6],
        "tstate" : { "idle" : 989353, "run" : 10244, "locked" : 0, "mmap" : 18 }
      },
      "02605" : {
        "mmconts" : [8, 8, 8],
        "acts" : [2, 2],
        "tstate" : { "idle" : 990658, "run" : 8951, "locked" : 0, "mmap" : 0 }
      }
    }
  },
  "benchmark_io" : {
    "simple_times" : {
      "mcount" : {
        "mcount" : { "1 -- 1" : 1 }
      }
    },
    "stream_method" : {
      "conns" : [1, 1],
      "in" : [132, 132],
      "out" : [112, 112],
      "mmtasks" : [0, 0, 1],
      "load" : 0.329,
      "mcount" : {
        "mcount" : { "Protocol error" : 1 }
      },
      "http_proto0" : {
        "mcount" : {
          "mcount" : { }
        }
      },
      "source_log" : {
        "delta" : [0, 0, 0]
      },
      "loggers" : {
        "brief_logger" : {
          "records" : [1, 1],
          "out" : [56, 56]
        },
        "benchmark_logger" : {
          "records" : [1, 1],
          "out" : [266, 266]
        }
      }
    }
  }
},
"2015-01-05 03:01:22.920 +0000" : {
  "main_scheduler" : {
    "bqs" : {
      "02604" : {
        "mmconts" : [6, 6, 6],
        "acts" : [3, 2],
        "tstate" : { "idle" : 989750, "run" : 11685, "locked" : 0, "mmap" : 0 }
      },
      "02605" : {
        "mmconts" : [7, 7, 8],
        "acts" : [5, 4],
        "tstate" : { "idle" : 990927, "run" : 10410, "locked" : 0, "mmap" : 103 }
      }
    }
  },
  "benchmark_io" : {
    "simple_times" : {
      "mcount" : {
        "mcount" : { "1 -- 1" : 1 }
      }
    },
    "stream_method" : {
      "conns" : [1, 0],
      "in" : [132, 131],
      "out" : [51, 50],
      "mmtasks" : [0, 0, 1],
      "load" : 0.443,
      "mcount" : {
        "mcount" : { "Protocol error" : 1 }
      },
      "http_proto0" : {
        "mcount" : {
          "mcount" : { }
        }
      },
      "source_log" : {
        "delta" : [0, 0, 0]
      },
      "loggers" : {
        "brief_logger" : {
          "records" : [1, 0],
          "out" : [55, 54]
        },
        "benchmark_logger" : {
          "records" : [1, 0],
          "out" : [204, 203]
        }
      }
    }
  }
},
"2015-01-05 03:01:23.919 +0000" : {
  "main_scheduler" : {
    "bqs" : {
      "02604" : {
        "mmconts" : [6, 6, 6],
        "acts" : [3, 3],
        "tstate" : { "idle" : 987352, "run" : 11791, "locked" : 0, "mmap" : 0 }
      },
      "02605" : {
        "mmconts" : [6, 6, 7],
        "acts" : [5, 5],
        "tstate" : { "idle" : 988340, "run" : 10776, "locked" : 0, "mmap" : 24 }
      }
    }
  },
  "benchmark_io" : {
    "simple_times" : {
      "mcount" : {
        "mcount" : { "1 -- 2" : 1 }
      }
    },
    "stream_method" : {
      "conns" : [1, 1],
      "in" : [132, 132],
      "out" : [112, 112],
      "mmtasks" : [0, 0, 1],
      "load" : 0.437,
      "mcount" : {
        "mcount" : { "Protocol error" : 1 }
      },
      "http_proto0" : {
        "mcount" : {
          "mcount" : { }
        }
      },
      "source_log" : {
        "delta" : [0, 0, 0]
      },
      "loggers" : {
        "brief_logger" : {
          "records" : [1, 1],
          "out" : [56, 56]
        },
        "benchmark_logger" : {
          "records" : [1, 1],
          "out" : [266, 266]
        }
      }
    }
  }
},
"2015-01-05 03:01:24.920 +0000" : {
  "main_scheduler" : {
    "bqs" : {
      "02604" : {
        "mmconts" : [5, 5, 6],
        "acts" : [6, 5],
        "tstate" : { "idle" : 989769, "run" : 10465, "locked" : 0, "mmap" : 27 }
      },
      "02605" : {
        "mmconts" : [6, 6, 6],
        "acts" : [2, 1],
        "tstate" : { "idle" : 989730, "run" : 10528, "locked" : 0, "mmap" : 0 }
      }
    }
  },
  "benchmark_io" : {
    "simple_times" : {
      "mcount" : {
        "mcount" : { "1 -- 2" : 1 }
      }
    },
    "stream_method" : {
      "conns" : [1, 0],
      "in" : [132, 131],
      "out" : [51, 50],
      "mmtasks" : [0, 0, 1],
      "load" : 0.496,
      "mcount" : {
        "mcount" : { "Protocol error" : 1 }
      },
      "http_proto0" : {
        "mcount" : {
          "mcount" : { }
        }
      },
      "source_log" : {
        "delta" : [0, 0, 0]
      },
      "loggers" : {
        "brief_logger" : {
          "records" : [1, 0],
          "out" : [55, 54]
        },
        "benchmark_logger" : {
          "records" : [1, 0],
          "out" : [204, 203]
        }
      }
    }
  }
},
"2015-01-05 03:01:25.969 +0000" : {
  "main_scheduler" : {
    "bqs" : {
      "02604" : {
        "mmconts" : [5, 5, 5],
        "acts" : [3, 2],
        "tstate" : { "idle" : 1037587, "run" : 11540, "locked" : 0, "mmap" : 0 }
      },
      "02605" : {
        "mmconts" : [5, 5, 6],
        "acts" : [5, 4],
        "tstate" : { "idle" : 1037772, "run" : 11342, "locked" : 0, "mmap" : 18 }
      }
    }
  },
  "benchmark_io" : {
    "simple_times" : {
      "mcount" : {
        "mcount" : { "1 -- 1" : 1 }
      }
    },
    "stream_method" : {
      "conns" : [1, 0],
      "in" : [132, 125],
      "out" : [112, 106],
      "mmtasks" : [0, 0, 1],
      "load" : 0.415,
      "mcount" : {
        "mcount" : { "Protocol error" : 1 }
      },
      "http_proto0" : {
        "mcount" : {
          "mcount" : { }
        }
      },
      "source_log" : {
        "delta" : [0, 0, 0]
      },
      "loggers" : {
        "brief_logger" : {
          "records" : [1, 0],
          "out" : [56, 53]
        },
        "benchmark_logger" : {
          "records" : [1, 0],
          "out" : [266, 253]
        }
      }
    }
  }
},
"2015-01-05 03:01:26.919 +0000" : {
  "main_scheduler" : {
    "bqs" : {
      "02604" : {
        "mmconts" : [4, 4, 5],
        "acts" : [6, 6],
        "tstate" : { "idle" : 917033, "run" : 33623, "locked" : 0, "mmap" : 86 }
      },
      "02605" : {
        "mmconts" : [5, 5, 5],
        "acts" : [2, 2],
        "tstate" : { "idle" : 936496, "run" : 14252, "locked" : 0, "mmap" : 0 }
      }
    }
  },
  "benchmark_io" : {
    "simple_times" : {
      "mcount" : {
        "mcount" : { "1 -- 1" : 1 }
      }
    },
    "stream_method" : {
      "conns" : [1, 1],
      "in" : [132, 138],
      "out" : [51, 53],
      "mmtasks" : [0, 0, 1],
      "load" : 0.429,
      "mcount" : {
        "mcount" : { "Protocol error" : 1 }
      },
      "http_proto0" : {
        "mcount" : {
          "mcount" : { }
        }
      },
      "source_log" : {
        "delta" : [0, 0, 0]
      },
      "loggers" : {
        "brief_logger" : {
          "records" : [1, 1],
          "out" : [55, 57]
        },
        "benchmark_logger" : {
          "records" : [1, 1],
          "out" : [204, 214]
        }
      }
    }
  }
},
"2015-01-05 03:01:27.920 +0000" : {
  "main_scheduler" : {
    "bqs" : {
      "02604" : {
        "mmconts" : [4, 4, 4],
        "acts" : [3, 2],
        "tstate" : { "idle" : 977776, "run" : 22658, "locked" : 0, "mmap" : 0 }
      },
      "02605" : {
        "mmconts" : [4, 4, 5],
        "acts" : [5, 4],
        "tstate" : { "idle" : 988075, "run" : 12328, "locked" : 0, "mmap" : 19 }
      }
    }
  },
  "benchmark_io" : {
    "simple_times" : {
      "mcount" : {
        "mcount" : { "1 -- 1" : 1 }
      }
    },
    "stream_method" : {
      "conns" : [1, 0],
      "in" : [132, 131],
      "out" : [112, 111],
      "mmtasks" : [0, 0, 1],
      "load" : 0.411,
      "mcount" : {
        "mcount" : { "Protocol error" : 1 }
      },
      "http_proto0" : {
        "mcount" : {
          "mcount" : { }
        }
      },
      "source_log" : {
        "delta" : [0, 0, 0]
      },
      "loggers" : {
        "brief_logger" : {
          "records" : [1, 0],
          "out" : [56, 55]
        },
        "benchmark_logger" : {
          "records" : [1, 0],
          "out" : [266, 265]
        }
      }
    }
  }
},
"2015-01-05 03:01:28.920 +0000" : {
  "main_scheduler" : {
    "bqs" : {
      "02604" : {
        "mmconts" : [3, 3, 4],
        "acts" : [6, 5],
        "tstate" : { "idle" : 988089, "run" : 11922, "locked" : 0, "mmap" : 20 }
      },
      "02605" : {
        "mmconts" : [4, 4, 4],
        "acts" : [2, 1],
        "tstate" : { "idle" : 988731, "run" : 11302, "locked" : 0, "mmap" : 0 }
      }
    }
  },
  "benchmark_io" : {
    "simple_times" : {
      "mcount" : {
        "mcount" : { "1 -- 1" : 1 }
      }
    },
    "stream_method" : {
      "conns" : [1, 0],
      "in" : [132, 131],
      "out" : [51, 50],
      "mmtasks" : [0, 0, 1],
      "load" : 0.373,
      "mcount" : {
        "mcount" : { "Protocol error" : 1 }
      },
      "http_proto0" : {
        "mcount" : {
          "mcount" : { }
        }
      },
      "source_log" : {
        "delta" : [0, 0, 0]
      },
      "loggers" : {
        "brief_logger" : {
          "records" : [1, 0],
          "out" : [55, 54]
        },
        "benchmark_logger" : {
          "records" : [1, 0],
          "out" : [204, 203]
        }
      }
    }
  }
},
"2015-01-05 03:01:29.787 +0000" : {
  "main_scheduler" : {
    "bqs" : {
      "02604" : {
        "mmconts" : [3, 3, 3],
        "acts" : [3, 3],
        "tstate" : { "idle" : 858487, "run" : 9022, "locked" : 0, "mmap" : 0 }
      },
      "02605" : {
        "mmconts" : [3, 3, 4],
        "acts" : [5, 5],
        "tstate" : { "idle" : 859266, "run" : 8206, "locked" : 0, "mmap" : 37 }
      }
    }
  },
  "benchmark_io" : {
    "simple_times" : {
      "mcount" : {
        "mcount" : { "1 -- 1" : 1 }
      }
    },
    "stream_method" : {
      "conns" : [1, 1],
      "in" : [132, 152],
      "out" : [112, 129],
      "mmtasks" : [0, 0, 1],
      "load" : 0.475,
      "mcount" : {
        "mcount" : { "Protocol error" : 1 }
      },
      "http_proto0" : {
        "mcount" : {
          "mcount" : { }
        }
      },
      "source_log" : {
        "delta" : [0, 0, 0]
      },
      "loggers" : {
        "brief_logger" : {
          "records" : [1, 1],
          "out" : [56, 64]
        },
        "benchmark_logger" : {
          "records" : [1, 1],
          "out" : [266, 306]
        }
      }
    }
  }
}