2015-01-05 03:00:30.783 +0000 [info] [] Start
2015-01-05 03:00:30.787 +0000 [error] [benchmark_io 000] 400 Not a HTTP reply (#3)
2015-01-05 03:00:30.791 +0000 [error] [benchmark_io 000] Not a HTTP reply (#3)
2015-01-05 03:00:30.802 +0000 [error] [benchmark_io 058] format error
2015-01-05 03:00:31.790 +0000 [error] [benchmark_io 001] 400 Not a HTTP reply (#3)
2015-01-05 03:00:31.790 +0000 [error] [benchmark_io 001] Not a HTTP reply (#3)
2015-01-05 03:00:32.788 +0000 [error] [benchmark_io 003] 400 Not a HTTP reply (#3)
2015-01-05 03:00:32.788 +0000 [error] [benchmark_io 003] Not a HTTP reply (#3)
2015-01-05 03:00:33.787 +0000 [error] [benchmark_io 002] 400 Not a HTTP reply (#3)
2015-01-05 03:00:33.788 +0000 [error] [benchmark_io 002] Not a HTTP reply (#3)
2015-01-05 03:00:34.787 +0000 [error] [benchmark_io 005] 400 Not a HTTP reply (#3)
2015-01-05 03:00:34.787 +0000 [error] [benchmark_io 005] Not a HTTP reply (#3)
2015-01-05 03:00:35.786 +0000 [error] [benchmark_io 007] 400 Not a HTTP reply (#3)
2015-01-05 03:00:35.786 +0000 [error] [benchmark_io 007] Not a HTTP reply (#3)
2015-01-05 03:00:36.787 +0000 [error] [benchmark_io 004] 400 Not a HTTP reply (#3)
2015-01-05 03:00:36.787 +0000 [error] [benchmark_io 004] Not a HTTP reply (#3)
2015-01-05 03:00:37.786 +0000 [error] [benchmark_io 006] 400 Not a HTTP reply (#3)
2015-01-05 03:00:37.786 +0000 [error] [benchmark_io 006] Not a HTTP reply (#3)
2015-01-05 03:00:38.786 +0000 [error] [benchmark_io 009] 400 Not a HTTP reply (#3)
2015-01-05 03:00:38.786 +0000 [error] [benchmark_io 009] Not a HTTP reply (#3)
2015-01-05 03:00:39.786 +0000 [error] [benchmark_io 008] 400 Not a HTTP reply (#3)
2015-01-05 03:00:39.786 +0000 [error] [benchmark_io 008] Not a HTTP reply (#3)
2015-01-05 03:00:40.787 +0000 [error] [benchmark_io 010] 400 Not a HTTP reply (#3)
2015-01-05 03:00:40.787 +0000 [error] [benchmark_io 010] Not a HTTP reply (#3)
2015-01-05 03:00:41.786 +0000 [error] [benchmark_io 011] 400 Not a HTTP reply (#3)
2015-01-05 03:00:41.786 +0000 [error] [benchmark_io 011] Not a HTTP reply (#3)
2015-01-05 03:00:42.787 +0000 [error] [benchmark_io 013] 400 Not a HTTP reply (#3)
2015-01-05 03:00:42.787 +0000 [error] [benchmark_io 013] Not a HTTP reply (#3)
2015-01-05 03:00:43.786 +0000 [error] [benchmark_io 015] 400 Not a HTTP reply (#3)
2015-01-05 03:00:43.786 +0000 [error] [benchmark_io 015] Not a HTTP reply (#3)
2015-01-05 03:00:44.787 +0000 [error] [benchmark_io 017] 400 Not a HTTP reply (#3)
2015-01-05 03:00:44.787 +0000 [error] [benchmark_io 017] Not a HTTP reply (#3)
2015-01-05 03:00:45.788 +0000 [error] [benchmark_io 019] 400 Not a HTTP reply (#3)
2015-01-05 03:00:45.788 +0000 [error] [benchmark_io 019] Not a HTTP reply (#3)
2015-01-05 03:00:46.787 +0000 [error] [benchmark_io 021] 400 Not a HTTP reply (#3)
2015-01-05 03:00:46.787 +0000 [error] [benchmark_io 021] Not a HTTP reply (#3)
2015-01-05 03:00:47.786 +0000 [error] [benchmark_io 023] 400 Not a HTTP reply (#3)
2015-01-05 03:00:47.786 +0000 [error] [benchmark_io 023] Not a HTTP reply (#3)
2015-01-05 03:00:48.787 +0000 [error] [benchmark_io 000] 400 Not a HTTP reply (#3)
2015-01-05 03:00:48.787 +0000 [error] [benchmark_io 000] Not a HTTP reply (#3)
2015-01-05 03:00:49.786 +0000 [error] [benchmark_io 025] 400 Not a HTTP reply (#3)
2015-01-05 03:00:49.786 +0000 [error] [benchmark_io 025] Not a HTTP reply (#3)
2015-01-05 03:00:50.787 +0000 [error] [benchmark_io 012] 400 Not a HTTP reply (#3)
2015-01-05 03:00:50.787 +0000 [error] [benchmark_io 012] Not a HTTP reply (#3)
2015-01-05 03:00:51.786 +0000 [error] [benchmark_io 014] 400 Not a HTTP reply (#3)
2015-01-05 03:00:51.786 +0000 [error] [benchmark_io 014] Not a HTTP reply (#3)
2015-01-05 03:00:52.786 +0000 [error] [benchmark_io 016] 400 Not a HTTP reply (#3)
2015-01-05 03:00:52.786 +0000 [error] [benchmark_io 016] Not a HTTP reply (#3)
2015-01-05 03:00:53.787 +0000 [error] [benchmark_io 018] 400 Not a HTTP reply (#3)
2015-01-05 03:00:53.787 +0000 [error] [benchmark_io 018] Not a HTTP reply (#3)
2015-01-05 03:00:54.787 +0000 [error] [benchmark_io 027] 400 Not a HTTP reply (#3)
2015-01-05 03:00:54.787 +0000 [error] [benchmark_io 027] Not a HTTP reply (#3)
2015-01-05 03:00:55.786 +0000 [error] [benchmark_io 020] 400 Not a HTTP reply (#3)
2015-01-05 03:00:55.786 +0000 [error] [benchmark_io 020] Not a HTTP reply (#3)
2015-01-05 03:00:56.789 +0000 [error] [benchmark_io 022] 400 Not a HTTP reply (#3)
2015-01-05 03:00:56.789 +0000 [error] [benchmark_io 022] Not a HTTP reply (#3)
2015-01-05 03:00:57.787 +0000 [error] [benchmark_io 024] 400 Not a HTTP reply (#3)
2015-01-05 03:00:57.787 +0000 [error] [benchmark_io 024] Not a HTTP reply (#3)
2015-01-05 03:00:58.787 +0000 [error] [benchmark_io 026] 400 Not a HTTP reply (#3)
2015-01-05 03:00:58.787 +0000 [error] [benchmark_io 026] Not a HTTP reply (#3)
2015-01-05 03:00:59.787 +0000 [error] [benchmark_io 028] 400 Not a HTTP reply (#3)
2015-01-05 03:00:59.787 +0000 [error] [benchmark_io 028] Not a HTTP reply (#3)
2015-01-05 03:01:00.787 +0000 [error] [benchmark_io 029] 400 Not a HTTP reply (#3)
2015-01-05 03:01:00.787 +0000 [error] [benchmark_io 029] Not a HTTP reply (#3)
2015-01-05 03:01:01.786 +0000 [error] [benchmark_io 031] 400 Not a HTTP reply (#3)
2015-01-05 03:01:01.787 +0000 [error] [benchmark_io 031] Not a HTTP reply (#3)
2015-01-05 03:01:02.786 +0000 [error] [benchmark_io 030] 400 Not a HTTP reply (#3)
2015-01-05 03:01:02.786 +0000 [error] [benchmark_io 030] Not a HTTP reply (#3)
2015-01-05 03:01:03.786 +0000 [error] [benchmark_io 032] 400 Not a HTTP reply (#3)
2015-01-05 03:01:03.786 +0000 [error] [benchmark_io 032] Not a HTTP reply (#3)
2015-01-05 03:01:04.787 +0000 [error] [benchmark_io 033] 400 Not a HTTP reply (#3)
2015-01-05 03:01:04.787 +0000 [error] [benchmark_io 033] Not a HTTP reply (#3)
2015-01-05 03:01:05.786 +0000 [error] [benchmark_io 035] 400 Not a HTTP reply (#3)
2015-01-05 03:01:05.786 +0000 [error] [benchmark_io 035] Not a HTTP reply (#3)
2015-01-05 03:01:06.786 +0000 [error] [benchmark_io 034] 400 Not a HTTP reply (#3)
2015-01-05 03:01:06.786 +0000 [error] [benchmark_io 034] Not a HTTP reply (#3)
2015-01-05 03:01:07.786 +0000 [error] [benchmark_io 036] 400 Not a HTTP reply (#3)
2015-01-05 03:01:07.786 +0000 [error] [benchmark_io 036] Not a HTTP reply (#3)
2015-01-05 03:01:08.786 +0000 [error] [benchmark_io 037] 400 Not a HTTP reply (#3)
2015-01-05 03:01:08.786 +0000 [error] [benchmark_io 037] Not a HTTP reply (#3)
2015-01-05 03:01:09.786 +0000 [error] [benchmark_io 038] 400 Not a HTTP reply (#3)
2015-01-05 03:01:09.786 +0000 [error] [benchmark_io 038] Not a HTTP reply (#3)
2015-01-05 03:01:10.786 +0000 [error] [benchmark_io 039] 400 Not a HTTP reply (#3)
2015-01-05 03:01:10.786 +0000 [error] [benchmark_io 039] Not a HTTP reply (#3)
2015-01-05 03:01:11.787 +0000 [error] [benchmark_io 041] 400 Not a HTTP reply (#3)
2015-01-05 03:01:11.787 +0000 [error] [benchmark_io 041] Not a HTTP reply (#3)
2015-01-05 03:01:12.786 +0000 [error] [benchmark_io 040] 400 Not a HTTP reply (#3)
2015-01-05 03:01:12.786 +0000 [error] [benchmark_io 040] Not a HTTP reply (#3)
2015-01-05 03:01:13.786 +0000 [error] [benchmark_io 042] 400 Not a HTTP reply (#3)
2015-01-05 03:01:13.786 +0000 [error] [benchmark_io 042] Not a HTTP reply (#3)
2015-01-05 03:01:14.788 +0000 [error] [benchmark_io 043] 400 Not a HTTP reply (#3)
2015-01-05 03:01:14.788 +0000 [error] [benchmark_io 043] Not a HTTP reply (#3)
2015-01-05 03:01:15.787 +0000 [error] [benchmark_io 045] 400 Not a HTTP reply (#3)
2015-01-05 03:01:15.787 +0000 [error] [benchmark_io 045] Not a HTTP reply (#3)
2015-01-05 03:01:16.787 +0000 [error] [benchmark_io 044] 400 Not a HTTP reply (#3)
2015-01-05 03:01:16.787 +0000 [error] [benchmark_io 044] Not a HTTP reply (#3)
2015-01-05 03:01:17.787 +0000 [error] [benchmark_io 046] 400 Not a HTTP reply (#3)
2015-01-05 03:01:17.787 +0000 [error] [benchmark_io 046] Not a HTTP reply (#3)
2015-01-05 03:01:18.787 +0000 [error] [benchmark_io 047] 400 Not a HTTP reply (#3)
2015-01-05 03:01:18.787 +0000 [error] [benchmark_io 047] Not a HTTP reply (#3)
2015-01-05 03:01:19.787 +0000 [error] [benchmark_io 049] 400 Not a HTTP reply (#3)
2015-01-05 03:01:19.787 +0000 [error] [benchmark_io 049] Not a HTTP reply (#3)
2015-01-05 03:01:20.786 +0000 [error] [benchmark_io 048] 400 Not a HTTP reply (#3)
2015-01-05 03:01:20.786 +0000 [error] [benchmark_io 048] Not a HTTP reply (#3)
2015-01-05 03:01:21.786 +0000 [error] [benchmark_io 050] 400 Not a HTTP reply (#3)
2015-01-05 03:01:21.786 +0000 [error] [benchmark_io 050] Not a HTTP reply (#3)
2015-01-05 03:01:22.786 +0000 [error] [benchmark_io 051] 400 Not a HTTP reply (#3)
2015-01-05 03:01:22.786 +0000 [error] [benchmark_io 051] Not a HTTP reply (#3)
2015-01-05 03:01:23.786 +0000 [error] [benchmark_io 053] 400 Not a HTTP reply (#3)
2015-01-05 03:01:23.786 +0000 [error] [benchmark_io 053] Not a HTTP reply (#3)
2015-01-05 03:01:24.786 +0000 [error] [benchmark_io 052] 400 Not a HTTP reply (#3)
2015-01-05 03:01:24.786 +0000 [error] [benchmark_io 052] Not a HTTP reply (#3)
2015-01-05 03:01:25.786 +0000 [error] [benchmark_io 055] 400 Not a HTTP reply (#3)
2015-01-05 03:01:25.786 +0000 [error] [benchmark_io 055] Not a HTTP reply (#3)
2015-01-05 03:01:26.787 +0000 [error] [benchmark_io 054] 400 Not a HTTP reply (#3)
2015-01-05 03:01:26.787 +0000 [error] [benchmark_io 054] Not a HTTP reply (#3)
2015-01-05 03:01:27.786 +0000 [error] [benchmark_io 057] 400 Not a HTTP reply (#3)
2015-01-05 03:01:27.786 +0000 [error] [benchmark_io 057] Not a HTTP reply (#3)
2015-01-05 03:01:28.786 +0000 [error] [benchmark_io 056] 400 Not a HTTP reply (#3)
2015-01-05 03:01:28.786 +0000 [error] [benchmark_io 056] Not a HTTP reply (#3)
2015-01-05 03:01:29.786 +0000 [error] [benchmark_io 059] 400 Not a HTTP reply (#3)
2015-01-05 03:01:29.787 +0000 [error] [benchmark_io 059] Not a HTTP reply (#3)
2015-01-05 03:01:29.788 +0000 [error] [monitor_io] bq_sleep: Operation canceled
2015-01-05 03:01:29.788 +0000 [error] [phantom_logger] bq_sleep: Operation canceled
2015-01-05 03:01:29.789 +0000 [error] [benchmark_io stream_method benchmark_logger] bq_sleep: Operation canceled
2015-01-05 03:01:29.789 +0000 [error] [monitor_io] bq_sleep: Operation canceled
2015-01-05 03:01:29.789 +0000 [error] [benchmark_io stream_method brief_logger] bq_sleep: Operation canceled
2015-01-05 03:01:29.790 +0000 [info] [] Exit
