51 157 2003882 2003245 71
GET /loc/get/user1 HTTP/1.0
Host: localhost:80


HTTP/1.1 200
Server: nginx/1.4.1
Date: Mon, 05 Jan 2015 03:06:11 GMT
Content-Type: text/html
Connection: close

{ "status": "some 404 error happened" }
112 157 2002433 2001210 71
POST /loc/put HTTP/1.0
Host: localhost:80
Content-Length: 43

{ "user": "test-user", "lat": 1, "lon": 2 }

HTTP/1.1 200
Server: nginx/1.4.1
Date: Mon, 05 Jan 2015 03:06:12 GMT
Content-Type: text/html
Connection: close

{ "status": "some 404 error happened" }
51 157 2001551 2000946 71
GET /loc/get/user1 HTTP/1.0
Host: localhost:80


HTTP/1.1 200
Server: nginx/1.4.1
Date: Mon, 05 Jan 2015 03:06:13 GMT
Content-Type: text/html
Connection: close

{ "status": "some 404 error happened" }
112 157 2001590 2001040 71
POST /loc/put HTTP/1.0
Host: localhost:80
Content-Length: 43

{ "user": "test-user", "lat": 1, "lon": 2 }

HTTP/1.1 200
Server: nginx/1.4.1
Date: Mon, 05 Jan 2015 03:06:14 GMT
Content-Type: text/html
Connection: close

{ "status": "some 404 error happened" }
51 157 2001754 2001164 71
GET /loc/get/user1 HTTP/1.0
Host: localhost:80


HTTP/1.1 200
Server: nginx/1.4.1
Date: Mon, 05 Jan 2015 03:06:15 GMT
Content-Type: text/html
Connection: close

{ "status": "some 404 error happened" }
