51 132 2002041 2001234 71
GET /loc/get/user1 HTTP/1.0
Host: localhost:80


HTTP/1.1 404
Server: nginx/1.4.1
Date: Mon, 05 Jan 2015 03:04:20 GMT
Connection: close

{ "status": "some 404 error happened" }
112 132 2002313 2001524 71
POST /loc/put HTTP/1.0
Host: localhost:80
Content-Length: 43

{ "user": "test-user", "lat": 1, "lon": 2 }

HTTP/1.1 404
Server: nginx/1.4.1
Date: Mon, 05 Jan 2015 03:04:21 GMT
Connection: close

{ "status": "some 404 error happened" }
51 132 2002467 2001845 71
GET /loc/get/user1 HTTP/1.0
Host: localhost:80


HTTP/1.1 404
Server: nginx/1.4.1
Date: Mon, 05 Jan 2015 03:04:22 GMT
Connection: close

{ "status": "some 404 error happened" }
112 132 2002170 2001551 71
POST /loc/put HTTP/1.0
Host: localhost:80
Content-Length: 43

{ "user": "test-user", "lat": 1, "lon": 2 }

HTTP/1.1 404
Server: nginx/1.4.1
Date: Mon, 05 Jan 2015 03:04:23 GMT
Connection: close

{ "status": "some 404 error happened" }
