51 132 2107928 2107176 71
GET /loc/get/user1 HTTP/1.0
Host: localhost:80


HTTP/1.1 200
Server: nginx/1.4.1
Date: Mon, 05 Jan 2015 03:04:51 GMT
Connection: close

{ "status": "some 404 error happened" }
112 132 2004508 2003367 71
POST /loc/put HTTP/1.0
Host: localhost:80
Content-Length: 43

{ "user": "test-user", "lat": 1, "lon": 2 }

HTTP/1.1 200
Server: nginx/1.4.1
Date: Mon, 05 Jan 2015 03:04:52 GMT
Connection: close

{ "status": "some 404 error happened" }
51 132 2001550 2000997 71
GET /loc/get/user1 HTTP/1.0
Host: localhost:80


HTTP/1.1 200
Server: nginx/1.4.1
Date: Mon, 05 Jan 2015 03:04:53 GMT
Connection: close

{ "status": "some 404 error happened" }
112 132 2001890 2001257 71
POST /loc/put HTTP/1.0
Host: localhost:80
Content-Length: 43

{ "user": "test-user", "lat": 1, "lon": 2 }

HTTP/1.1 200
Server: nginx/1.4.1
Date: Mon, 05 Jan 2015 03:04:54 GMT
Connection: close

{ "status": "some 404 error happened" }
51 132 2001500 2001050 71
GET /loc/get/user1 HTTP/1.0
Host: localhost:80


HTTP/1.1 200
Server: nginx/1.4.1
Date: Mon, 05 Jan 2015 03:04:55 GMT
Connection: close

{ "status": "some 404 error happened" }
