"2015-01-05 03:06:54.389 +0000" : {
  "main_scheduler" : {
    "bqs" : {
      "03596" : {
        "mmconts" : [0, 33, 56],
        "acts" : [507, 440],
        "tstate" : { "idle" : 1023762, "run" : 41613, "locked" : 84133, "mmap" : 363 }
      },
      "03597" : {
        "mmconts" : [0, 32, 34],
        "acts" : [6, 5],
        "tstate" : { "idle" : 993309, "run" : 106742, "locked" : 27688, "mmap" : 21924 }
      }
    }
  },
  "benchmark_io" : {
    "simple_times" : {
      "mcount" : {
        "mcount" : { }
      }
    },
    "stream_method" : {
      "conns" : [2, 1],
      "in" : [0, 0],
      "out" : [163, 141],
      "mmtasks" : [0, 1, 2],
      "load" : 0.000,
      "mcount" : {
        "mcount" : { }
      },
      "http_proto0" : {
        "mcount" : {
          "mcount" : { }
        }
      },
      "source_log" : {
        "delta" : [0, 0, 1366]
      },
      "loggers" : {
        "brief_logger" : {
          "records" : [0, 0],
          "out" : [0, 0]
        },
        "benchmark_logger" : {
          "records" : [0, 0],
          "out" : [0, 0]
        }
      }
    }
  }
},
"2015-01-05 03:06:55.389 +0000" : {
  "main_scheduler" : {
    "bqs" : {
      "03596" : {
        "mmconts" : [32, 32, 33],
        "acts" : [4, 4],
        "tstate" : { "idle" : 989731, "run" : 9522, "locked" : 0, "mmap" : 0 }
      },
      "03597" : {
        "mmconts" : [33, 33, 33],
        "acts" : [4, 4],
        "tstate" : { "idle" : 990357, "run" : 8893, "locked" : 0, "mmap" : 0 }
      }
    }
  },
  "benchmark_io" : {
    "simple_times" : {
      "mcount" : {
        "mcount" : { "1710 -- 2723" : 1 }
      }
    },
    "stream_method" : {
      "conns" : [1, 1],
      "in" : [324, 324],
      "out" : [51, 51],
      "mmtasks" : [2, 2, 3],
      "load" : 0.001,
      "mcount" : {
        "mcount" : { "Protocol error" : 1 }
      },
      "http_proto0" : {
        "mcount" : {
          "mcount" : { }
        }
      },
      "source_log" : {
        "delta" : [0, 0, 0]
      },
      "loggers" : {
        "brief_logger" : {
          "records" : [1, 1],
          "out" : [69, 69]
        },
        "benchmark_logger" : {
          "records" : [1, 1],
          "out" : [403, 403]
        }
      }
    }
  }
},
"2015-01-05 03:06:56.389 +0000" : {
  "main_scheduler" : {
    "bqs" : {
      "03596" : {
        "mmconts" : [32, 32, 32],
        "acts" : [3, 2],
        "tstate" : { "idle" : 991341, "run" : 8875, "locked" : 0, "mmap" : 0 }
      },
      "03597" : {
        "mmconts" : [32, 32, 33],
        "acts" : [5, 4],
        "tstate" : { "idle" : 990508, "run" : 9702, "locked" : 0, "mmap" : 0 }
      }
    }
  },
  "benchmark_io" : {
    "simple_times" : {
      "mcount" : {
        "mcount" : { "1710 -- 2723" : 1 }
      }
    },
    "stream_method" : {
      "conns" : [1, 0],
      "in" : [324, 323],
      "out" : [112, 111],
      "mmtasks" : [2, 2, 3],
      "load" : 0.000,
      "mcount" : {
        "mcount" : { "Protocol error" : 1 }
      },
      "http_proto0" : {
        "mcount" : {
          "mcount" : { }
        }
      },
      "source_log" : {
        "delta" : [0, 0, 0]
      },
      "loggers" : {
        "brief_logger" : {
          "records" : [1, 0],
          "out" : [69, 68]
        },
        "benchmark_logger" : {
          "records" : [1, 0],
          "out" : [465, 464]
        }
      }
    }
  }
},
"2015-01-05 03:06:57.389 +0000" : {
  "main_scheduler" : {
    "bqs" : {
      "03596" : {
        "mmconts" : [32, 32, 32],
        "acts" : [5, 5],
        "tstate" : { "idle" : 985495, "run" : 14076, "locked" : 0, "mmap" : 0 }
      },
      "03597" : {
        "mmconts" : [31, 31, 32],
        "acts" : [3, 3],
        "tstate" : { "idle" : 987884, "run" : 11692, "locked" : 0, "mmap" : 0 }
      }
    }
  },
  "benchmark_io" : {
    "simple_times" : {
      "mcount" : {
        "mcount" : { "1710 -- 2723" : 1 }
      }
    },
    "stream_method" : {
      "conns" : [1, 1],
      "in" : [324, 324],
      "out" : [51, 51],
      "mmtasks" : [2, 2, 3],
      "load" : 0.000,
      "mcount" : {
        "mcount" : { "Protocol error" : 1 }
      },
      "http_proto0" : {
        "mcount" : {
          "mcount" : { }
        }
      },
      "source_log" : {
        "delta" : [0, 0, 0]
      },
      "loggers" : {
        "brief_logger" : {
          "records" : [1, 1],
          "out" : [66, 66]
        },
        "benchmark_logger" : {
          "records" : [1, 1],
          "out" : [403, 403]
        }
      }
    }
  }
},
"2015-01-05 03:06:58.389 +0000" : {
  "main_scheduler" : {
    "bqs" : {
      "03596" : {
        "mmconts" : [32, 32, 32],
        "acts" : [5, 4],
        "tstate" : { "idle" : 990449, "run" : 9604, "locked" : 0, "mmap" : 0 }
      },
      "03597" : {
        "mmconts" : [30, 30, 31],
        "acts" : [3, 2],
        "tstate" : { "idle" : 989814, "run" : 10235, "locked" : 0, "mmap" : 0 }
      }
    }
  },
  "benchmark_io" : {
    "simple_times" : {
      "mcount" : {
        "mcount" : { "1710 -- 2723" : 1 }
      }
    },
    "stream_method" : {
      "conns" : [1, 0],
      "in" : [324, 323],
      "out" : [112, 111],
      "mmtasks" : [2, 2, 3],
      "load" : 0.000,
      "mcount" : {
        "mcount" : { "Protocol error" : 1 }
      },
      "http_proto0" : {
        "mcount" : {
          "mcount" : { }
        }
      },
      "source_log" : {
        "delta" : [0, 0, 0]
      },
      "loggers" : {
        "brief_logger" : {
          "records" : [1, 0],
          "out" : [67, 66]
        },
        "benchmark_logger" : {
          "records" : [1, 0],
          "out" : [465, 464]
        }
      }
    }
  }
},
"2015-01-05 03:06:59.308 +0000" : {
  "main_scheduler" : {
    "bqs" : {
      "03596" : {
        "mmconts" : [31, 31, 32],
        "acts" : [6, 6],
        "tstate" : { "idle" : 909659, "run" : 10192, "locked" : 0, "mmap" : 0 }
      },
      "03597" : {
        "mmconts" : [30, 30, 30],
        "acts" : [1, 1],
        "tstate" : { "idle" : 910688, "run" : 9267, "locked" : 0, "mmap" : 0 }
      }
    }
  },
  "benchmark_io" : {
    "simple_times" : {
      "mcount" : {
        "mcount" : { "1710 -- 2723" : 1 }
      }
    },
    "stream_method" : {
      "conns" : [1, 1],
      "in" : [324, 352],
      "out" : [51, 55],
      "mmtasks" : [2, 2, 3],
      "load" : 0.000,
      "mcount" : {
        "mcount" : { "Protocol error" : 1 }
      },
      "http_proto0" : {
        "mcount" : {
          "mcount" : { }
        }
      },
      "source_log" : {
        "delta" : [0, 0, 0]
      },
      "loggers" : {
        "brief_logger" : {
          "records" : [1, 1],
          "out" : [66, 71]
        },
        "benchmark_logger" : {
          "records" : [1, 1],
          "out" : [403, 438]
        }
      }
    }
  }
}