"2015-01-05 03:07:35.860 +0000" : {
  "main_scheduler" : {
    "bqs" : {
      "03792" : {
        "mmconts" : [0, 5, 105],
        "acts" : [508, 449],
        "tstate" : { "idle" : 1034034, "run" : 52748, "locked" : 40279, "mmap" : 3613 }
      },
      "03793" : {
        "mmconts" : [0, 60, 62],
        "acts" : [7, 6],
        "tstate" : { "idle" : 994869, "run" : 107286, "locked" : 23332, "mmap" : 4973 }
      }
    }
  },
  "benchmark_io" : {
    "simple_times" : {
      "mcount" : {
        "mcount" : { "41 -- 65" : 1, "1 -- 1" : 1 }
      }
    },
    "stream_method" : {
      "conns" : [2, 1],
      "in" : [334, 294],
      "out" : [163, 143],
      "mmtasks" : [0, 0, 1],
      "load" : 0.024,
      "mcount" : {
        "mcount" : { "Success" : 2 }
      },
      "http_proto0" : {
        "mcount" : {
          "mcount" : { "OK" : 2 }
        }
      },
      "source_log" : {
        "delta" : [0, 0, 2358]
      },
      "loggers" : {
        "brief_logger" : {
          "records" : [2, 1],
          "out" : [119, 104]
        },
        "benchmark_logger" : {
          "records" : [0, 0],
          "out" : [0, 0]
        }
      }
    }
  }
},
"2015-01-05 03:07:36.860 +0000" : {
  "main_scheduler" : {
    "bqs" : {
      "03792" : {
        "mmconts" : [3, 3, 4],
        "acts" : [6, 6],
        "tstate" : { "idle" : 989177, "run" : 10053, "locked" : 0, "mmap" : 25 }
      },
      "03793" : {
        "mmconts" : [60, 60, 60],
        "acts" : [2, 2],
        "tstate" : { "idle" : 988627, "run" : 10629, "locked" : 0, "mmap" : 0 }
      }
    }
  },
  "benchmark_io" : {
    "simple_times" : {
      "mcount" : {
        "mcount" : { "1 -- 1" : 1 }
      }
    },
    "stream_method" : {
      "conns" : [1, 1],
      "in" : [167, 167],
      "out" : [51, 51],
      "mmtasks" : [0, 0, 1],
      "load" : 0.393,
      "mcount" : {
        "mcount" : { "Success" : 1 }
      },
      "http_proto0" : {
        "mcount" : {
          "mcount" : { "OK" : 1 }
        }
      },
      "source_log" : {
        "delta" : [0, 0, 0]
      },
      "loggers" : {
        "brief_logger" : {
          "records" : [1, 1],
          "out" : [56, 56]
        },
        "benchmark_logger" : {
          "records" : [0, 0],
          "out" : [0, 0]
        }
      }
    }
  }
},
"2015-01-05 03:07:37.859 +0000" : {
  "main_scheduler" : {
    "bqs" : {
      "03792" : {
        "mmconts" : [3, 3, 3],
        "acts" : [3, 3],
        "tstate" : { "idle" : 989621, "run" : 10213, "locked" : 0, "mmap" : 0 }
      },
      "03793" : {
        "mmconts" : [59, 59, 60],
        "acts" : [5, 5],
        "tstate" : { "idle" : 991087, "run" : 8727, "locked" : 0, "mmap" : 20 }
      }
    }
  },
  "benchmark_io" : {
    "simple_times" : {
      "mcount" : {
        "mcount" : { "1 -- 1" : 1 }
      }
    },
    "stream_method" : {
      "conns" : [1, 1],
      "in" : [167, 167],
      "out" : [112, 112],
      "mmtasks" : [0, 0, 1],
      "load" : 0.359,
      "mcount" : {
        "mcount" : { "Success" : 1 }
      },
      "http_proto0" : {
        "mcount" : {
          "mcount" : { "OK" : 1 }
        }
      },
      "source_log" : {
        "delta" : [0, 0, 0]
      },
      "loggers" : {
        "brief_logger" : {
          "records" : [1, 1],
          "out" : [57, 57]
        },
        "benchmark_logger" : {
          "records" : [0, 0],
          "out" : [0, 0]
        }
      }
    }
  }
},
"2015-01-05 03:07:38.860 +0000" : {
  "main_scheduler" : {
    "bqs" : {
      "03792" : {
        "mmconts" : [3, 3, 3],
        "acts" : [3, 2],
        "tstate" : { "idle" : 991306, "run" : 9756, "locked" : 0, "mmap" : 0 }
      },
      "03793" : {
        "mmconts" : [58, 58, 59],
        "acts" : [5, 4],
        "tstate" : { "idle" : 991477, "run" : 9578, "locked" : 0, "mmap" : 21 }
      }
    }
  },
  "benchmark_io" : {
    "simple_times" : {
      "mcount" : {
        "mcount" : { "1 -- 1" : 1 }
      }
    },
    "stream_method" : {
      "conns" : [1, 0],
      "in" : [167, 166],
      "out" : [51, 50],
      "mmtasks" : [0, 0, 1],
      "load" : 0.406,
      "mcount" : {
        "mcount" : { "Success" : 1 }
      },
      "http_proto0" : {
        "mcount" : {
          "mcount" : { "OK" : 1 }
        }
      },
      "source_log" : {
        "delta" : [0, 0, 0]
      },
      "loggers" : {
        "brief_logger" : {
          "records" : [1, 0],
          "out" : [57, 56]
        },
        "benchmark_logger" : {
          "records" : [0, 0],
          "out" : [0, 0]
        }
      }
    }
  }
},
"2015-01-05 03:07:39.860 +0000" : {
  "main_scheduler" : {
    "bqs" : {
      "03792" : {
        "mmconts" : [3, 3, 3],
        "acts" : [3, 3],
        "tstate" : { "idle" : 989835, "run" : 10064, "locked" : 0, "mmap" : 0 }
      },
      "03793" : {
        "mmconts" : [57, 57, 58],
        "acts" : [5, 5],
        "tstate" : { "idle" : 989033, "run" : 10755, "locked" : 0, "mmap" : 97 }
      }
    }
  },
  "benchmark_io" : {
    "simple_times" : {
      "mcount" : {
        "mcount" : { "1 -- 2" : 1 }
      }
    },
    "stream_method" : {
      "conns" : [1, 1],
      "in" : [167, 167],
      "out" : [112, 112],
      "mmtasks" : [0, 0, 1],
      "load" : 0.596,
      "mcount" : {
        "mcount" : { "Success" : 1 }
      },
      "http_proto0" : {
        "mcount" : {
          "mcount" : { "OK" : 1 }
        }
      },
      "source_log" : {
        "delta" : [0, 0, 0]
      },
      "loggers" : {
        "brief_logger" : {
          "records" : [1, 1],
          "out" : [57, 57]
        },
        "benchmark_logger" : {
          "records" : [0, 0],
          "out" : [0, 0]
        }
      }
    }
  }
},
"2015-01-05 03:07:40.860 +0000" : {
  "main_scheduler" : {
    "bqs" : {
      "03792" : {
        "mmconts" : [3, 3, 3],
        "acts" : [3, 2],
        "tstate" : { "idle" : 989103, "run" : 10946, "locked" : 0, "mmap" : 0 }
      },
      "03793" : {
        "mmconts" : [56, 56, 57],
        "acts" : [5, 4],
        "tstate" : { "idle" : 990397, "run" : 9635, "locked" : 0, "mmap" : 17 }
      }
    }
  },
  "benchmark_io" : {
    "simple_times" : {
      "mcount" : {
        "mcount" : { "1 -- 1" : 1 }
      }
    },
    "stream_method" : {
      "conns" : [1, 0],
      "in" : [167, 166],
      "out" : [51, 50],
      "mmtasks" : [0, 0, 1],
      "load" : 0.378,
      "mcount" : {
        "mcount" : { "Success" : 1 }
      },
      "http_proto0" : {
        "mcount" : {
          "mcount" : { "OK" : 1 }
        }
      },
      "source_log" : {
        "delta" : [0, 0, 0]
      },
      "loggers" : {
        "brief_logger" : {
          "records" : [1, 0],
          "out" : [56, 55]
        },
        "benchmark_logger" : {
          "records" : [0, 0],
          "out" : [0, 0]
        }
      }
    }
  }
},
"2015-01-05 03:07:41.859 +0000" : {
  "main_scheduler" : {
    "bqs" : {
      "03792" : {
        "mmconts" : [3, 3, 3],
        "acts" : [3, 3],
        "tstate" : { "idle" : 990707, "run" : 8230, "locked" : 0, "mmap" : 0 }
      },
      "03793" : {
        "mmconts" : [55, 55, 56],
        "acts" : [5, 5],
        "tstate" : { "idle" : 990576, "run" : 8339, "locked" : 0, "mmap" : 18 }
      }
    }
  },
  "benchmark_io" : {
    "simple_times" : {
      "mcount" : {
        "mcount" : { "1 -- 1" : 1 }
      }
    },
    "stream_method" : {
      "conns" : [1, 1],
      "in" : [167, 167],
      "out" : [112, 112],
      "mmtasks" : [0, 0, 1],
      "load" : 0.363,
      "mcount" : {
        "mcount" : { "Success" : 1 }
      },
      "http_proto0" : {
        "mcount" : {
          "mcount" : { "OK" : 1 }
        }
      },
      "source_log" : {
        "delta" : [0, 0, 0]
      },
      "loggers" : {
        "brief_logger" : {
          "records" : [1, 1],
          "out" : [57, 57]
        },
        "benchmark_logger" : {
          "records" : [0, 0],
          "out" : [0, 0]
        }
      }
    }
  }
},
"2015-01-05 03:07:42.861 +0000" : {
  "main_scheduler" : {
    "bqs" : {
      "03792" : {
        "mmconts" : [3, 3, 3],
        "acts" : [3, 2],
        "tstate" : { "idle" : 992185, "run" : 9708, "locked" : 0, "mmap" : 0 }
      },
      "03793" : {
        "mmconts" : [54, 54, 55],
        "acts" : [5, 4],
        "tstate" : { "idle" : 992366, "run" : 9523, "locked" : 0, "mmap" : 22 }
      }
    }
  },
  "benchmark_io" : {
    "simple_times" : {
      "mcount" : {
        "mcount" : { "1 -- 1" : 1 }
      }
    },
    "stream_method" : {
      "conns" : [1, 0],
      "in" : [167, 166],
      "out" : [51, 50],
      "mmtasks" : [0, 0, 1],
      "load" : 0.402,
      "mcount" : {
        "mcount" : { "Success" : 1 }
      },
      "http_proto0" : {
        "mcount" : {
          "mcount" : { "OK" : 1 }
        }
      },
      "source_log" : {
        "delta" : [0, 0, 0]
      },
      "loggers" : {
        "brief_logger" : {
          "records" : [1, 0],
          "out" : [56, 55]
        },
        "benchmark_logger" : {
          "records" : [0, 0],
          "out" : [0, 0]
        }
      }
    }
  }
},
"2015-01-05 03:07:43.860 +0000" : {
  "main_scheduler" : {
    "bqs" : {
      "03792" : {
        "mmconts" : [3, 3, 3],
        "acts" : [3, 3],
        "tstate" : { "idle" : 986973, "run" : 11662, "locked" : 0, "mmap" : 0 }
      },
      "03793" : {
        "mmconts" : [53, 53, 54],
        "acts" : [5, 5],
        "tstate" : { "idle" : 987634, "run" : 10973, "locked" : 0, "mmap" : 14 }
      }
    }
  },
  "benchmark_io" : {
    "simple_times" : {
      "mcount" : {
        "mcount" : { "1 -- 1" : 1 }
      }
    },
    "stream_method" : {
      "conns" : [1, 1],
      "in" : [167, 167],
      "out" : [112, 112],
      "mmtasks" : [0, 0, 1],
      "load" : 0.316,
      "mcount" : {
        "mcount" : { "Success" : 1 }
      },
      "http_proto0" : {
        "mcount" : {
          "mcount" : { "OK" : 1 }
        }
      },
      "source_log" : {
        "delta" : [0, 0, 0]
      },
      "loggers" : {
        "brief_logger" : {
          "records" : [1, 1],
          "out" : [57, 57]
        },
        "benchmark_logger" : {
          "records" : [0, 0],
          "out" : [0, 0]
        }
      }
    }
  }
},
"2015-01-05 03:07:44.859 +0000" : {
  "main_scheduler" : {
    "bqs" : {
      "03792" : {
        "mmconts" : [3, 3, 3],
        "acts" : [3, 3],
        "tstate" : { "idle" : 990392, "run" : 9107, "locked" : 0, "mmap" : 0 }
      },
      "03793" : {
        "mmconts" : [52, 52, 53],
        "acts" : [5, 5],
        "tstate" : { "idle" : 989688, "run" : 9791, "locked" : 0, "mmap" : 17 }
      }
    }
  },
  "benchmark_io" : {
    "simple_times" : {
      "mcount" : {
        "mcount" : { "1 -- 1" : 1 }
      }
    },
    "stream_method" : {
      "conns" : [1, 1],
      "in" : [167, 167],
      "out" : [51, 51],
      "mmtasks" : [0, 0, 1],
      "load" : 0.397,
      "mcount" : {
        "mcount" : { "Success" : 1 }
      },
      "http_proto0" : {
        "mcount" : {
          "mcount" : { "OK" : 1 }
        }
      },
      "source_log" : {
        "delta" : [0, 0, 0]
      },
      "loggers" : {
        "brief_logger" : {
          "records" : [1, 1],
          "out" : [56, 56]
        },
        "benchmark_logger" : {
          "records" : [0, 0],
          "out" : [0, 0]
        }
      }
    }
  }
},
"2015-01-05 03:07:45.860 +0000" : {
  "main_scheduler" : {
    "bqs" : {
      "03792" : {
        "mmconts" : [3, 3, 3],
        "acts" : [3, 2],
        "tstate" : { "idle" : 991376, "run" : 8812, "locked" : 0, "mmap" : 0 }
      },
      "03793" : {
        "mmconts" : [51, 51, 52],
        "acts" : [5, 4],
        "tstate" : { "idle" : 990153, "run" : 10019, "locked" : 0, "mmap" : 15 }
      }
    }
  },
  "benchmark_io" : {
    "simple_times" : {
      "mcount" : {
        "mcount" : { "1 -- 1" : 1 }
      }
    },
    "stream_method" : {
      "conns" : [1, 0],
      "in" : [167, 166],
      "out" : [112, 111],
      "mmtasks" : [0, 0, 1],
      "load" : 0.363,
      "mcount" : {
        "mcount" : { "Success" : 1 }
      },
      "http_proto0" : {
        "mcount" : {
          "mcount" : { "OK" : 1 }
        }
      },
      "source_log" : {
        "delta" : [0, 0, 0]
      },
      "loggers" : {
        "brief_logger" : {
          "records" : [1, 0],
          "out" : [57, 56]
        },
        "benchmark_logger" : {
          "records" : [0, 0],
          "out" : [0, 0]
        }
      }
    }
  }
},
"2015-01-05 03:07:46.860 +0000" : {
  "main_scheduler" : {
    "bqs" : {
      "03792" : {
        "mmconts" : [3, 3, 3],
        "acts" : [3, 2],
        "tstate" : { "idle" : 987206, "run" : 12807, "locked" : 0, "mmap" : 0 }
      },
      "03793" : {
        "mmconts" : [50, 50, 51],
        "acts" : [5, 4],
        "tstate" : { "idle" : 989269, "run" : 10725, "locked" : 0, "mmap" : 23 }
      }
    }
  },
  "benchmark_io" : {
    "simple_times" : {
      "mcount" : {
        "mcount" : { "1 -- 1" : 1 }
      }
    },
    "stream_method" : {
      "conns" : [1, 0],
      "in" : [167, 166],
      "out" : [51, 50],
      "mmtasks" : [0, 0, 1],
      "load" : 0.387,
      "mcount" : {
        "mcount" : { "Success" : 1 }
      },
      "http_proto0" : {
        "mcount" : {
          "mcount" : { "OK" : 1 }
        }
      },
      "source_log" : {
        "delta" : [0, 0, 0]
      },
      "loggers" : {
        "brief_logger" : {
          "records" : [1, 0],
          "out" : [56, 55]
        },
        "benchmark_logger" : {
          "records" : [0, 0],
          "out" : [0, 0]
        }
      }
    }
  }
},
"2015-01-05 03:07:47.860 +0000" : {
  "main_scheduler" : {
    "bqs" : {
      "03792" : {
        "mmconts" : [3, 3, 3],
        "acts" : [3, 2],
        "tstate" : { "idle" : 989966, "run" : 10553, "locked" : 0, "mmap" : 0 }
      },
      "03793" : {
        "mmconts" : [49, 49, 50],
        "acts" : [5, 4],
        "tstate" : { "idle" : 989067, "run" : 11442, "locked" : 0, "mmap" : 15 }
      }
    }
  },
  "benchmark_io" : {
    "simple_times" : {
      "mcount" : {
        "mcount" : { "1 -- 1" : 1 }
      }
    },
    "stream_method" : {
      "conns" : [1, 0],
      "in" : [167, 166],
      "out" : [112, 111],
      "mmtasks" : [0, 0, 1],
      "load" : 0.432,
      "mcount" : {
        "mcount" : { "Success" : 1 }
      },
      "http_proto0" : {
        "mcount" : {
          "mcount" : { "OK" : 1 }
        }
      },
      "source_log" : {
        "delta" : [0, 0, 0]
      },
      "loggers" : {
        "brief_logger" : {
          "records" : [1, 0],
          "out" : [58, 57]
        },
        "benchmark_logger" : {
          "records" : [0, 0],
          "out" : [0, 0]
        }
      }
    }
  }
},
"2015-01-05 03:07:48.859 +0000" : {
  "main_scheduler" : {
    "bqs" : {
      "03792" : {
        "mmconts" : [3, 3, 3],
        "acts" : [3, 3],
        "tstate" : { "idle" : 986614, "run" : 12842, "locked" : 0, "mmap" : 0 }
      },
      "03793" : {
        "mmconts" : [48, 48, 49],
        "acts" : [5, 5],
        "tstate" : { "idle" : 990950, "run" : 8485, "locked" : 0, "mmap" : 17 }
      }
    }
  },
  "benchmark_io" : {
    "simple_times" : {
      "mcount" : {
        "mcount" : { "1 -- 1" : 1 }
      }
    },
    "stream_method" : {
      "conns" : [1, 1],
      "in" : [167, 167],
      "out" : [51, 51],
      "mmtasks" : [0, 0, 1],
      "load" : 0.312,
      "mcount" : {
        "mcount" : { "Success" : 1 }
      },
      "http_proto0" : {
        "mcount" : {
          "mcount" : { "OK" : 1 }
        }
      },
      "source_log" : {
        "delta" : [0, 0, 0]
      },
      "loggers" : {
        "brief_logger" : {
          "records" : [1, 1],
          "out" : [56, 56]
        },
        "benchmark_logger" : {
          "records" : [0, 0],
          "out" : [0, 0]
        }
      }
    }
  }
},
"2015-01-05 03:07:49.861 +0000" : {
  "main_scheduler" : {
    "bqs" : {
      "03792" : {
        "mmconts" : [3, 3, 3],
        "acts" : [3, 2],
        "tstate" : { "idle" : 990525, "run" : 10774, "locked" : 0, "mmap" : 0 }
      },
      "03793" : {
        "mmconts" : [47, 47, 48],
        "acts" : [5, 4],
        "tstate" : { "idle" : 990978, "run" : 10227, "locked" : 0, "mmap" : 99 }
      }
    }
  },
  "benchmark_io" : {
    "simple_times" : {
      "mcount" : {
        "mcount" : { "1 -- 1" : 1 }
      }
    },
    "stream_method" : {
      "conns" : [1, 0],
      "in" : [167, 166],
      "out" : [112, 111],
      "mmtasks" : [0, 0, 1],
      "load" : 0.419,
      "mcount" : {
        "mcount" : { "Success" : 1 }
      },
      "http_proto0" : {
        "mcount" : {
          "mcount" : { "OK" : 1 }
        }
      },
      "source_log" : {
        "delta" : [0, 0, 0]
      },
      "loggers" : {
        "brief_logger" : {
          "records" : [1, 0],
          "out" : [57, 56]
        },
        "benchmark_logger" : {
          "records" : [0, 0],
          "out" : [0, 0]
        }
      }
    }
  }
},
"2015-01-05 03:07:50.859 +0000" : {
  "main_scheduler" : {
    "bqs" : {
      "03792" : {
        "mmconts" : [3, 3, 3],
        "acts" : [3, 3],
        "tstate" : { "idle" : 987865, "run" : 10689, "locked" : 0, "mmap" : 0 }
      },
      "03793" : {
        "mmconts" : [46, 46, 47],
        "acts" : [5, 5],
        "tstate" : { "idle" : 988120, "run" : 10406, "locked" : 0, "mmap" : 17 }
      }
    }
  },
  "benchmark_io" : {
    "simple_times" : {
      "mcount" : {
        "mcount" : { "1 -- 1" : 1 }
      }
    },
    "stream_method" : {
      "conns" : [1, 1],
      "in" : [167, 167],
      "out" : [51, 51],
      "mmtasks" : [0, 0, 1],
      "load" : 0.381,
      "mcount" : {
        "mcount" : { "Success" : 1 }
      },
      "http_proto0" : {
        "mcount" : {
          "mcount" : { "OK" : 1 }
        }
      },
      "source_log" : {
        "delta" : [0, 0, 0]
      },
      "loggers" : {
        "brief_logger" : {
          "records" : [1, 1],
          "out" : [56, 56]
        },
        "benchmark_logger" : {
          "records" : [0, 0],
          "out" : [0, 0]
        }
      }
    }
  }
},
"2015-01-05 03:07:51.859 +0000" : {
  "main_scheduler" : {
    "bqs" : {
      "03792" : {
        "mmconts" : [3, 3, 3],
        "acts" : [3, 3],
        "tstate" : { "idle" : 989949, "run" : 10038, "locked" : 0, "mmap" : 0 }
      },
      "03793" : {
        "mmconts" : [45, 45, 46],
        "acts" : [5, 5],
        "tstate" : { "idle" : 990458, "run" : 9515, "locked" : 0, "mmap" : 18 }
      }
    }
  },
  "benchmark_io" : {
    "simple_times" : {
      "mcount" : {
        "mcount" : { "1 -- 1" : 1 }
      }
    },
    "stream_method" : {
      "conns" : [1, 0],
      "in" : [167, 166],
      "out" : [112, 111],
      "mmtasks" : [0, 0, 1],
      "load" : 0.387,
      "mcount" : {
        "mcount" : { "Success" : 1 }
      },
      "http_proto0" : {
        "mcount" : {
          "mcount" : { "OK" : 1 }
        }
      },
      "source_log" : {
        "delta" : [0, 0, 0]
      },
      "loggers" : {
        "brief_logger" : {
          "records" : [1, 0],
          "out" : [57, 56]
        },
        "benchmark_logger" : {
          "records" : [0, 0],
          "out" : [0, 0]
        }
      }
    }
  }
},
"2015-01-05 03:07:52.860 +0000" : {
  "main_scheduler" : {
    "bqs" : {
      "03792" : {
        "mmconts" : [3, 3, 3],
        "acts" : [3, 2],
        "tstate" : { "idle" : 989975, "run" : 10729, "locked" : 0, "mmap" : 0 }
      },
      "03793" : {
        "mmconts" : [44, 44, 45],
        "acts" : [5, 4],
        "tstate" : { "idle" : 988424, "run" : 12250, "locked" : 0, "mmap" : 37 }
      }
    }
  },
  "benchmark_io" : {
    "simple_times" : {
      "mcount" : {
        "mcount" : { "1 -- 1" : 1 }
      }
    },
    "stream_method" : {
      "conns" : [1, 0],
      "in" : [167, 166],
      "out" : [51, 50],
      "mmtasks" : [0, 0, 1],
      "load" : 0.421,
      "mcount" : {
        "mcount" : { "Success" : 1 }
      },
      "http_proto0" : {
        "mcount" : {
          "mcount" : { "OK" : 1 }
        }
      },
      "source_log" : {
        "delta" : [0, 0, 0]
      },
      "loggers" : {
        "brief_logger" : {
          "records" : [1, 0],
          "out" : [56, 55]
        },
        "benchmark_logger" : {
          "records" : [0, 0],
          "out" : [0, 0]
        }
      }
    }
  }
},
"2015-01-05 03:07:53.859 +0000" : {
  "main_scheduler" : {
    "bqs" : {
      "03792" : {
        "mmconts" : [3, 3, 3],
        "acts" : [3, 3],
        "tstate" : { "idle" : 990081, "run" : 9183, "locked" : 0, "mmap" : 0 }
      },
      "03793" : {
        "mmconts" : [43, 43, 44],
        "acts" : [5, 5],
        "tstate" : { "idle" : 989972, "run" : 9264, "locked" : 0, "mmap" : 21 }
      }
    }
  },
  "benchmark_io" : {
    "simple_times" : {
      "mcount" : {
        "mcount" : { "1 -- 1" : 1 }
      }
    },
    "stream_method" : {
      "conns" : [1, 1],
      "in" : [167, 167],
      "out" : [112, 112],
      "mmtasks" : [0, 0, 1],
      "load" : 0.405,
      "mcount" : {
        "mcount" : { "Success" : 1 }
      },
      "http_proto0" : {
        "mcount" : {
          "mcount" : { "OK" : 1 }
        }
      },
      "source_log" : {
        "delta" : [0, 0, 0]
      },
      "loggers" : {
        "brief_logger" : {
          "records" : [1, 1],
          "out" : [57, 57]
        },
        "benchmark_logger" : {
          "records" : [0, 0],
          "out" : [0, 0]
        }
      }
    }
  }
},
"2015-01-05 03:07:54.860 +0000" : {
  "main_scheduler" : {
    "bqs" : {
      "03792" : {
        "mmconts" : [3, 3, 3],
        "acts" : [3, 2],
        "tstate" : { "idle" : 991365, "run" : 9520, "locked" : 0, "mmap" : 0 }
      },
      "03793" : {
        "mmconts" : [42, 42, 43],
        "acts" : [5, 4],
        "tstate" : { "idle" : 992883, "run" : 7975, "locked" : 0, "mmap" : 23 }
      }
    }
  },
  "benchmark_io" : {
    "simple_times" : {
      "mcount" : {
        "mcount" : { "1 -- 2" : 1 }
      }
    },
    "stream_method" : {
      "conns" : [1, 0],
      "in" : [167, 166],
      "out" : [51, 50],
      "mmtasks" : [0, 0, 1],
      "load" : 0.218,
      "mcount" : {
        "mcount" : { "Success" : 1 }
      },
      "http_proto0" : {
        "mcount" : {
          "mcount" : { "OK" : 1 }
        }
      },
      "source_log" : {
        "delta" : [0, 0, 0]
      },
      "loggers" : {
        "brief_logger" : {
          "records" : [1, 0],
          "out" : [58, 57]
        },
        "benchmark_logger" : {
          "records" : [0, 0],
          "out" : [0, 0]
        }
      }
    }
  }
},
"2015-01-05 03:07:55.861 +0000" : {
  "main_scheduler" : {
    "bqs" : {
      "03792" : {
        "mmconts" : [3, 3, 3],
        "acts" : [3, 2],
        "tstate" : { "idle" : 991501, "run" : 9072, "locked" : 0, "mmap" : 0 }
      },
      "03793" : {
        "mmconts" : [41, 41, 42],
        "acts" : [5, 4],
        "tstate" : { "idle" : 991923, "run" : 8648, "locked" : 0, "mmap" : 19 }
      }
    }
  },
  "benchmark_io" : {
    "simple_times" : {
      "mcount" : {
        "mcount" : { "1 -- 1" : 1 }
      }
    },
    "stream_method" : {
      "conns" : [1, 0],
      "in" : [167, 166],
      "out" : [112, 111],
      "mmtasks" : [0, 0, 1],
      "load" : 0.393,
      "mcount" : {
        "mcount" : { "Success" : 1 }
      },
      "http_proto0" : {
        "mcount" : {
          "mcount" : { "OK" : 1 }
        }
      },
      "source_log" : {
        "delta" : [0, 0, 0]
      },
      "loggers" : {
        "brief_logger" : {
          "records" : [1, 0],
          "out" : [57, 56]
        },
        "benchmark_logger" : {
          "records" : [0, 0],
          "out" : [0, 0]
        }
      }
    }
  }
},
"2015-01-05 03:07:56.860 +0000" : {
  "main_scheduler" : {
    "bqs" : {
      "03792" : {
        "mmconts" : [3, 3, 3],
        "acts" : [3, 3],
        "tstate" : { "idle" : 988923, "run" : 10322, "locked" : 0, "mmap" : 0 }
      },
      "03793" : {
        "mmconts" : [40, 40, 41],
        "acts" : [5, 5],
        "tstate" : { "idle" : 987588, "run" : 11625, "locked" : 0, "mmap" : 16 }
      }
    }
  },
  "benchmark_io" : {
    "simple_times" : {
      "mcount" : {
        "mcount" : { "1 -- 2" : 1 }
      }
    },
    "stream_method" : {
      "conns" : [1, 1],
      "in" : [167, 167],
      "out" : [51, 51],
      "mmtasks" : [0, 0, 1],
      "load" : 0.611,
      "mcount" : {
        "mcount" : { "Success" : 1 }
      },
      "http_proto0" : {
        "mcount" : {
          "mcount" : { "OK" : 1 }
        }
      },
      "source_log" : {
        "delta" : [0, 0, 0]
      },
      "loggers" : {
        "brief_logger" : {
          "records" : [1, 1],
          "out" : [56, 56]
        },
        "benchmark_logger" : {
          "records" : [0, 0],
          "out" : [0, 0]
        }
      }
    }
  }
},
"2015-01-05 03:07:57.860 +0000" : {
  "main_scheduler" : {
    "bqs" : {
      "03792" : {
        "mmconts" : [3, 3, 3],
        "acts" : [3, 3],
        "tstate" : { "idle" : 992104, "run" : 7573, "locked" : 0, "mmap" : 0 }
      },
      "03793" : {
        "mmconts" : [39, 39, 40],
        "acts" : [5, 5],
        "tstate" : { "idle" : 991027, "run" : 8630, "locked" : 0, "mmap" : 20 }
      }
    }
  },
  "benchmark_io" : {
    "simple_times" : {
      "mcount" : {
        "mcount" : { "1 -- 2" : 1 }
      }
    },
    "stream_method" : {
      "conns" : [1, 1],
      "in" : [167, 167],
      "out" : [112, 112],
      "mmtasks" : [0, 0, 1],
      "load" : 0.159,
      "mcount" : {
        "mcount" : { "Success" : 1 }
      },
      "http_proto0" : {
        "mcount" : {
          "mcount" : { "OK" : 1 }
        }
      },
      "source_log" : {
        "delta" : [0, 0, 0]
      },
      "loggers" : {
        "brief_logger" : {
          "records" : [1, 1],
          "out" : [59, 59]
        },
        "benchmark_logger" : {
          "records" : [0, 0],
          "out" : [0, 0]
        }
      }
    }
  }
},
"2015-01-05 03:07:58.860 +0000" : {
  "main_scheduler" : {
    "bqs" : {
      "03792" : {
        "mmconts" : [3, 3, 3],
        "acts" : [3, 2],
        "tstate" : { "idle" : 993338, "run" : 7361, "locked" : 0, "mmap" : 0 }
      },
      "03793" : {
        "mmconts" : [38, 38, 39],
        "acts" : [5, 4],
        "tstate" : { "idle" : 992429, "run" : 8260, "locked" : 0, "mmap" : 19 }
      }
    }
  },
  "benchmark_io" : {
    "simple_times" : {
      "mcount" : {
        "mcount" : { "1 -- 2" : 1 }
      }
    },
    "stream_method" : {
      "conns" : [1, 0],
      "in" : [167, 166],
      "out" : [51, 50],
      "mmtasks" : [0, 0, 1],
      "load" : 0.256,
      "mcount" : {
        "mcount" : { "Success" : 1 }
      },
      "http_proto0" : {
        "mcount" : {
          "mcount" : { "OK" : 1 }
        }
      },
      "source_log" : {
        "delta" : [0, 0, 0]
      },
      "loggers" : {
        "brief_logger" : {
          "records" : [1, 0],
          "out" : [58, 57]
        },
        "benchmark_logger" : {
          "records" : [0, 0],
          "out" : [0, 0]
        }
      }
    }
  }
},
"2015-01-05 03:07:59.860 +0000" : {
  "main_scheduler" : {
    "bqs" : {
      "03792" : {
        "mmconts" : [3, 3, 3],
        "acts" : [3, 3],
        "tstate" : { "idle" : 990183, "run" : 9472, "locked" : 0, "mmap" : 0 }
      },
      "03793" : {
        "mmconts" : [37, 37, 38],
        "acts" : [5, 5],
        "tstate" : { "idle" : 990069, "run" : 9519, "locked" : 0, "mmap" : 83 }
      }
    }
  },
  "benchmark_io" : {
    "simple_times" : {
      "mcount" : {
        "mcount" : { "1 -- 1" : 1 }
      }
    },
    "stream_method" : {
      "conns" : [1, 1],
      "in" : [167, 167],
      "out" : [112, 112],
      "mmtasks" : [0, 0, 1],
      "load" : 0.416,
      "mcount" : {
        "mcount" : { "Success" : 1 }
      },
      "http_proto0" : {
        "mcount" : {
          "mcount" : { "OK" : 1 }
        }
      },
      "source_log" : {
        "delta" : [0, 0, 0]
      },
      "loggers" : {
        "brief_logger" : {
          "records" : [1, 1],
          "out" : [57, 57]
        },
        "benchmark_logger" : {
          "records" : [0, 0],
          "out" : [0, 0]
        }
      }
    }
  }
},
"2015-01-05 03:08:00.865 +0000" : {
  "main_scheduler" : {
    "bqs" : {
      "03792" : {
        "mmconts" : [3, 3, 3],
        "acts" : [3, 2],
        "tstate" : { "idle" : 994334, "run" : 11075, "locked" : 0, "mmap" : 0 }
      },
      "03793" : {
        "mmconts" : [36, 36, 37],
        "acts" : [5, 4],
        "tstate" : { "idle" : 994607, "run" : 10659, "locked" : 0, "mmap" : 118 }
      }
    }
  },
  "benchmark_io" : {
    "simple_times" : {
      "mcount" : {
        "mcount" : { "1 -- 1" : 1 }
      }
    },
    "stream_method" : {
      "conns" : [1, 0],
      "in" : [167, 166],
      "out" : [51, 50],
      "mmtasks" : [0, 0, 1],
      "load" : 0.412,
      "mcount" : {
        "mcount" : { "Success" : 1 }
      },
      "http_proto0" : {
        "mcount" : {
          "mcount" : { "OK" : 1 }
        }
      },
      "source_log" : {
        "delta" : [0, 0, 0]
      },
      "loggers" : {
        "brief_logger" : {
          "records" : [1, 0],
          "out" : [56, 55]
        },
        "benchmark_logger" : {
          "records" : [0, 0],
          "out" : [0, 0]
        }
      }
    }
  }
},
"2015-01-05 03:08:01.859 +0000" : {
  "main_scheduler" : {
    "bqs" : {
      "03792" : {
        "mmconts" : [3, 3, 3],
        "acts" : [3, 3],
        "tstate" : { "idle" : 983321, "run" : 10711, "locked" : 0, "mmap" : 0 }
      },
      "03793" : {
        "mmconts" : [35, 35, 36],
        "acts" : [5, 5],
        "tstate" : { "idle" : 984092, "run" : 9917, "locked" : 0, "mmap" : 23 }
      }
    }
  },
  "benchmark_io" : {
    "simple_times" : {
      "mcount" : {
        "mcount" : { "1 -- 1" : 1 }
      }
    },
    "stream_method" : {
      "conns" : [1, 1],
      "in" : [167, 168],
      "out" : [112, 112],
      "mmtasks" : [0, 0, 1],
      "load" : 0.357,
      "mcount" : {
        "mcount" : { "Success" : 1 }
      },
      "http_proto0" : {
        "mcount" : {
          "mcount" : { "OK" : 1 }
        }
      },
      "source_log" : {
        "delta" : [0, 0, 0]
      },
      "loggers" : {
        "brief_logger" : {
          "records" : [1, 1],
          "out" : [57, 57]
        },
        "benchmark_logger" : {
          "records" : [0, 0],
          "out" : [0, 0]
        }
      }
    }
  }
},
"2015-01-05 03:08:02.859 +0000" : {
  "main_scheduler" : {
    "bqs" : {
      "03792" : {
        "mmconts" : [3, 3, 3],
        "acts" : [3, 3],
        "tstate" : { "idle" : 991226, "run" : 8761, "locked" : 0, "mmap" : 0 }
      },
      "03793" : {
        "mmconts" : [34, 34, 35],
        "acts" : [5, 5],
        "tstate" : { "idle" : 991044, "run" : 8861, "locked" : 0, "mmap" : 81 }
      }
    }
  },
  "benchmark_io" : {
    "simple_times" : {
      "mcount" : {
        "mcount" : { "1 -- 1" : 1 }
      }
    },
    "stream_method" : {
      "conns" : [1, 1],
      "in" : [167, 167],
      "out" : [51, 51],
      "mmtasks" : [0, 0, 1],
      "load" : 0.405,
      "mcount" : {
        "mcount" : { "Success" : 1 }
      },
      "http_proto0" : {
        "mcount" : {
          "mcount" : { "OK" : 1 }
        }
      },
      "source_log" : {
        "delta" : [0, 0, 0]
      },
      "loggers" : {
        "brief_logger" : {
          "records" : [1, 1],
          "out" : [56, 56]
        },
        "benchmark_logger" : {
          "records" : [0, 0],
          "out" : [0, 0]
        }
      }
    }
  }
},
"2015-01-05 03:08:03.860 +0000" : {
  "main_scheduler" : {
    "bqs" : {
      "03792" : {
        "mmconts" : [3, 3, 3],
        "acts" : [3, 2],
        "tstate" : { "idle" : 990578, "run" : 9949, "locked" : 0, "mmap" : 0 }
      },
      "03793" : {
        "mmconts" : [33, 33, 34],
        "acts" : [5, 4],
        "tstate" : { "idle" : 989968, "run" : 10545, "locked" : 0, "mmap" : 23 }
      }
    }
  },
  "benchmark_io" : {
    "simple_times" : {
      "mcount" : {
        "mcount" : { "1 -- 1" : 1 }
      }
    },
    "stream_method" : {
      "conns" : [1, 0],
      "in" : [167, 166],
      "out" : [112, 111],
      "mmtasks" : [0, 0, 1],
      "load" : 0.430,
      "mcount" : {
        "mcount" : { "Success" : 1 }
      },
      "http_proto0" : {
        "mcount" : {
          "mcount" : { "OK" : 1 }
        }
      },
      "source_log" : {
        "delta" : [0, 0, 0]
      },
      "loggers" : {
        "brief_logger" : {
          "records" : [1, 0],
          "out" : [57, 56]
        },
        "benchmark_logger" : {
          "records" : [0, 0],
          "out" : [0, 0]
        }
      }
    }
  }
},
"2015-01-05 03:08:04.860 +0000" : {
  "main_scheduler" : {
    "bqs" : {
      "03792" : {
        "mmconts" : [3, 3, 3],
        "acts" : [3, 3],
        "tstate" : { "idle" : 990292, "run" : 9276, "locked" : 0, "mmap" : 0 }
      },
      "03793" : {
        "mmconts" : [32, 32, 33],
        "acts" : [5, 5],
        "tstate" : { "idle" : 985874, "run" : 13641, "locked" : 0, "mmap" : 49 }
      }
    }
  },
  "benchmark_io" : {
    "simple_times" : {
      "mcount" : {
        "mcount" : { "1 -- 1" : 1 }
      }
    },
    "stream_method" : {
      "conns" : [1, 1],
      "in" : [167, 167],
      "out" : [51, 51],
      "mmtasks" : [0, 0, 1],
      "load" : 0.405,
      "mcount" : {
        "mcount" : { "Success" : 1 }
      },
      "http_proto0" : {
        "mcount" : {
          "mcount" : { "OK" : 1 }
        }
      },
      "source_log" : {
        "delta" : [0, 0, 0]
      },
      "loggers" : {
        "brief_logger" : {
          "records" : [1, 1],
          "out" : [56, 56]
        },
        "benchmark_logger" : {
          "records" : [0, 0],
          "out" : [0, 0]
        }
      }
    }
  }
},
"2015-01-05 03:08:05.861 +0000" : {
  "main_scheduler" : {
    "bqs" : {
      "03792" : {
        "mmconts" : [3, 3, 3],
        "acts" : [3, 2],
        "tstate" : { "idle" : 991365, "run" : 10063, "locked" : 0, "mmap" : 0 }
      },
      "03793" : {
        "mmconts" : [31, 31, 32],
        "acts" : [5, 4],
        "tstate" : { "idle" : 989793, "run" : 10957, "locked" : 0, "mmap" : 687 }
      }
    }
  },
  "benchmark_io" : {
    "simple_times" : {
      "mcount" : {
        "mcount" : { "1 -- 1" : 1 }
      }
    },
    "stream_method" : {
      "conns" : [1, 0],
      "in" : [167, 166],
      "out" : [112, 111],
      "mmtasks" : [0, 0, 1],
      "load" : 0.383,
      "mcount" : {
        "mcount" : { "Success" : 1 }
      },
      "http_proto0" : {
        "mcount" : {
          "mcount" : { "OK" : 1 }
        }
      },
      "source_log" : {
        "delta" : [0, 0, 0]
      },
      "loggers" : {
        "brief_logger" : {
          "records" : [1, 0],
          "out" : [57, 56]
        },
        "benchmark_logger" : {
          "records" : [0, 0],
          "out" : [0, 0]
        }
      }
    }
  }
},
"2015-01-05 03:08:06.860 +0000" : {
  "main_scheduler" : {
    "bqs" : {
      "03792" : {
        "mmconts" : [3, 3, 3],
        "acts" : [3, 3],
        "tstate" : { "idle" : 989163, "run" : 9405, "locked" : 0, "mmap" : 0 }
      },
      "03793" : {
        "mmconts" : [30, 30, 31],
        "acts" : [5, 5],
        "tstate" : { "idle" : 987836, "run" : 10645, "locked" : 0, "mmap" : 84 }
      }
    }
  },
  "benchmark_io" : {
    "simple_times" : {
      "mcount" : {
        "mcount" : { "1 -- 1" : 1 }
      }
    },
    "stream_method" : {
      "conns" : [1, 1],
      "in" : [167, 167],
      "out" : [51, 51],
      "mmtasks" : [0, 0, 1],
      "load" : 0.400,
      "mcount" : {
        "mcount" : { "Success" : 1 }
      },
      "http_proto0" : {
        "mcount" : {
          "mcount" : { "OK" : 1 }
        }
      },
      "source_log" : {
        "delta" : [0, 0, 0]
      },
      "loggers" : {
        "brief_logger" : {
          "records" : [1, 1],
          "out" : [56, 56]
        },
        "benchmark_logger" : {
          "records" : [0, 0],
          "out" : [0, 0]
        }
      }
    }
  }
},
"2015-01-05 03:08:07.860 +0000" : {
  "main_scheduler" : {
    "bqs" : {
      "03792" : {
        "mmconts" : [3, 3, 3],
        "acts" : [3, 2],
        "tstate" : { "idle" : 989423, "run" : 10689, "locked" : 0, "mmap" : 0 }
      },
      "03793" : {
        "mmconts" : [29, 29, 30],
        "acts" : [5, 4],
        "tstate" : { "idle" : 988485, "run" : 11543, "locked" : 0, "mmap" : 82 }
      }
    }
  },
  "benchmark_io" : {
    "simple_times" : {
      "mcount" : {
        "mcount" : { "1 -- 1" : 1 }
      }
    },
    "stream_method" : {
      "conns" : [1, 0],
      "in" : [167, 166],
      "out" : [112, 111],
      "mmtasks" : [0, 0, 1],
      "load" : 0.375,
      "mcount" : {
        "mcount" : { "Success" : 1 }
      },
      "http_proto0" : {
        "mcount" : {
          "mcount" : { "OK" : 1 }
        }
      },
      "source_log" : {
        "delta" : [0, 0, 0]
      },
      "loggers" : {
        "brief_logger" : {
          "records" : [1, 0],
          "out" : [57, 56]
        },
        "benchmark_logger" : {
          "records" : [0, 0],
          "out" : [0, 0]
        }
      }
    }
  }
},
"2015-01-05 03:08:08.859 +0000" : {
  "main_scheduler" : {
    "bqs" : {
      "03792" : {
        "mmconts" : [3, 3, 3],
        "acts" : [3, 3],
        "tstate" : { "idle" : 989180, "run" : 10512, "locked" : 0, "mmap" : 0 }
      },
      "03793" : {
        "mmconts" : [28, 28, 29],
        "acts" : [5, 5],
        "tstate" : { "idle" : 987836, "run" : 11768, "locked" : 0, "mmap" : 79 }
      }
    }
  },
  "benchmark_io" : {
    "simple_times" : {
      "mcount" : {
        "mcount" : { "1 -- 1" : 1 }
      }
    },
    "stream_method" : {
      "conns" : [1, 1],
      "in" : [167, 167],
      "out" : [51, 51],
      "mmtasks" : [0, 0, 1],
      "load" : 0.388,
      "mcount" : {
        "mcount" : { "Success" : 1 }
      },
      "http_proto0" : {
        "mcount" : {
          "mcount" : { "OK" : 1 }
        }
      },
      "source_log" : {
        "delta" : [0, 0, 0]
      },
      "loggers" : {
        "brief_logger" : {
          "records" : [1, 1],
          "out" : [56, 56]
        },
        "benchmark_logger" : {
          "records" : [0, 0],
          "out" : [0, 0]
        }
      }
    }
  }
},
"2015-01-05 03:08:09.861 +0000" : {
  "main_scheduler" : {
    "bqs" : {
      "03792" : {
        "mmconts" : [3, 3, 3],
        "acts" : [3, 2],
        "tstate" : { "idle" : 990510, "run" : 10646, "locked" : 0, "mmap" : 0 }
      },
      "03793" : {
        "mmconts" : [27, 27, 28],
        "acts" : [5, 4],
        "tstate" : { "idle" : 989373, "run" : 11665, "locked" : 0, "mmap" : 119 }
      }
    }
  },
  "benchmark_io" : {
    "simple_times" : {
      "mcount" : {
        "mcount" : { "1 -- 1" : 1 }
      }
    },
    "stream_method" : {
      "conns" : [1, 0],
      "in" : [167, 166],
      "out" : [112, 111],
      "mmtasks" : [0, 0, 1],
      "load" : 0.472,
      "mcount" : {
        "mcount" : { "Success" : 1 }
      },
      "http_proto0" : {
        "mcount" : {
          "mcount" : { "OK" : 1 }
        }
      },
      "source_log" : {
        "delta" : [0, 0, 0]
      },
      "loggers" : {
        "brief_logger" : {
          "records" : [1, 0],
          "out" : [57, 56]
        },
        "benchmark_logger" : {
          "records" : [0, 0],
          "out" : [0, 0]
        }
      }
    }
  }
},
"2015-01-05 03:08:10.860 +0000" : {
  "main_scheduler" : {
    "bqs" : {
      "03792" : {
        "mmconts" : [3, 3, 3],
        "acts" : [3, 3],
        "tstate" : { "idle" : 990107, "run" : 9612, "locked" : 0, "mmap" : 0 }
      },
      "03793" : {
        "mmconts" : [26, 26, 27],
        "acts" : [5, 5],
        "tstate" : { "idle" : 989896, "run" : 9809, "locked" : 0, "mmap" : 17 }
      }
    }
  },
  "benchmark_io" : {
    "simple_times" : {
      "mcount" : {
        "mcount" : { "1 -- 1" : 1 }
      }
    },
    "stream_method" : {
      "conns" : [1, 1],
      "in" : [167, 167],
      "out" : [51, 51],
      "mmtasks" : [0, 0, 1],
      "load" : 0.318,
      "mcount" : {
        "mcount" : { "Success" : 1 }
      },
      "http_proto0" : {
        "mcount" : {
          "mcount" : { "OK" : 1 }
        }
      },
      "source_log" : {
        "delta" : [0, 0, 0]
      },
      "loggers" : {
        "brief_logger" : {
          "records" : [1, 1],
          "out" : [56, 56]
        },
        "benchmark_logger" : {
          "records" : [0, 0],
          "out" : [0, 0]
        }
      }
    }
  }
},
"2015-01-05 03:08:11.860 +0000" : {
  "main_scheduler" : {
    "bqs" : {
      "03792" : {
        "mmconts" : [3, 3, 3],
        "acts" : [3, 3],
        "tstate" : { "idle" : 989885, "run" : 10015, "locked" : 0, "mmap" : 0 }
      },
      "03793" : {
        "mmconts" : [25, 25, 26],
        "acts" : [5, 5],
        "tstate" : { "idle" : 989952, "run" : 9936, "locked" : 0, "mmap" : 19 }
      }
    }
  },
  "benchmark_io" : {
    "simple_times" : {
      "mcount" : {
        "mcount" : { "1 -- 1" : 1 }
      }
    },
    "stream_method" : {
      "conns" : [1, 1],
      "in" : [167, 167],
      "out" : [112, 112],
      "mmtasks" : [0, 0, 1],
      "load" : 0.309,
      "mcount" : {
        "mcount" : { "Success" : 1 }
      },
      "http_proto0" : {
        "mcount" : {
          "mcount" : { "OK" : 1 }
        }
      },
      "source_log" : {
        "delta" : [0, 0, 0]
      },
      "loggers" : {
        "brief_logger" : {
          "records" : [1, 1],
          "out" : [59, 59]
        },
        "benchmark_logger" : {
          "records" : [0, 0],
          "out" : [0, 0]
        }
      }
    }
  }
},
"2015-01-05 03:08:12.861 +0000" : {
  "main_scheduler" : {
    "bqs" : {
      "03792" : {
        "mmconts" : [3, 3, 3],
        "acts" : [3, 2],
        "tstate" : { "idle" : 991420, "run" : 9114, "locked" : 0, "mmap" : 0 }
      },
      "03793" : {
        "mmconts" : [24, 24, 25],
        "acts" : [5, 4],
        "tstate" : { "idle" : 991828, "run" : 8614, "locked" : 0, "mmap" : 82 }
      }
    }
  },
  "benchmark_io" : {
    "simple_times" : {
      "mcount" : {
        "mcount" : { "1 -- 1" : 1 }
      }
    },
    "stream_method" : {
      "conns" : [1, 0],
      "in" : [167, 166],
      "out" : [51, 50],
      "mmtasks" : [0, 0, 1],
      "load" : 0.392,
      "mcount" : {
        "mcount" : { "Success" : 1 }
      },
      "http_proto0" : {
        "mcount" : {
          "mcount" : { "OK" : 1 }
        }
      },
      "source_log" : {
        "delta" : [0, 0, 0]
      },
      "loggers" : {
        "brief_logger" : {
          "records" : [1, 0],
          "out" : [56, 55]
        },
        "benchmark_logger" : {
          "records" : [0, 0],
          "out" : [0, 0]
        }
      }
    }
  }
},
"2015-01-05 03:08:13.860 +0000" : {
  "main_scheduler" : {
    "bqs" : {
      "03792" : {
        "mmconts" : [3, 3, 3],
        "acts" : [3, 3],
        "tstate" : { "idle" : 988860, "run" : 10419, "locked" : 0, "mmap" : 0 }
      },
      "03793" : {
        "mmconts" : [23, 23, 24],
        "acts" : [5, 5],
        "tstate" : { "idle" : 988137, "run" : 11125, "locked" : 0, "mmap" : 18 }
      }
    }
  },
  "benchmark_io" : {
    "simple_times" : {
      "mcount" : {
        "mcount" : { "1 -- 1" : 1 }
      }
    },
    "stream_method" : {
      "conns" : [1, 1],
      "in" : [167, 167],
      "out" : [112, 112],
      "mmtasks" : [0, 0, 1],
      "load" : 0.389,
      "mcount" : {
        "mcount" : { "Success" : 1 }
      },
      "http_proto0" : {
        "mcount" : {
          "mcount" : { "OK" : 1 }
        }
      },
      "source_log" : {
        "delta" : [0, 0, 0]
      },
      "loggers" : {
        "brief_logger" : {
          "records" : [1, 1],
          "out" : [57, 57]
        },
        "benchmark_logger" : {
          "records" : [0, 0],
          "out" : [0, 0]
        }
      }
    }
  }
},
"2015-01-05 03:08:14.861 +0000" : {
  "main_scheduler" : {
    "bqs" : {
      "03792" : {
        "mmconts" : [3, 3, 3],
        "acts" : [3, 2],
        "tstate" : { "idle" : 991782, "run" : 9416, "locked" : 0, "mmap" : 0 }
      },
      "03793" : {
        "mmconts" : [22, 22, 23],
        "acts" : [5, 4],
        "tstate" : { "idle" : 992230, "run" : 8953, "locked" : 0, "mmap" : 17 }
      }
    }
  },
  "benchmark_io" : {
    "simple_times" : {
      "mcount" : {
        "mcount" : { "1 -- 1" : 1 }
      }
    },
    "stream_method" : {
      "conns" : [1, 0],
      "in" : [167, 166],
      "out" : [51, 50],
      "mmtasks" : [0, 0, 1],
      "load" : 0.469,
      "mcount" : {
        "mcount" : { "Success" : 1 }
      },
      "http_proto0" : {
        "mcount" : {
          "mcount" : { "OK" : 1 }
        }
      },
      "source_log" : {
        "delta" : [0, 0, 0]
      },
      "loggers" : {
        "brief_logger" : {
          "records" : [1, 0],
          "out" : [56, 55]
        },
        "benchmark_logger" : {
          "records" : [0, 0],
          "out" : [0, 0]
        }
      }
    }
  }
},
"2015-01-05 03:08:15.860 +0000" : {
  "main_scheduler" : {
    "bqs" : {
      "03792" : {
        "mmconts" : [3, 3, 3],
        "acts" : [3, 3],
        "tstate" : { "idle" : 989636, "run" : 8961, "locked" : 0, "mmap" : 0 }
      },
      "03793" : {
        "mmconts" : [21, 21, 22],
        "acts" : [5, 5],
        "tstate" : { "idle" : 990512, "run" : 8059, "locked" : 0, "mmap" : 24 }
      }
    }
  },
  "benchmark_io" : {
    "simple_times" : {
      "mcount" : {
        "mcount" : { "1 -- 1" : 1 }
      }
    },
    "stream_method" : {
      "conns" : [1, 1],
      "in" : [167, 167],
      "out" : [112, 112],
      "mmtasks" : [0, 0, 1],
      "load" : 0.403,
      "mcount" : {
        "mcount" : { "Success" : 1 }
      },
      "http_proto0" : {
        "mcount" : {
          "mcount" : { "OK" : 1 }
        }
      },
      "source_log" : {
        "delta" : [0, 0, 0]
      },
      "loggers" : {
        "brief_logger" : {
          "records" : [1, 1],
          "out" : [57, 57]
        },
        "benchmark_logger" : {
          "records" : [0, 0],
          "out" : [0, 0]
        }
      }
    }
  }
},
"2015-01-05 03:08:16.860 +0000" : {
  "main_scheduler" : {
    "bqs" : {
      "03792" : {
        "mmconts" : [3, 3, 3],
        "acts" : [3, 3],
        "tstate" : { "idle" : 991495, "run" : 8268, "locked" : 0, "mmap" : 0 }
      },
      "03793" : {
        "mmconts" : [20, 20, 21],
        "acts" : [5, 5],
        "tstate" : { "idle" : 992077, "run" : 7665, "locked" : 0, "mmap" : 23 }
      }
    }
  },
  "benchmark_io" : {
    "simple_times" : {
      "mcount" : {
        "mcount" : { "1 -- 1" : 1 }
      }
    },
    "stream_method" : {
      "conns" : [1, 1],
      "in" : [167, 167],
      "out" : [51, 51],
      "mmtasks" : [0, 0, 1],
      "load" : 0.427,
      "mcount" : {
        "mcount" : { "Success" : 1 }
      },
      "http_proto0" : {
        "mcount" : {
          "mcount" : { "OK" : 1 }
        }
      },
      "source_log" : {
        "delta" : [0, 0, 0]
      },
      "loggers" : {
        "brief_logger" : {
          "records" : [1, 1],
          "out" : [56, 56]
        },
        "benchmark_logger" : {
          "records" : [0, 0],
          "out" : [0, 0]
        }
      }
    }
  }
},
"2015-01-05 03:08:17.860 +0000" : {
  "main_scheduler" : {
    "bqs" : {
      "03792" : {
        "mmconts" : [3, 3, 3],
        "acts" : [3, 2],
        "tstate" : { "idle" : 987490, "run" : 13467, "locked" : 0, "mmap" : 0 }
      },
      "03793" : {
        "mmconts" : [19, 19, 20],
        "acts" : [5, 4],
        "tstate" : { "idle" : 991329, "run" : 9531, "locked" : 0, "mmap" : 95 }
      }
    }
  },
  "benchmark_io" : {
    "simple_times" : {
      "mcount" : {
        "mcount" : { "1 -- 1" : 1 }
      }
    },
    "stream_method" : {
      "conns" : [1, 0],
      "in" : [167, 166],
      "out" : [112, 111],
      "mmtasks" : [0, 0, 1],
      "load" : 0.402,
      "mcount" : {
        "mcount" : { "Success" : 1 }
      },
      "http_proto0" : {
        "mcount" : {
          "mcount" : { "OK" : 1 }
        }
      },
      "source_log" : {
        "delta" : [0, 0, 0]
      },
      "loggers" : {
        "brief_logger" : {
          "records" : [1, 0],
          "out" : [57, 56]
        },
        "benchmark_logger" : {
          "records" : [0, 0],
          "out" : [0, 0]
        }
      }
    }
  }
},
"2015-01-05 03:08:18.859 +0000" : {
  "main_scheduler" : {
    "bqs" : {
      "03792" : {
        "mmconts" : [3, 3, 3],
        "acts" : [3, 3],
        "tstate" : { "idle" : 988497, "run" : 10328, "locked" : 0, "mmap" : 0 }
      },
      "03793" : {
        "mmconts" : [18, 18, 19],
        "acts" : [5, 5],
        "tstate" : { "idle" : 988718, "run" : 10029, "locked" : 0, "mmap" : 81 }
      }
    }
  },
  "benchmark_io" : {
    "simple_times" : {
      "mcount" : {
        "mcount" : { "1 -- 1" : 1 }
      }
    },
    "stream_method" : {
      "conns" : [1, 1],
      "in" : [167, 167],
      "out" : [51, 51],
      "mmtasks" : [0, 0, 1],
      "load" : 0.419,
      "mcount" : {
        "mcount" : { "Success" : 1 }
      },
      "http_proto0" : {
        "mcount" : {
          "mcount" : { "OK" : 1 }
        }
      },
      "source_log" : {
        "delta" : [0, 0, 0]
      },
      "loggers" : {
        "brief_logger" : {
          "records" : [1, 1],
          "out" : [56, 56]
        },
        "benchmark_logger" : {
          "records" : [0, 0],
          "out" : [0, 0]
        }
      }
    }
  }
},
"2015-01-05 03:08:19.869 +0000" : {
  "main_scheduler" : {
    "bqs" : {
      "03792" : {
        "mmconts" : [3, 3, 3],
        "acts" : [3, 2],
        "tstate" : { "idle" : 999633, "run" : 10456, "locked" : 0, "mmap" : 0 }
      },
      "03793" : {
        "mmconts" : [17, 17, 18],
        "acts" : [5, 4],
        "tstate" : { "idle" : 999812, "run" : 10261, "locked" : 0, "mmap" : 12 }
      }
    }
  },
  "benchmark_io" : {
    "simple_times" : {
      "mcount" : {
        "mcount" : { "1 -- 1" : 1 }
      }
    },
    "stream_method" : {
      "conns" : [1, 0],
      "in" : [167, 165],
      "out" : [112, 110],
      "mmtasks" : [0, 0, 1],
      "load" : 0.427,
      "mcount" : {
        "mcount" : { "Success" : 1 }
      },
      "http_proto0" : {
        "mcount" : {
          "mcount" : { "OK" : 1 }
        }
      },
      "source_log" : {
        "delta" : [0, 0, 0]
      },
      "loggers" : {
        "brief_logger" : {
          "records" : [1, 0],
          "out" : [57, 56]
        },
        "benchmark_logger" : {
          "records" : [0, 0],
          "out" : [0, 0]
        }
      }
    }
  }
},
"2015-01-05 03:08:20.860 +0000" : {
  "main_scheduler" : {
    "bqs" : {
      "03792" : {
        "mmconts" : [3, 3, 3],
        "acts" : [3, 3],
        "tstate" : { "idle" : 978945, "run" : 11976, "locked" : 0, "mmap" : 0 }
      },
      "03793" : {
        "mmconts" : [16, 16, 17],
        "acts" : [5, 5],
        "tstate" : { "idle" : 980282, "run" : 10558, "locked" : 0, "mmap" : 81 }
      }
    }
  },
  "benchmark_io" : {
    "simple_times" : {
      "mcount" : {
        "mcount" : { "1 -- 1" : 1 }
      }
    },
    "stream_method" : {
      "conns" : [1, 1],
      "in" : [167, 168],
      "out" : [51, 51],
      "mmtasks" : [0, 0, 1],
      "load" : 0.375,
      "mcount" : {
        "mcount" : { "Success" : 1 }
      },
      "http_proto0" : {
        "mcount" : {
          "mcount" : { "OK" : 1 }
        }
      },
      "source_log" : {
        "delta" : [0, 0, 0]
      },
      "loggers" : {
        "brief_logger" : {
          "records" : [1, 1],
          "out" : [56, 56]
        },
        "benchmark_logger" : {
          "records" : [0, 0],
          "out" : [0, 0]
        }
      }
    }
  }
},
"2015-01-05 03:08:21.860 +0000" : {
  "main_scheduler" : {
    "bqs" : {
      "03792" : {
        "mmconts" : [3, 3, 3],
        "acts" : [1, 0],
        "tstate" : { "idle" : 992239, "run" : 7799, "locked" : 0, "mmap" : 0 }
      },
      "03793" : {
        "mmconts" : [15, 15, 16],
        "acts" : [4, 3],
        "tstate" : { "idle" : 992183, "run" : 7849, "locked" : 0, "mmap" : 16 }
      }
    }
  },
  "benchmark_io" : {
    "simple_times" : {
      "mcount" : {
        "mcount" : { "1 -- 1" : 1 }
      }
    },
    "stream_method" : {
      "conns" : [1, 0],
      "in" : [167, 166],
      "out" : [112, 111],
      "mmtasks" : [0, 0, 1],
      "load" : 0.449,
      "mcount" : {
        "mcount" : { "Success" : 1 }
      },
      "http_proto0" : {
        "mcount" : {
          "mcount" : { "OK" : 1 }
        }
      },
      "source_log" : {
        "delta" : [0, 0, 0]
      },
      "loggers" : {
        "brief_logger" : {
          "records" : [1, 0],
          "out" : [57, 56]
        },
        "benchmark_logger" : {
          "records" : [0, 0],
          "out" : [0, 0]
        }
      }
    }
  }
},
"2015-01-05 03:08:22.860 +0000" : {
  "main_scheduler" : {
    "bqs" : {
      "03792" : {
        "mmconts" : [3, 3, 3],
        "acts" : [2, 2],
        "tstate" : { "idle" : 989510, "run" : 10221, "locked" : 0, "mmap" : 0 }
      },
      "03793" : {
        "mmconts" : [14, 14, 15],
        "acts" : [5, 5],
        "tstate" : { "idle" : 989038, "run" : 10569, "locked" : 0, "mmap" : 113 }
      }
    }
  },
  "benchmark_io" : {
    "simple_times" : {
      "mcount" : {
        "mcount" : { "1 -- 1" : 1 }
      }
    },
    "stream_method" : {
      "conns" : [1, 1],
      "in" : [167, 167],
      "out" : [51, 51],
      "mmtasks" : [0, 0, 1],
      "load" : 0.428,
      "mcount" : {
        "mcount" : { "Success" : 1 }
      },
      "http_proto0" : {
        "mcount" : {
          "mcount" : { "OK" : 1 }
        }
      },
      "source_log" : {
        "delta" : [0, 0, 0]
      },
      "loggers" : {
        "brief_logger" : {
          "records" : [1, 1],
          "out" : [56, 56]
        },
        "benchmark_logger" : {
          "records" : [0, 0],
          "out" : [0, 0]
        }
      }
    }
  }
},
"2015-01-05 03:08:23.860 +0000" : {
  "main_scheduler" : {
    "bqs" : {
      "03792" : {
        "mmconts" : [3, 3, 3],
        "acts" : [3, 3],
        "tstate" : { "idle" : 990277, "run" : 9637, "locked" : 0, "mmap" : 0 }
      },
      "03793" : {
        "mmconts" : [13, 13, 14],
        "acts" : [5, 5],
        "tstate" : { "idle" : 989770, "run" : 10032, "locked" : 0, "mmap" : 114 }
      }
    }
  },
  "benchmark_io" : {
    "simple_times" : {
      "mcount" : {
        "mcount" : { "1 -- 1" : 1 }
      }
    },
    "stream_method" : {
      "conns" : [1, 1],
      "in" : [167, 167],
      "out" : [112, 112],
      "mmtasks" : [0, 0, 1],
      "load" : 0.437,
      "mcount" : {
        "mcount" : { "Success" : 1 }
      },
      "http_proto0" : {
        "mcount" : {
          "mcount" : { "OK" : 1 }
        }
      },
      "source_log" : {
        "delta" : [0, 0, 0]
      },
      "loggers" : {
        "brief_logger" : {
          "records" : [1, 1],
          "out" : [57, 57]
        },
        "benchmark_logger" : {
          "records" : [0, 0],
          "out" : [0, 0]
        }
      }
    }
  }
},
"2015-01-05 03:08:24.860 +0000" : {
  "main_scheduler" : {
    "bqs" : {
      "03792" : {
        "mmconts" : [3, 3, 3],
        "acts" : [3, 2],
        "tstate" : { "idle" : 989620, "run" : 10718, "locked" : 0, "mmap" : 0 }
      },
      "03793" : {
        "mmconts" : [12, 12, 13],
        "acts" : [5, 4],
        "tstate" : { "idle" : 989869, "run" : 10457, "locked" : 0, "mmap" : 22 }
      }
    }
  },
  "benchmark_io" : {
    "simple_times" : {
      "mcount" : {
        "mcount" : { "4 -- 6" : 1 }
      }
    },
    "stream_method" : {
      "conns" : [1, 0],
      "in" : [167, 166],
      "out" : [51, 50],
      "mmtasks" : [0, 0, 1],
      "load" : 0.182,
      "mcount" : {
        "mcount" : { "Success" : 1 }
      },
      "http_proto0" : {
        "mcount" : {
          "mcount" : { "OK" : 1 }
        }
      },
      "source_log" : {
        "delta" : [0, 0, 0]
      },
      "loggers" : {
        "brief_logger" : {
          "records" : [1, 0],
          "out" : [58, 57]
        },
        "benchmark_logger" : {
          "records" : [0, 0],
          "out" : [0, 0]
        }
      }
    }
  }
},
"2015-01-05 03:08:25.860 +0000" : {
  "main_scheduler" : {
    "bqs" : {
      "03792" : {
        "mmconts" : [3, 3, 3],
        "acts" : [3, 3],
        "tstate" : { "idle" : 989079, "run" : 10553, "locked" : 0, "mmap" : 0 }
      },
      "03793" : {
        "mmconts" : [11, 11, 12],
        "acts" : [5, 5],
        "tstate" : { "idle" : 988629, "run" : 10983, "locked" : 0, "mmap" : 17 }
      }
    }
  },
  "benchmark_io" : {
    "simple_times" : {
      "mcount" : {
        "mcount" : { "1 -- 1" : 1 }
      }
    },
    "stream_method" : {
      "conns" : [1, 1],
      "in" : [167, 167],
      "out" : [112, 112],
      "mmtasks" : [0, 0, 1],
      "load" : 0.511,
      "mcount" : {
        "mcount" : { "Success" : 1 }
      },
      "http_proto0" : {
        "mcount" : {
          "mcount" : { "OK" : 1 }
        }
      },
      "source_log" : {
        "delta" : [0, 0, 0]
      },
      "loggers" : {
        "brief_logger" : {
          "records" : [1, 1],
          "out" : [57, 57]
        },
        "benchmark_logger" : {
          "records" : [0, 0],
          "out" : [0, 0]
        }
      }
    }
  }
},
"2015-01-05 03:08:25.888 +0000" : {
  "main_scheduler" : {
    "bqs" : {
      "03792" : {
        "mmconts" : [3, 3, 3],
        "acts" : [3, 106],
        "tstate" : { "idle" : 20349, "run" : 7904, "locked" : 0, "mmap" : 0 }
      },
      "03793" : {
        "mmconts" : [11, 11, 11],
        "acts" : [1, 35],
        "tstate" : { "idle" : 25514, "run" : 2734, "locked" : 0, "mmap" : 0 }
      }
    }
  },
  "benchmark_io" : {
    "simple_times" : {
      "mcount" : {
        "mcount" : { }
      }
    },
    "stream_method" : {
      "conns" : [0, 0],
      "in" : [0, 0],
      "out" : [0, 0],
      "mmtasks" : [0, 0, 0],
      "load" : 0.000,
      "mcount" : {
        "mcount" : { }
      },
      "http_proto0" : {
        "mcount" : {
          "mcount" : { }
        }
      },
      "source_log" : {
        "delta" : [0, 0, 0]
      },
      "loggers" : {
        "brief_logger" : {
          "records" : [0, 0],
          "out" : [0, 0]
        },
        "benchmark_logger" : {
          "records" : [0, 0],
          "out" : [0, 0]
        }
      }
    }
  }
}