2015-01-05 03:04:49.705 +0000 [info] [] Start
2015-01-05 03:04:49.725 +0000 [error] [benchmark_io 119] format error
2015-01-05 03:04:51.817 +0000 [error] [benchmark_io 001] 400 Not a HTTP reply (#3)
2015-01-05 03:04:51.817 +0000 [error] [benchmark_io 001] Not a HTTP reply (#3)
2015-01-05 03:04:52.713 +0000 [error] [benchmark_io 000] 400 Not a HTTP reply (#3)
2015-01-05 03:04:52.714 +0000 [error] [benchmark_io 000] Not a HTTP reply (#3)
2015-01-05 03:04:53.709 +0000 [error] [benchmark_io 003] 400 Not a HTTP reply (#3)
2015-01-05 03:04:53.709 +0000 [error] [benchmark_io 003] Not a HTTP reply (#3)
2015-01-05 03:04:54.710 +0000 [error] [benchmark_io 005] 400 Not a HTTP reply (#3)
2015-01-05 03:04:54.710 +0000 [error] [benchmark_io 005] Not a HTTP reply (#3)
2015-01-05 03:04:55.709 +0000 [error] [benchmark_io 007] 400 Not a HTTP reply (#3)
2015-01-05 03:04:55.710 +0000 [error] [benchmark_io 007] Not a HTTP reply (#3)
2015-01-05 03:04:56.083 +0000 [error] [benchmark_io stream_method benchmark_logger] bq_sleep: Operation canceled
2015-01-05 03:04:56.083 +0000 [error] [monitor_io] bq_sleep: Operation canceled
2015-01-05 03:04:56.083 +0000 [error] [benchmark_io 009] poll: Operation canceled
2015-01-05 03:04:56.084 +0000 [error] [benchmark_io 011] poll: Operation canceled
2015-01-05 03:04:56.086 +0000 [error] [phantom_logger] bq_sleep: Operation canceled
2015-01-05 03:04:56.086 +0000 [error] [monitor_io] bq_sleep: Operation canceled
2015-01-05 03:04:56.086 +0000 [error] [benchmark_io stream_method brief_logger] bq_sleep: Operation canceled
2015-01-05 03:04:56.087 +0000 [info] [] Exit
