"2015-01-05 03:02:00.792 +0000" : {
  "main_scheduler" : {
    "bqs" : {
      "02865" : {
        "mmconts" : [0, 33, 55],
        "acts" : [508, 436],
        "tstate" : { "idle" : 1042082, "run" : 84507, "locked" : 38334, "mmap" : 93 }
      },
      "02866" : {
        "mmconts" : [0, 31, 33],
        "acts" : [7, 6],
        "tstate" : { "idle" : 992464, "run" : 110920, "locked" : 27169, "mmap" : 34312 }
      }
    }
  },
  "benchmark_io" : {
    "simple_times" : {
      "mcount" : {
        "mcount" : { "4 -- 6" : 1, "2 -- 4" : 1 }
      }
    },
    "stream_method" : {
      "conns" : [2, 1],
      "in" : [264, 226],
      "out" : [163, 139],
      "mmtasks" : [0, 0, 1],
      "load" : 0.707,
      "mcount" : {
        "mcount" : { "Protocol error" : 2 }
      },
      "http_proto0" : {
        "mcount" : {
          "mcount" : { }
        }
      },
      "source_log" : {
        "delta" : [0, 0, 1595]
      },
      "loggers" : {
        "brief_logger" : {
          "records" : [2, 1],
          "out" : [116, 99]
        },
        "benchmark_logger" : {
          "records" : [2, 1],
          "out" : [471, 402]
        }
      }
    }
  }
},
"2015-01-05 03:02:01.793 +0000" : {
  "main_scheduler" : {
    "bqs" : {
      "02865" : {
        "mmconts" : [32, 32, 33],
        "acts" : [6, 5],
        "tstate" : { "idle" : 987947, "run" : 13050, "locked" : 0, "mmap" : 0 }
      },
      "02866" : {
        "mmconts" : [31, 31, 31],
        "acts" : [2, 1],
        "tstate" : { "idle" : 990122, "run" : 10858, "locked" : 0, "mmap" : 0 }
      }
    }
  },
  "benchmark_io" : {
    "simple_times" : {
      "mcount" : {
        "mcount" : { "2 -- 4" : 1 }
      }
    },
    "stream_method" : {
      "conns" : [1, 0],
      "in" : [132, 131],
      "out" : [51, 50],
      "mmtasks" : [0, 0, 1],
      "load" : 0.417,
      "mcount" : {
        "mcount" : { "Protocol error" : 1 }
      },
      "http_proto0" : {
        "mcount" : {
          "mcount" : { }
        }
      },
      "source_log" : {
        "delta" : [0, 0, 0]
      },
      "loggers" : {
        "brief_logger" : {
          "records" : [1, 0],
          "out" : [57, 56]
        },
        "benchmark_logger" : {
          "records" : [1, 0],
          "out" : [205, 204]
        }
      }
    }
  }
},
"2015-01-05 03:02:02.793 +0000" : {
  "main_scheduler" : {
    "bqs" : {
      "02865" : {
        "mmconts" : [32, 32, 32],
        "acts" : [3, 2],
        "tstate" : { "idle" : 990583, "run" : 9713, "locked" : 0, "mmap" : 0 }
      },
      "02866" : {
        "mmconts" : [30, 30, 31],
        "acts" : [5, 4],
        "tstate" : { "idle" : 989939, "run" : 10362, "locked" : 0, "mmap" : 0 }
      }
    }
  },
  "benchmark_io" : {
    "simple_times" : {
      "mcount" : {
        "mcount" : { "1 -- 2" : 1 }
      }
    },
    "stream_method" : {
      "conns" : [1, 0],
      "in" : [132, 131],
      "out" : [112, 111],
      "mmtasks" : [0, 0, 1],
      "load" : 0.589,
      "mcount" : {
        "mcount" : { "Protocol error" : 1 }
      },
      "http_proto0" : {
        "mcount" : {
          "mcount" : { }
        }
      },
      "source_log" : {
        "delta" : [0, 0, 0]
      },
      "loggers" : {
        "brief_logger" : {
          "records" : [1, 0],
          "out" : [56, 55]
        },
        "benchmark_logger" : {
          "records" : [1, 0],
          "out" : [266, 265]
        }
      }
    }
  }
},
"2015-01-05 03:02:03.807 +0000" : {
  "main_scheduler" : {
    "bqs" : {
      "02865" : {
        "mmconts" : [32, 32, 32],
        "acts" : [3, 2],
        "tstate" : { "idle" : 1005887, "run" : 7763, "locked" : 0, "mmap" : 0 }
      },
      "02866" : {
        "mmconts" : [30, 30, 30],
        "acts" : [3, 2],
        "tstate" : { "idle" : 1002495, "run" : 11149, "locked" : 0, "mmap" : 0 }
      }
    }
  },
  "benchmark_io" : {
    "simple_times" : {
      "mcount" : {
        "mcount" : { }
      }
    },
    "stream_method" : {
      "conns" : [0, 0],
      "in" : [0, 0],
      "out" : [0, 0],
      "mmtasks" : [0, 0, 1],
      "load" : 0.000,
      "mcount" : {
        "mcount" : { }
      },
      "http_proto0" : {
        "mcount" : {
          "mcount" : { }
        }
      },
      "source_log" : {
        "delta" : [0, 0, 0]
      },
      "loggers" : {
        "brief_logger" : {
          "records" : [0, 0],
          "out" : [0, 0]
        },
        "benchmark_logger" : {
          "records" : [0, 0],
          "out" : [0, 0]
        }
      }
    }
  }
},
"2015-01-05 03:02:04.793 +0000" : {
  "main_scheduler" : {
    "bqs" : {
      "02865" : {
        "mmconts" : [32, 32, 32],
        "acts" : [0, 0],
        "tstate" : { "idle" : 979572, "run" : 6405, "locked" : 0, "mmap" : 0 }
      },
      "02866" : {
        "mmconts" : [28, 28, 30],
        "acts" : [6, 6],
        "tstate" : { "idle" : 978543, "run" : 7435, "locked" : 0, "mmap" : 0 }
      }
    }
  },
  "benchmark_io" : {
    "simple_times" : {
      "mcount" : {
        "mcount" : { "6 -- 10" : 1, "1 -- 1" : 1 }
      }
    },
    "stream_method" : {
      "conns" : [2, 2],
      "in" : [264, 267],
      "out" : [163, 165],
      "mmtasks" : [0, 0, 1],
      "load" : 0.708,
      "mcount" : {
        "mcount" : { "Protocol error" : 2 }
      },
      "http_proto0" : {
        "mcount" : {
          "mcount" : { }
        }
      },
      "source_log" : {
        "delta" : [0, 0, 0]
      },
      "loggers" : {
        "brief_logger" : {
          "records" : [2, 2],
          "out" : [115, 116]
        },
        "benchmark_logger" : {
          "records" : [2, 2],
          "out" : [472, 478]
        }
      }
    }
  }
},
"2015-01-05 03:02:05.793 +0000" : {
  "main_scheduler" : {
    "bqs" : {
      "02865" : {
        "mmconts" : [32, 32, 32],
        "acts" : [3, 2],
        "tstate" : { "idle" : 991861, "run" : 8154, "locked" : 0, "mmap" : 0 }
      },
      "02866" : {
        "mmconts" : [27, 27, 28],
        "acts" : [5, 4],
        "tstate" : { "idle" : 992343, "run" : 7676, "locked" : 0, "mmap" : 0 }
      }
    }
  },
  "benchmark_io" : {
    "simple_times" : {
      "mcount" : {
        "mcount" : { "1 -- 1" : 1 }
      }
    },
    "stream_method" : {
      "conns" : [1, 0],
      "in" : [132, 131],
      "out" : [51, 50],
      "mmtasks" : [0, 0, 1],
      "load" : 0.310,
      "mcount" : {
        "mcount" : { "Protocol error" : 1 }
      },
      "http_proto0" : {
        "mcount" : {
          "mcount" : { }
        }
      },
      "source_log" : {
        "delta" : [0, 0, 0]
      },
      "loggers" : {
        "brief_logger" : {
          "records" : [1, 0],
          "out" : [55, 54]
        },
        "benchmark_logger" : {
          "records" : [1, 0],
          "out" : [204, 203]
        }
      }
    }
  }
},
"2015-01-05 03:02:06.510 +0000" : {
  "main_scheduler" : {
    "bqs" : {
      "02865" : {
        "mmconts" : [32, 32, 32],
        "acts" : [3, 4],
        "tstate" : { "idle" : 709566, "run" : 7907, "locked" : 0, "mmap" : 0 }
      },
      "02866" : {
        "mmconts" : [27, 27, 27],
        "acts" : [1, 1],
        "tstate" : { "idle" : 711505, "run" : 5965, "locked" : 0, "mmap" : 0 }
      }
    }
  },
  "benchmark_io" : {
    "simple_times" : {
      "mcount" : {
        "mcount" : { }
      }
    },
    "stream_method" : {
      "conns" : [0, 0],
      "in" : [0, 0],
      "out" : [0, 0],
      "mmtasks" : [0, 0, 0],
      "load" : 0.000,
      "mcount" : {
        "mcount" : { }
      },
      "http_proto0" : {
        "mcount" : {
          "mcount" : { }
        }
      },
      "source_log" : {
        "delta" : [0, 0, 0]
      },
      "loggers" : {
        "brief_logger" : {
          "records" : [0, 0],
          "out" : [0, 0]
        },
        "benchmark_logger" : {
          "records" : [0, 0],
          "out" : [0, 0]
        }
      }
    }
  }
}