2015-01-05 03:01:59.627 +0000 [info] [] Start
2015-01-05 03:01:59.632 +0000 [error] [benchmark_io 000] 400 Not a HTTP reply (#3)
2015-01-05 03:01:59.634 +0000 [error] [benchmark_io 000] Not a HTTP reply (#3)
2015-01-05 03:01:59.641 +0000 [error] [benchmark_io 059] format error
2015-01-05 03:02:00.632 +0000 [error] [benchmark_io 001] 400 Not a HTTP reply (#3)
2015-01-05 03:02:00.633 +0000 [error] [benchmark_io 001] Not a HTTP reply (#3)
2015-01-05 03:02:01.631 +0000 [error] [benchmark_io 002] 400 Not a HTTP reply (#3)
2015-01-05 03:02:01.631 +0000 [error] [benchmark_io 002] Not a HTTP reply (#3)
2015-01-05 03:02:02.630 +0000 [error] [benchmark_io 003] 400 Not a HTTP reply (#3)
2015-01-05 03:02:02.631 +0000 [error] [benchmark_io 003] Not a HTTP reply (#3)
2015-01-05 03:02:03.808 +0000 [error] [benchmark_io 005] 400 Not a HTTP reply (#3)
2015-01-05 03:02:03.808 +0000 [error] [benchmark_io 005] Not a HTTP reply (#3)
2015-01-05 03:02:04.631 +0000 [error] [benchmark_io 007] 400 Not a HTTP reply (#3)
2015-01-05 03:02:04.631 +0000 [error] [benchmark_io 007] Not a HTTP reply (#3)
2015-01-05 03:02:05.631 +0000 [error] [benchmark_io 009] 400 Not a HTTP reply (#3)
2015-01-05 03:02:05.631 +0000 [error] [benchmark_io 009] Not a HTTP reply (#3)
2015-01-05 03:02:06.511 +0000 [error] [monitor_io] bq_sleep: Operation canceled
2015-01-05 03:02:06.511 +0000 [error] [benchmark_io stream_method benchmark_logger] bq_sleep: Operation canceled
2015-01-05 03:02:06.512 +0000 [error] [benchmark_io] cond-wait: Operation canceled
2015-01-05 03:02:06.512 +0000 [error] [phantom_logger] bq_sleep: Operation canceled
2015-01-05 03:02:06.512 +0000 [error] [monitor_io] bq_sleep: Operation canceled
2015-01-05 03:02:06.512 +0000 [error] [benchmark_io stream_method brief_logger] bq_sleep: Operation canceled
2015-01-05 03:02:06.514 +0000 [info] [] Exit
