"2015-01-05 03:04:50.816 +0000" : {
  "main_scheduler" : {
    "bqs" : {
      "03296" : {
        "mmconts" : [0, 4, 76],
        "acts" : [508, 457],
        "tstate" : { "idle" : 1024715, "run" : 52749, "locked" : 32411, "mmap" : 499 }
      },
      "03297" : {
        "mmconts" : [0, 61, 63],
        "acts" : [5, 4],
        "tstate" : { "idle" : 993962, "run" : 78026, "locked" : 24097, "mmap" : 14103 }
      }
    }
  },
  "benchmark_io" : {
    "simple_times" : {
      "mcount" : {
        "mcount" : { }
      }
    },
    "stream_method" : {
      "conns" : [2, 1],
      "in" : [0, 0],
      "out" : [163, 146],
      "mmtasks" : [0, 1, 2],
      "load" : 0.000,
      "mcount" : {
        "mcount" : { }
      },
      "http_proto0" : {
        "mcount" : {
          "mcount" : { }
        }
      },
      "source_log" : {
        "delta" : [0, 0, 1746]
      },
      "loggers" : {
        "brief_logger" : {
          "records" : [0, 0],
          "out" : [0, 0]
        },
        "benchmark_logger" : {
          "records" : [0, 0],
          "out" : [0, 0]
        }
      }
    }
  }
},
"2015-01-05 03:04:51.816 +0000" : {
  "main_scheduler" : {
    "bqs" : {
      "03296" : {
        "mmconts" : [4, 4, 4],
        "acts" : [3, 2],
        "tstate" : { "idle" : 992721, "run" : 7731, "locked" : 0, "mmap" : 0 }
      },
      "03297" : {
        "mmconts" : [62, 62, 62],
        "acts" : [4, 3],
        "tstate" : { "idle" : 991183, "run" : 9276, "locked" : 0, "mmap" : 0 }
      }
    }
  },
  "benchmark_io" : {
    "simple_times" : {
      "mcount" : {
        "mcount" : { }
      }
    },
    "stream_method" : {
      "conns" : [1, 0],
      "in" : [0, 0],
      "out" : [51, 50],
      "mmtasks" : [2, 2, 3],
      "load" : 0.000,
      "mcount" : {
        "mcount" : { }
      },
      "http_proto0" : {
        "mcount" : {
          "mcount" : { }
        }
      },
      "source_log" : {
        "delta" : [0, 0, 0]
      },
      "loggers" : {
        "brief_logger" : {
          "records" : [0, 0],
          "out" : [0, 0]
        },
        "benchmark_logger" : {
          "records" : [0, 0],
          "out" : [0, 0]
        }
      }
    }
  }
},
"2015-01-05 03:04:52.816 +0000" : {
  "main_scheduler" : {
    "bqs" : {
      "03296" : {
        "mmconts" : [3, 3, 4],
        "acts" : [4, 3],
        "tstate" : { "idle" : 988391, "run" : 11623, "locked" : 0, "mmap" : 107 }
      },
      "03297" : {
        "mmconts" : [61, 61, 62],
        "acts" : [5, 4],
        "tstate" : { "idle" : 988677, "run" : 11421, "locked" : 0, "mmap" : 26 }
      }
    }
  },
  "benchmark_io" : {
    "simple_times" : {
      "mcount" : {
        "mcount" : { "1710 -- 2723" : 2 }
      }
    },
    "stream_method" : {
      "conns" : [1, 1],
      "in" : [264, 264],
      "out" : [112, 112],
      "mmtasks" : [2, 2, 3],
      "load" : 0.000,
      "mcount" : {
        "mcount" : { "Protocol error" : 2 }
      },
      "http_proto0" : {
        "mcount" : {
          "mcount" : { }
        }
      },
      "source_log" : {
        "delta" : [0, 0, 0]
      },
      "loggers" : {
        "brief_logger" : {
          "records" : [2, 2],
          "out" : [138, 138]
        },
        "benchmark_logger" : {
          "records" : [2, 2],
          "out" : [484, 484]
        }
      }
    }
  }
},
"2015-01-05 03:04:53.816 +0000" : {
  "main_scheduler" : {
    "bqs" : {
      "03296" : {
        "mmconts" : [3, 3, 3],
        "acts" : [3, 2],
        "tstate" : { "idle" : 990888, "run" : 9345, "locked" : 0, "mmap" : 0 }
      },
      "03297" : {
        "mmconts" : [60, 60, 61],
        "acts" : [5, 4],
        "tstate" : { "idle" : 991842, "run" : 8358, "locked" : 0, "mmap" : 17 }
      }
    }
  },
  "benchmark_io" : {
    "simple_times" : {
      "mcount" : {
        "mcount" : { "1710 -- 2723" : 1 }
      }
    },
    "stream_method" : {
      "conns" : [1, 0],
      "in" : [132, 131],
      "out" : [51, 50],
      "mmtasks" : [2, 2, 3],
      "load" : 0.000,
      "mcount" : {
        "mcount" : { "Protocol error" : 1 }
      },
      "http_proto0" : {
        "mcount" : {
          "mcount" : { }
        }
      },
      "source_log" : {
        "delta" : [0, 0, 0]
      },
      "loggers" : {
        "brief_logger" : {
          "records" : [1, 0],
          "out" : [66, 65]
        },
        "benchmark_logger" : {
          "records" : [1, 0],
          "out" : [211, 210]
        }
      }
    }
  }
},
"2015-01-05 03:04:54.816 +0000" : {
  "main_scheduler" : {
    "bqs" : {
      "03296" : {
        "mmconts" : [3, 3, 3],
        "acts" : [3, 3],
        "tstate" : { "idle" : 990824, "run" : 9110, "locked" : 0, "mmap" : 0 }
      },
      "03297" : {
        "mmconts" : [59, 59, 60],
        "acts" : [5, 5],
        "tstate" : { "idle" : 990247, "run" : 9670, "locked" : 0, "mmap" : 17 }
      }
    }
  },
  "benchmark_io" : {
    "simple_times" : {
      "mcount" : {
        "mcount" : { "1710 -- 2723" : 1 }
      }
    },
    "stream_method" : {
      "conns" : [1, 1],
      "in" : [132, 132],
      "out" : [112, 112],
      "mmtasks" : [2, 2, 3],
      "load" : 0.000,
      "mcount" : {
        "mcount" : { "Protocol error" : 1 }
      },
      "http_proto0" : {
        "mcount" : {
          "mcount" : { }
        }
      },
      "source_log" : {
        "delta" : [0, 0, 0]
      },
      "loggers" : {
        "brief_logger" : {
          "records" : [1, 1],
          "out" : [67, 67]
        },
        "benchmark_logger" : {
          "records" : [1, 1],
          "out" : [273, 273]
        }
      }
    }
  }
},
"2015-01-05 03:04:55.817 +0000" : {
  "main_scheduler" : {
    "bqs" : {
      "03296" : {
        "mmconts" : [3, 3, 3],
        "acts" : [3, 2],
        "tstate" : { "idle" : 990410, "run" : 9754, "locked" : 0, "mmap" : 0 }
      },
      "03297" : {
        "mmconts" : [58, 58, 59],
        "acts" : [5, 4],
        "tstate" : { "idle" : 990346, "run" : 9797, "locked" : 0, "mmap" : 18 }
      }
    }
  },
  "benchmark_io" : {
    "simple_times" : {
      "mcount" : {
        "mcount" : { "1710 -- 2723" : 1 }
      }
    },
    "stream_method" : {
      "conns" : [1, 0],
      "in" : [132, 131],
      "out" : [51, 50],
      "mmtasks" : [2, 2, 3],
      "load" : 0.000,
      "mcount" : {
        "mcount" : { "Protocol error" : 1 }
      },
      "http_proto0" : {
        "mcount" : {
          "mcount" : { }
        }
      },
      "source_log" : {
        "delta" : [0, 0, 0]
      },
      "loggers" : {
        "brief_logger" : {
          "records" : [1, 0],
          "out" : [66, 65]
        },
        "benchmark_logger" : {
          "records" : [1, 0],
          "out" : [211, 210]
        }
      }
    }
  }
},
"2015-01-05 03:04:56.082 +0000" : {
  "main_scheduler" : {
    "bqs" : {
      "03296" : {
        "mmconts" : [3, 3, 3],
        "acts" : [0, 0],
        "tstate" : { "idle" : 263132, "run" : 1857, "locked" : 0, "mmap" : 0 }
      },
      "03297" : {
        "mmconts" : [58, 58, 58],
        "acts" : [0, 0],
        "tstate" : { "idle" : 263009, "run" : 1983, "locked" : 0, "mmap" : 0 }
      }
    }
  },
  "benchmark_io" : {
    "simple_times" : {
      "mcount" : {
        "mcount" : { }
      }
    },
    "stream_method" : {
      "conns" : [0, 0],
      "in" : [0, 0],
      "out" : [0, 0],
      "mmtasks" : [2, 2, 2],
      "load" : 0.000,
      "mcount" : {
        "mcount" : { }
      },
      "http_proto0" : {
        "mcount" : {
          "mcount" : { }
        }
      },
      "source_log" : {
        "delta" : [0, 0, 0]
      },
      "loggers" : {
        "brief_logger" : {
          "records" : [0, 0],
          "out" : [0, 0]
        },
        "benchmark_logger" : {
          "records" : [0, 0],
          "out" : [0, 0]
        }
      }
    }
  }
}