"2015-01-05 03:06:11.033 +0000" : {
  "main_scheduler" : {
    "bqs" : {
      "03492" : {
        "mmconts" : [0, 33, 87],
        "acts" : [507, 462],
        "tstate" : { "idle" : 1024058, "run" : 36231, "locked" : 35552, "mmap" : 129 }
      },
      "03493" : {
        "mmconts" : [0, 32, 34],
        "acts" : [6, 5],
        "tstate" : { "idle" : 994242, "run" : 70988, "locked" : 25725, "mmap" : 4807 }
      }
    }
  },
  "benchmark_io" : {
    "simple_times" : {
      "mcount" : {
        "mcount" : { }
      }
    },
    "stream_method" : {
      "conns" : [2, 1],
      "in" : [0, 0],
      "out" : [163, 148],
      "mmtasks" : [0, 1, 2],
      "load" : 0.000,
      "mcount" : {
        "mcount" : { }
      },
      "http_proto0" : {
        "mcount" : {
          "mcount" : { }
        }
      },
      "source_log" : {
        "delta" : [0, 0, 1862]
      },
      "loggers" : {
        "brief_logger" : {
          "records" : [0, 0],
          "out" : [0, 0]
        },
        "benchmark_logger" : {
          "records" : [0, 0],
          "out" : [0, 0]
        }
      }
    }
  }
},
"2015-01-05 03:06:12.033 +0000" : {
  "main_scheduler" : {
    "bqs" : {
      "03492" : {
        "mmconts" : [32, 32, 33],
        "acts" : [6, 6],
        "tstate" : { "idle" : 990726, "run" : 9123, "locked" : 0, "mmap" : 0 }
      },
      "03493" : {
        "mmconts" : [33, 33, 33],
        "acts" : [2, 2],
        "tstate" : { "idle" : 990728, "run" : 9117, "locked" : 0, "mmap" : 0 }
      }
    }
  },
  "benchmark_io" : {
    "simple_times" : {
      "mcount" : {
        "mcount" : { "1710 -- 2723" : 1 }
      }
    },
    "stream_method" : {
      "conns" : [1, 1],
      "in" : [157, 157],
      "out" : [51, 51],
      "mmtasks" : [2, 2, 3],
      "load" : 0.000,
      "mcount" : {
        "mcount" : { "Protocol error" : 1 }
      },
      "http_proto0" : {
        "mcount" : {
          "mcount" : { }
        }
      },
      "source_log" : {
        "delta" : [0, 0, 0]
      },
      "loggers" : {
        "brief_logger" : {
          "records" : [1, 1],
          "out" : [66, 66]
        },
        "benchmark_logger" : {
          "records" : [1, 1],
          "out" : [236, 236]
        }
      }
    }
  }
},
"2015-01-05 03:06:13.034 +0000" : {
  "main_scheduler" : {
    "bqs" : {
      "03492" : {
        "mmconts" : [32, 32, 32],
        "acts" : [3, 2],
        "tstate" : { "idle" : 990789, "run" : 9993, "locked" : 0, "mmap" : 0 }
      },
      "03493" : {
        "mmconts" : [32, 32, 33],
        "acts" : [5, 4],
        "tstate" : { "idle" : 989909, "run" : 10868, "locked" : 0, "mmap" : 0 }
      }
    }
  },
  "benchmark_io" : {
    "simple_times" : {
      "mcount" : {
        "mcount" : { "1710 -- 2723" : 1 }
      }
    },
    "stream_method" : {
      "conns" : [1, 0],
      "in" : [157, 156],
      "out" : [112, 111],
      "mmtasks" : [2, 2, 3],
      "load" : 0.000,
      "mcount" : {
        "mcount" : { "Protocol error" : 1 }
      },
      "http_proto0" : {
        "mcount" : {
          "mcount" : { }
        }
      },
      "source_log" : {
        "delta" : [0, 0, 0]
      },
      "loggers" : {
        "brief_logger" : {
          "records" : [1, 0],
          "out" : [67, 66]
        },
        "benchmark_logger" : {
          "records" : [1, 0],
          "out" : [298, 297]
        }
      }
    }
  }
},
"2015-01-05 03:06:14.034 +0000" : {
  "main_scheduler" : {
    "bqs" : {
      "03492" : {
        "mmconts" : [31, 31, 32],
        "acts" : [4, 4],
        "tstate" : { "idle" : 989964, "run" : 9649, "locked" : 0, "mmap" : 0 }
      },
      "03493" : {
        "mmconts" : [32, 32, 32],
        "acts" : [4, 4],
        "tstate" : { "idle" : 989379, "run" : 10235, "locked" : 0, "mmap" : 0 }
      }
    }
  },
  "benchmark_io" : {
    "simple_times" : {
      "mcount" : {
        "mcount" : { "1710 -- 2723" : 1 }
      }
    },
    "stream_method" : {
      "conns" : [1, 1],
      "in" : [157, 157],
      "out" : [51, 51],
      "mmtasks" : [2, 2, 3],
      "load" : 0.000,
      "mcount" : {
        "mcount" : { "Protocol error" : 1 }
      },
      "http_proto0" : {
        "mcount" : {
          "mcount" : { }
        }
      },
      "source_log" : {
        "delta" : [0, 0, 0]
      },
      "loggers" : {
        "brief_logger" : {
          "records" : [1, 1],
          "out" : [66, 66]
        },
        "benchmark_logger" : {
          "records" : [1, 1],
          "out" : [236, 236]
        }
      }
    }
  }
},
"2015-01-05 03:06:15.033 +0000" : {
  "main_scheduler" : {
    "bqs" : {
      "03492" : {
        "mmconts" : [31, 31, 31],
        "acts" : [5, 5],
        "tstate" : { "idle" : 989851, "run" : 9910, "locked" : 0, "mmap" : 0 }
      },
      "03493" : {
        "mmconts" : [31, 31, 32],
        "acts" : [3, 3],
        "tstate" : { "idle" : 989200, "run" : 10559, "locked" : 0, "mmap" : 0 }
      }
    }
  },
  "benchmark_io" : {
    "simple_times" : {
      "mcount" : {
        "mcount" : { "1710 -- 2723" : 1 }
      }
    },
    "stream_method" : {
      "conns" : [1, 1],
      "in" : [157, 157],
      "out" : [112, 112],
      "mmtasks" : [2, 2, 3],
      "load" : 0.000,
      "mcount" : {
        "mcount" : { "Protocol error" : 1 }
      },
      "http_proto0" : {
        "mcount" : {
          "mcount" : { }
        }
      },
      "source_log" : {
        "delta" : [0, 0, 0]
      },
      "loggers" : {
        "brief_logger" : {
          "records" : [1, 1],
          "out" : [67, 67]
        },
        "benchmark_logger" : {
          "records" : [1, 1],
          "out" : [298, 298]
        }
      }
    }
  }
},
"2015-01-05 03:06:16.033 +0000" : {
  "main_scheduler" : {
    "bqs" : {
      "03492" : {
        "mmconts" : [31, 31, 31],
        "acts" : [3, 3],
        "tstate" : { "idle" : 987615, "run" : 12250, "locked" : 0, "mmap" : 0 }
      },
      "03493" : {
        "mmconts" : [30, 30, 31],
        "acts" : [5, 5],
        "tstate" : { "idle" : 987814, "run" : 12052, "locked" : 0, "mmap" : 0 }
      }
    }
  },
  "benchmark_io" : {
    "simple_times" : {
      "mcount" : {
        "mcount" : { "1710 -- 2723" : 1 }
      }
    },
    "stream_method" : {
      "conns" : [1, 1],
      "in" : [157, 157],
      "out" : [51, 51],
      "mmtasks" : [2, 2, 3],
      "load" : 0.000,
      "mcount" : {
        "mcount" : { "Protocol error" : 1 }
      },
      "http_proto0" : {
        "mcount" : {
          "mcount" : { }
        }
      },
      "source_log" : {
        "delta" : [0, 0, 0]
      },
      "loggers" : {
        "brief_logger" : {
          "records" : [1, 1],
          "out" : [66, 66]
        },
        "benchmark_logger" : {
          "records" : [1, 1],
          "out" : [236, 236]
        }
      }
    }
  }
},
"2015-01-05 03:06:16.382 +0000" : {
  "main_scheduler" : {
    "bqs" : {
      "03492" : {
        "mmconts" : [31, 31, 31],
        "acts" : [0, 0],
        "tstate" : { "idle" : 347017, "run" : 2250, "locked" : 0, "mmap" : 0 }
      },
      "03493" : {
        "mmconts" : [30, 30, 30],
        "acts" : [0, 0],
        "tstate" : { "idle" : 346776, "run" : 2492, "locked" : 0, "mmap" : 0 }
      }
    }
  },
  "benchmark_io" : {
    "simple_times" : {
      "mcount" : {
        "mcount" : { }
      }
    },
    "stream_method" : {
      "conns" : [0, 0],
      "in" : [0, 0],
      "out" : [0, 0],
      "mmtasks" : [2, 2, 2],
      "load" : 0.000,
      "mcount" : {
        "mcount" : { }
      },
      "http_proto0" : {
        "mcount" : {
          "mcount" : { }
        }
      },
      "source_log" : {
        "delta" : [0, 0, 0]
      },
      "loggers" : {
        "brief_logger" : {
          "records" : [0, 0],
          "out" : [0, 0]
        },
        "benchmark_logger" : {
          "records" : [0, 0],
          "out" : [0, 0]
        }
      }
    }
  }
}